Log file open, 04/22/20 13:26:33
LogWindows: Failed to load 'aqProf.dll' (GetLastError=126)
LogWindows: File 'aqProf.dll' does not exist
LogWindows: Failed to load 'VtuneApi.dll' (GetLastError=126)
LogWindows: File 'VtuneApi.dll' does not exist
LogWindows: Failed to load 'VtuneApi32e.dll' (GetLastError=126)
LogWindows: File 'VtuneApi32e.dll' does not exist
LogConsoleResponse: Display: Failed to find resolution value strings in scalability ini. Falling back to default.
LogInit: Display: Running engine for game: InvadeTime
LogPlatformFile: Not using cached read wrapper
LogTaskGraph: Started task graph with 5 named threads and 23 total threads with 3 sets of task threads.
LogStats: Stats thread started at 0.106557
LogD3D11RHI: Loaded GFSDK_Aftermath_Lib.x64.dll
LogICUInternationalization: ICU TimeZone Detection - Raw Offset: -3:00, Platform Override: ''
LogPluginManager: Mounting plugin Paper2D
LogPluginManager: Mounting plugin AISupport
LogPluginManager: Mounting plugin LightPropagationVolume
LogPluginManager: Mounting plugin ActorLayerUtilities
LogPluginManager: Mounting plugin AnimationSharing
LogPluginManager: Mounting plugin CLionSourceCodeAccess
LogPluginManager: Mounting plugin CodeLiteSourceCodeAccess
LogPluginManager: Mounting plugin GitSourceControl
LogPluginManager: Mounting plugin KDevelopSourceCodeAccess
LogPluginManager: Mounting plugin NullSourceCodeAccess
LogPluginManager: Mounting plugin PerforceSourceControl
LogPluginManager: Mounting plugin PlasticSourceControl
LogPluginManager: Mounting plugin SubversionSourceControl
LogPluginManager: Mounting plugin UObjectPlugin
LogPluginManager: Mounting plugin VisualStudioCodeSourceCodeAccess
LogPluginManager: Mounting plugin VisualStudioSourceCodeAccess
LogPluginManager: Mounting plugin XCodeSourceCodeAccess
LogPluginManager: Mounting plugin AssetManagerEditor
LogPluginManager: Mounting plugin CryptoKeys
LogPluginManager: Mounting plugin CurveEditorTools
LogPluginManager: Mounting plugin DataValidation
LogPluginManager: Mounting plugin FacialAnimation
LogPluginManager: Mounting plugin GameplayTagsEditor
LogPluginManager: Mounting plugin MacGraphicsSwitching
LogPluginManager: Mounting plugin MaterialAnalyzer
LogPluginManager: Mounting plugin MobileLauncherProfileWizard
LogPluginManager: Mounting plugin PluginBrowser
LogPluginManager: Mounting plugin SpeedTreeImporter
LogPluginManager: Mounting plugin DatasmithContent
LogPluginManager: Mounting plugin VariantManagerContent
LogPluginManager: Mounting plugin AlembicImporter
LogPluginManager: Mounting plugin AutomationUtils
LogPluginManager: Mounting plugin BackChannel
LogPluginManager: Mounting plugin CharacterAI
LogPluginManager: Mounting plugin GeometryCache
LogPluginManager: Mounting plugin PlatformCrypto
LogPluginManager: Mounting plugin ProxyLODPlugin
LogPluginManager: Mounting plugin SkeletalReduction
LogPluginManager: Mounting plugin MagicLeap
LogPluginManager: Mounting plugin MagicLeapMedia
LogPluginManager: Mounting plugin MLSDK
LogPluginManager: Mounting plugin AndroidMedia
LogPluginManager: Mounting plugin AvfMedia
LogPluginManager: Mounting plugin ImgMedia
LogPluginManager: Mounting plugin MediaCompositing
LogPluginManager: Mounting plugin MediaPlayerEditor
LogPluginManager: Mounting plugin WebMMedia
LogPluginManager: Mounting plugin WmfMedia
LogPluginManager: Mounting plugin TcpMessaging
LogPluginManager: Mounting plugin UdpMessaging
LogPluginManager: Mounting plugin ActorSequence
LogPluginManager: Mounting plugin LevelSequenceEditor
LogPluginManager: Mounting plugin MatineeToLevelSequence
LogPluginManager: Mounting plugin NetcodeUnitTest
LogPluginManager: Mounting plugin NUTUnrealEngine4
LogPluginManager: Mounting plugin OnlineSubsystemGooglePlay
LogPluginManager: Mounting plugin OnlineSubsystemIOS
LogPluginManager: Mounting plugin OnlineSubsystem
LogPluginManager: Mounting plugin OnlineSubsystemNull
LogPluginManager: Mounting plugin OnlineSubsystemUtils
LogPluginManager: Mounting plugin LauncherChunkInstaller
LogPluginManager: Mounting plugin AndroidDeviceProfileSelector
LogPluginManager: Mounting plugin AndroidMoviePlayer
LogPluginManager: Mounting plugin AndroidPermission
LogPluginManager: Mounting plugin AppleImageUtils
LogPluginManager: Mounting plugin AppleMoviePlayer
LogPluginManager: Mounting plugin ArchVisCharacter
LogPluginManager: Mounting plugin AssetTags
LogPluginManager: Mounting plugin AudioCapture
LogPluginManager: Mounting plugin CableComponent
LogPluginManager: Mounting plugin CustomMeshComponent
LogPluginManager: Mounting plugin EditableMesh
LogPluginManager: Mounting plugin ExampleDeviceProfileSelector
LogPluginManager: Mounting plugin GoogleCloudMessaging
LogPluginManager: Mounting plugin IOSDeviceProfileSelector
LogPluginManager: Mounting plugin LinuxDeviceProfileSelector
LogPluginManager: Mounting plugin LocationServicesBPLibrary
LogPluginManager: Mounting plugin MobilePatchingUtils
LogPluginManager: Mounting plugin OculusVR
LogPluginManager: Mounting plugin PhysXVehicles
LogPluginManager: Mounting plugin PostSplashScreen
LogPluginManager: Mounting plugin ProceduralMeshComponent
LogPluginManager: Mounting plugin RuntimePhysXCooking
LogPluginManager: Mounting plugin SignificanceManager
LogPluginManager: Mounting plugin SteamVR
LogPluginManager: Mounting plugin WebMMoviePlayer
LogPluginManager: Mounting plugin WindowsMoviePlayer
LogPluginManager: Mounting plugin ScreenshotTools
LogInit: Using libcurl 7.55.1-DEV
LogInit:  - built for x86_64-pc-win32
LogInit:  - supports SSL with OpenSSL/1.1.1
LogInit:  - supports HTTP deflate (compression) using libz 1.2.8
LogInit:  - other features:
LogInit:      CURL_VERSION_SSL
LogInit:      CURL_VERSION_LIBZ
LogInit:      CURL_VERSION_IPV6
LogInit:      CURL_VERSION_ASYNCHDNS
LogInit:      CURL_VERSION_LARGEFILE
LogInit:      CURL_VERSION_IDN
LogInit:  CurlRequestOptions (configurable via config and command line):
LogInit:  - bVerifyPeer = true  - Libcurl will verify peer certificate
LogInit:  - bUseHttpProxy = false  - Libcurl will NOT use HTTP proxy
LogInit:  - bDontReuseConnections = false  - Libcurl will reuse connections
LogInit:  - MaxHostConnections = 16  - Libcurl will limit the number of connections to a host
LogInit:  - LocalHostAddr = Default
LogInit:  - BufferSize = 65536
LogOnline: OSS: Creating online subsystem instance for: NULL
LogInit: WinSock: version 1.1 (2.2), MaxSocks=32767, MaxUdp=65467
LogOnline: OSS: TryLoadSubsystemAndSetDefault: Loaded subsystem for module [NULL]
LogInit: Build: ++UE4+Release-4.24-CL-11590370
LogInit: Engine Version: 4.24.3-11590370+++UE4+Release-4.24
LogInit: Compatible Engine Version: 4.24.0-10570792+++UE4+Release-4.24
LogInit: Net CL: 10570792
LogInit: OS: Windows 10 (Release 1803) (), CPU: AMD FX(tm)-8320 Eight-Core Processor           , GPU: NVIDIA GeForce GTX 1060 6GB
LogInit: Compiled (64-bit): Feb 24 2020 15:39:18
LogInit: Compiled with Visual C++: 19.16.27032.01
LogInit: Build Configuration: Development
LogInit: Branch Name: ++UE4+Release-4.24
LogInit: Command Line: 
LogInit: Base Directory: E:/UnrealEngine/UE_4.24/Engine/Binaries/Win64/
LogInit: Installed Engine Build: 1
LogDevObjectVersion: Number of dev versions registered: 25
LogDevObjectVersion:   Dev-Blueprints (B0D832E4-1F89-4F0D-ACCF-7EB736FD4AA2): 10
LogDevObjectVersion:   Dev-Build (E1C64328-A22C-4D53-A36C-8E866417BD8C): 0
LogDevObjectVersion:   Dev-Core (375EC13C-06E4-48FB-B500-84F0262A717E): 3
LogDevObjectVersion:   Dev-Editor (E4B068ED-F494-42E9-A231-DA0B2E46BB41): 37
LogDevObjectVersion:   Dev-Framework (CFFC743F-43B0-4480-9391-14DF171D2073): 36
LogDevObjectVersion:   Dev-Mobile (B02B49B5-BB20-44E9-A304-32B752E40360): 2
LogDevObjectVersion:   Dev-Networking (A4E4105C-59A1-49B5-A7C5-40C4547EDFEE): 0
LogDevObjectVersion:   Dev-Online (39C831C9-5AE6-47DC-9A44-9C173E1C8E7C): 0
LogDevObjectVersion:   Dev-Physics (78F01B33-EBEA-4F98-B9B4-84EACCB95AA2): 2
LogDevObjectVersion:   Dev-Platform (6631380F-2D4D-43E0-8009-CF276956A95A): 0
LogDevObjectVersion:   Dev-Rendering (12F88B9F-8875-4AFC-A67C-D90C383ABD29): 36
LogDevObjectVersion:   Dev-Sequencer (7B5AE74C-D270-4C10-A958-57980B212A5A): 11
LogDevObjectVersion:   Dev-VR (D7296918-1DD6-4BDD-9DE2-64A83CC13884): 2
LogDevObjectVersion:   Dev-LoadTimes (C2A15278-BFE7-4AFE-6C17-90FF531DF755): 1
LogDevObjectVersion:   Private-Geometry (6EACA3D4-40EC-4CC1-B786-8BED09428FC5): 3
LogDevObjectVersion:   Dev-AnimPhys (29E575DD-E0A3-4627-9D10-D276232CDCEA): 17
LogDevObjectVersion:   Dev-Anim (AF43A65D-7FD3-4947-9873-3E8ED9C1BB05): 2
LogDevObjectVersion:   Dev-ReflectionCapture (6B266CEC-1EC7-4B8F-A30B-E4D90942FC07): 1
LogDevObjectVersion:   Dev-Automation (0DF73D61-A23F-47EA-B727-89E90C41499A): 1
LogDevObjectVersion:   FortniteMain (601D1886-AC64-4F84-AA16-D3DE0DEAC7D6): 31
LogDevObjectVersion:   Dev-Enterprise (9DFFBCD6-494F-0158-E221-12823C92A888): 8
LogDevObjectVersion:   Dev-Niagara (F2AED0AC-9AFE-416F-8664-AA7FFA26D6FC): 1
LogDevObjectVersion:   Dev-Destruction (174F1F0B-B4C6-45A5-B13F-2EE8D0FB917D): 9
LogDevObjectVersion:   Dev-Physics-Ext (35F94A83-E258-406C-A318-09F59610247C): 8
LogDevObjectVersion:   Dev-CineCamera (B2E18506-4273-CFC2-A54E-F4BB758BBA07): 1
LogInit: Presizing for max 25165824 objects, including 0 objects not considered by GC, pre-allocating 0 bytes for permanent pool.
LogInit: Object subsystem initialized
LogConfig: Setting CVar [[con.DebugEarlyDefault:1]]
LogConfig: Setting CVar [[r.setres:1280x720]]
[2020.04.22-16.26.33:270][  0]LogConfig: Setting CVar [[r.VSync:0]]
[2020.04.22-16.26.33:270][  0]LogConfig: Setting CVar [[r.RHICmdBypass:0]]
[2020.04.22-16.26.33:271][  0]LogConfig: Applying CVar settings from Section [/Script/Engine.RendererSettings] File [F:/Unisinos_20_1/Motores/ProjetoMotores/InvadeTime/Saved/Config/Windows/Engine.ini]
[2020.04.22-16.26.33:271][  0]LogConfig: Setting CVar [[r.GPUCrashDebugging:0]]
[2020.04.22-16.26.33:271][  0]LogConfig: Applying CVar settings from Section [/Script/Engine.RendererOverrideSettings] File [F:/Unisinos_20_1/Motores/ProjetoMotores/InvadeTime/Saved/Config/Windows/Engine.ini]
[2020.04.22-16.26.33:271][  0]LogConfig: Applying CVar settings from Section [/Script/Engine.StreamingSettings] File [F:/Unisinos_20_1/Motores/ProjetoMotores/InvadeTime/Saved/Config/Windows/Engine.ini]
[2020.04.22-16.26.33:271][  0]LogConfig: Setting CVar [[s.MinBulkDataSizeForAsyncLoading:131072]]
[2020.04.22-16.26.33:271][  0]LogConfig: Setting CVar [[s.AsyncLoadingThreadEnabled:0]]
[2020.04.22-16.26.33:271][  0]LogConfig: Setting CVar [[s.EventDrivenLoaderEnabled:1]]
[2020.04.22-16.26.33:271][  0]LogConfig: Setting CVar [[s.WarnIfTimeLimitExceeded:0]]
[2020.04.22-16.26.33:271][  0]LogConfig: Setting CVar [[s.TimeLimitExceededMultiplier:1.5]]
[2020.04.22-16.26.33:271][  0]LogConfig: Setting CVar [[s.TimeLimitExceededMinTime:0.005]]
[2020.04.22-16.26.33:271][  0]LogConfig: Setting CVar [[s.UseBackgroundLevelStreaming:1]]
[2020.04.22-16.26.33:271][  0]LogConfig: Setting CVar [[s.PriorityAsyncLoadingExtraTime:15.0]]
[2020.04.22-16.26.33:271][  0]LogConfig: Setting CVar [[s.LevelStreamingActorsUpdateTimeLimit:5.0]]
[2020.04.22-16.26.33:271][  0]LogConfig: Setting CVar [[s.PriorityLevelStreamingActorsUpdateExtraTime:5.0]]
[2020.04.22-16.26.33:271][  0]LogConfig: Setting CVar [[s.LevelStreamingComponentsRegistrationGranularity:10]]
[2020.04.22-16.26.33:271][  0]LogConfig: Setting CVar [[s.UnregisterComponentsTimeLimit:1.0]]
[2020.04.22-16.26.33:271][  0]LogConfig: Setting CVar [[s.LevelStreamingComponentsUnregistrationGranularity:5]]
[2020.04.22-16.26.33:271][  0]LogConfig: Setting CVar [[s.FlushStreamingOnExit:1]]
[2020.04.22-16.26.33:271][  0]LogConfig: Applying CVar settings from Section [/Script/Engine.GarbageCollectionSettings] File [F:/Unisinos_20_1/Motores/ProjetoMotores/InvadeTime/Saved/Config/Windows/Engine.ini]
[2020.04.22-16.26.33:271][  0]LogConfig: Setting CVar [[gc.MaxObjectsNotConsideredByGC:1]]
[2020.04.22-16.26.33:271][  0]LogConfig: Setting CVar [[gc.SizeOfPermanentObjectPool:0]]
[2020.04.22-16.26.33:271][  0]LogConfig: Setting CVar [[gc.FlushStreamingOnGC:0]]
[2020.04.22-16.26.33:271][  0]LogConfig: Setting CVar [[gc.NumRetriesBeforeForcingGC:10]]
[2020.04.22-16.26.33:271][  0]LogConfig: Setting CVar [[gc.AllowParallelGC:1]]
[2020.04.22-16.26.33:271][  0]LogConfig: Setting CVar [[gc.TimeBetweenPurgingPendingKillObjects:61.1]]
[2020.04.22-16.26.33:271][  0]LogConfig: Setting CVar [[gc.MaxObjectsInEditor:25165824]]
[2020.04.22-16.26.33:271][  0]LogConfig: Setting CVar [[gc.IncrementalBeginDestroyEnabled:1]]
[2020.04.22-16.26.33:271][  0]LogConfig: Setting CVar [[gc.CreateGCClusters:1]]
[2020.04.22-16.26.33:271][  0]LogConfig: Setting CVar [[gc.MinGCClusterSize:5]]
[2020.04.22-16.26.33:271][  0]LogConfig: Setting CVar [[gc.ActorClusteringEnabled:0]]
[2020.04.22-16.26.33:271][  0]LogConfig: Setting CVar [[gc.BlueprintClusteringEnabled:0]]
[2020.04.22-16.26.33:271][  0]LogConfig: Setting CVar [[gc.UseDisregardForGCOnDedicatedServers:0]]
[2020.04.22-16.26.33:271][  0]LogConfig: Applying CVar settings from Section [/Script/Engine.NetworkSettings] File [F:/Unisinos_20_1/Motores/ProjetoMotores/InvadeTime/Saved/Config/Windows/Engine.ini]
[2020.04.22-16.26.33:271][  0]LogConfig: Applying CVar settings from Section [/Script/UnrealEd.CookerSettings] File [F:/Unisinos_20_1/Motores/ProjetoMotores/InvadeTime/Saved/Config/Windows/Engine.ini]
[2020.04.22-16.26.33:274][  0]LogConfig: Applying CVar settings from Section [ViewDistanceQuality@3] File [F:/Unisinos_20_1/Motores/ProjetoMotores/InvadeTime/Saved/Config/Windows/Scalability.ini]
[2020.04.22-16.26.33:274][  0]LogConfig: Setting CVar [[r.SkeletalMeshLODBias:0]]
[2020.04.22-16.26.33:274][  0]LogConfig: Setting CVar [[r.ViewDistanceScale:1.0]]
[2020.04.22-16.26.33:274][  0]LogConfig: Applying CVar settings from Section [AntiAliasingQuality@3] File [F:/Unisinos_20_1/Motores/ProjetoMotores/InvadeTime/Saved/Config/Windows/Scalability.ini]
[2020.04.22-16.26.33:274][  0]LogConfig: Setting CVar [[r.PostProcessAAQuality:4]]
[2020.04.22-16.26.33:274][  0]LogConfig: Applying CVar settings from Section [ShadowQuality@3] File [F:/Unisinos_20_1/Motores/ProjetoMotores/InvadeTime/Saved/Config/Windows/Scalability.ini]
[2020.04.22-16.26.33:274][  0]LogConfig: Setting CVar [[r.LightFunctionQuality:1]]
[2020.04.22-16.26.33:274][  0]LogConfig: Setting CVar [[r.ShadowQuality:5]]
[2020.04.22-16.26.33:274][  0]LogConfig: Setting CVar [[r.Shadow.CSM.MaxCascades:10]]
[2020.04.22-16.26.33:274][  0]LogConfig: Setting CVar [[r.Shadow.MaxResolution:2048]]
[2020.04.22-16.26.33:274][  0]LogConfig: Setting CVar [[r.Shadow.MaxCSMResolution:2048]]
[2020.04.22-16.26.33:274][  0]LogConfig: Setting CVar [[r.Shadow.RadiusThreshold:0.01]]
[2020.04.22-16.26.33:274][  0]LogConfig: Setting CVar [[r.Shadow.DistanceScale:1.0]]
[2020.04.22-16.26.33:274][  0]LogConfig: Setting CVar [[r.Shadow.CSM.TransitionScale:1.0]]
[2020.04.22-16.26.33:274][  0]LogConfig: Setting CVar [[r.Shadow.PreShadowResolutionFactor:1.0]]
[2020.04.22-16.26.33:274][  0]LogConfig: Setting CVar [[r.DistanceFieldShadowing:1]]
[2020.04.22-16.26.33:274][  0]LogConfig: Setting CVar [[r.DistanceFieldAO:1]]
[2020.04.22-16.26.33:274][  0]LogConfig: Setting CVar [[r.AOQuality:2]]
[2020.04.22-16.26.33:274][  0]LogConfig: Setting CVar [[r.VolumetricFog:1]]
[2020.04.22-16.26.33:274][  0]LogConfig: Setting CVar [[r.VolumetricFog.GridPixelSize:8]]
[2020.04.22-16.26.33:275][  0]LogConfig: Setting CVar [[r.VolumetricFog.GridSizeZ:128]]
[2020.04.22-16.26.33:275][  0]LogConfig: Setting CVar [[r.VolumetricFog.HistoryMissSupersampleCount:4]]
[2020.04.22-16.26.33:275][  0]LogConfig: Setting CVar [[r.LightMaxDrawDistanceScale:1]]
[2020.04.22-16.26.33:275][  0]LogConfig: Setting CVar [[r.CapsuleShadows:1]]
[2020.04.22-16.26.33:275][  0]LogConfig: Applying CVar settings from Section [PostProcessQuality@3] File [F:/Unisinos_20_1/Motores/ProjetoMotores/InvadeTime/Saved/Config/Windows/Scalability.ini]
[2020.04.22-16.26.33:275][  0]LogConfig: Setting CVar [[r.MotionBlurQuality:4]]
[2020.04.22-16.26.33:275][  0]LogConfig: Setting CVar [[r.AmbientOcclusionMipLevelFactor:0.4]]
[2020.04.22-16.26.33:275][  0]LogConfig: Setting CVar [[r.AmbientOcclusionMaxQuality:100]]
[2020.04.22-16.26.33:275][  0]LogConfig: Setting CVar [[r.AmbientOcclusionLevels:-1]]
[2020.04.22-16.26.33:275][  0]LogConfig: Setting CVar [[r.AmbientOcclusionRadiusScale:1.0]]
[2020.04.22-16.26.33:275][  0]LogConfig: Setting CVar [[r.DepthOfFieldQuality:2]]
[2020.04.22-16.26.33:275][  0]LogConfig: Setting CVar [[r.RenderTargetPoolMin:400]]
[2020.04.22-16.26.33:275][  0]LogConfig: Setting CVar [[r.LensFlareQuality:2]]
[2020.04.22-16.26.33:275][  0]LogConfig: Setting CVar [[r.SceneColorFringeQuality:1]]
[2020.04.22-16.26.33:275][  0]LogConfig: Setting CVar [[r.EyeAdaptationQuality:2]]
[2020.04.22-16.26.33:275][  0]LogConfig: Setting CVar [[r.BloomQuality:5]]
[2020.04.22-16.26.33:275][  0]LogConfig: Setting CVar [[r.FastBlurThreshold:100]]
[2020.04.22-16.26.33:275][  0]LogConfig: Setting CVar [[r.Upscale.Quality:3]]
[2020.04.22-16.26.33:275][  0]LogConfig: Setting CVar [[r.Tonemapper.GrainQuantization:1]]
[2020.04.22-16.26.33:275][  0]LogConfig: Setting CVar [[r.LightShaftQuality:1]]
[2020.04.22-16.26.33:275][  0]LogConfig: Setting CVar [[r.Filter.SizeScale:1]]
[2020.04.22-16.26.33:275][  0]LogConfig: Setting CVar [[r.Tonemapper.Quality:5]]
[2020.04.22-16.26.33:275][  0]LogConfig: Setting CVar [[r.DOF.Gather.AccumulatorQuality:1        ; higher gathering accumulator quality]]
[2020.04.22-16.26.33:275][  0]LogConfig: Setting CVar [[r.DOF.Gather.PostfilterMethod:1          ; Median3x3 postfilering method]]
[2020.04.22-16.26.33:275][  0]LogConfig: Setting CVar [[r.DOF.Gather.EnableBokehSettings:0       ; no bokeh simulation when gathering]]
[2020.04.22-16.26.33:275][  0]LogConfig: Setting CVar [[r.DOF.Gather.RingCount:4                 ; medium number of samples when gathering]]
[2020.04.22-16.26.33:275][  0]LogConfig: Setting CVar [[r.DOF.Scatter.ForegroundCompositing:1    ; additive foreground scattering]]
[2020.04.22-16.26.33:275][  0]LogConfig: Setting CVar [[r.DOF.Scatter.BackgroundCompositing:2    ; additive background scattering]]
[2020.04.22-16.26.33:275][  0]LogConfig: Setting CVar [[r.DOF.Scatter.EnableBokehSettings:1      ; bokeh simulation when scattering]]
[2020.04.22-16.26.33:275][  0]LogConfig: Setting CVar [[r.DOF.Scatter.MaxSpriteRatio:0.1         ; only a maximum of 10% of scattered bokeh]]
[2020.04.22-16.26.33:275][  0]LogConfig: Setting CVar [[r.DOF.Recombine.Quality:1                ; cheap slight out of focus]]
[2020.04.22-16.26.33:275][  0]LogConfig: Setting CVar [[r.DOF.Recombine.EnableBokehSettings:0    ; no bokeh simulation on slight out of focus]]
[2020.04.22-16.26.33:275][  0]LogConfig: Setting CVar [[r.DOF.TemporalAAQuality:1                ; more stable temporal accumulation]]
[2020.04.22-16.26.33:275][  0]LogConfig: Setting CVar [[r.DOF.Kernel.MaxForegroundRadius:0.025]]
[2020.04.22-16.26.33:275][  0]LogConfig: Setting CVar [[r.DOF.Kernel.MaxBackgroundRadius:0.025]]
[2020.04.22-16.26.33:275][  0]LogConfig: Applying CVar settings from Section [TextureQuality@3] File [F:/Unisinos_20_1/Motores/ProjetoMotores/InvadeTime/Saved/Config/Windows/Scalability.ini]
[2020.04.22-16.26.33:275][  0]LogConfig: Setting CVar [[r.Streaming.MipBias:0]]
[2020.04.22-16.26.33:275][  0]LogConfig: Setting CVar [[r.Streaming.AmortizeCPUToGPUCopy:0]]
[2020.04.22-16.26.33:275][  0]LogConfig: Setting CVar [[r.Streaming.MaxNumTexturesToStreamPerFrame:0]]
[2020.04.22-16.26.33:275][  0]LogConfig: Setting CVar [[r.Streaming.Boost:1]]
[2020.04.22-16.26.33:275][  0]LogConfig: Setting CVar [[r.MaxAnisotropy:8]]
[2020.04.22-16.26.33:275][  0]LogConfig: Setting CVar [[r.VT.MaxAnisotropy:8]]
[2020.04.22-16.26.33:275][  0]LogConfig: Setting CVar [[r.Streaming.LimitPoolSizeToVRAM:0]]
[2020.04.22-16.26.33:275][  0]LogConfig: Setting CVar [[r.Streaming.PoolSize:1000]]
[2020.04.22-16.26.33:275][  0]LogConfig: Setting CVar [[r.Streaming.MaxEffectiveScreenSize:0]]
[2020.04.22-16.26.33:275][  0]LogConfig: Applying CVar settings from Section [EffectsQuality@3] File [F:/Unisinos_20_1/Motores/ProjetoMotores/InvadeTime/Saved/Config/Windows/Scalability.ini]
[2020.04.22-16.26.33:275][  0]LogConfig: Setting CVar [[r.TranslucencyLightingVolumeDim:64]]
[2020.04.22-16.26.33:275][  0]LogConfig: Setting CVar [[r.RefractionQuality:2]]
[2020.04.22-16.26.33:275][  0]LogConfig: Setting CVar [[r.SSR.Quality:3]]
[2020.04.22-16.26.33:275][  0]LogConfig: Setting CVar [[r.SSR.HalfResSceneColor:0]]
[2020.04.22-16.26.33:275][  0]LogConfig: Setting CVar [[r.SceneColorFormat:4]]
[2020.04.22-16.26.33:275][  0]LogConfig: Setting CVar [[r.DetailMode:2]]
[2020.04.22-16.26.33:275][  0]LogConfig: Setting CVar [[r.TranslucencyVolumeBlur:1]]
[2020.04.22-16.26.33:276][  0]LogConfig: Setting CVar [[r.MaterialQualityLevel:1 ; High quality]]
[2020.04.22-16.26.33:276][  0]LogConfig: Setting CVar [[r.SSS.Scale:1]]
[2020.04.22-16.26.33:276][  0]LogConfig: Setting CVar [[r.SSS.SampleSet:2]]
[2020.04.22-16.26.33:276][  0]LogConfig: Setting CVar [[r.SSS.Quality:1]]
[2020.04.22-16.26.33:276][  0]LogConfig: Setting CVar [[r.SSS.HalfRes:1]]
[2020.04.22-16.26.33:276][  0]LogConfig: Setting CVar [[r.SSGI.Quality:3]]
[2020.04.22-16.26.33:276][  0]LogConfig: Setting CVar [[r.EmitterSpawnRateScale:1.0]]
[2020.04.22-16.26.33:276][  0]LogConfig: Setting CVar [[r.ParticleLightQuality:2]]
[2020.04.22-16.26.33:276][  0]LogConfig: Setting CVar [[r.SkyAtmosphere.AerialPerspectiveLUT.FastApplyOnOpaque:1 ; Always have FastSkyLUT 1 in this case to avoid wrong sky]]
[2020.04.22-16.26.33:276][  0]LogConfig: Setting CVar [[r.SkyAtmosphere.AerialPerspectiveLUT.SampleCountPerSlice:1]]
[2020.04.22-16.26.33:276][  0]LogConfig: Setting CVar [[r.SkyAtmosphere.AerialPerspectiveLUT.DepthResolution:16.0]]
[2020.04.22-16.26.33:276][  0]LogConfig: Setting CVar [[r.SkyAtmosphere.FastSkyLUT:1]]
[2020.04.22-16.26.33:276][  0]LogConfig: Setting CVar [[r.SkyAtmosphere.FastSkyLUT.SampleCountMin:4.0]]
[2020.04.22-16.26.33:276][  0]LogConfig: Setting CVar [[r.SkyAtmosphere.FastSkyLUT.SampleCountMax:32.0]]
[2020.04.22-16.26.33:276][  0]LogConfig: Setting CVar [[r.SkyAtmosphere.SampleCountMin:4.0]]
[2020.04.22-16.26.33:276][  0]LogConfig: Setting CVar [[r.SkyAtmosphere.SampleCountMax:32.0]]
[2020.04.22-16.26.33:276][  0]LogConfig: Setting CVar [[r.SkyAtmosphere.TransmittanceLUT.UseSmallFormat:0]]
[2020.04.22-16.26.33:276][  0]LogConfig: Setting CVar [[r.SkyAtmosphere.TransmittanceLUT.SampleCount:10.0]]
[2020.04.22-16.26.33:276][  0]LogConfig: Setting CVar [[r.SkyAtmosphere.MultiScatteringLUT.SampleCount:15.0]]
[2020.04.22-16.26.33:276][  0]LogConfig: Applying CVar settings from Section [FoliageQuality@3] File [F:/Unisinos_20_1/Motores/ProjetoMotores/InvadeTime/Saved/Config/Windows/Scalability.ini]
[2020.04.22-16.26.33:276][  0]LogConfig: Setting CVar [[foliage.DensityScale:1.0]]
[2020.04.22-16.26.33:276][  0]LogConfig: Setting CVar [[grass.DensityScale:1.0]]
[2020.04.22-16.26.33:276][  0]LogConfig: Applying CVar settings from Section [ShadingQuality@3] File [F:/Unisinos_20_1/Motores/ProjetoMotores/InvadeTime/Saved/Config/Windows/Scalability.ini]
[2020.04.22-16.26.33:276][  0]LogConfig: Setting CVar [[r.HairStrands.SkyLighting.SampleCount:16]]
[2020.04.22-16.26.33:276][  0]LogConfig: Setting CVar [[r.HairStrands.SkyLighting.JitterIntegration:0]]
[2020.04.22-16.26.33:276][  0]LogConfig: Setting CVar [[r.HairStrands.SkyAO.SampleCount:16]]
[2020.04.22-16.26.33:276][  0]LogInit: Selected Device Profile: [Windows]
[2020.04.22-16.26.33:276][  0]LogInit: Applying CVar settings loaded from the selected device profile: [Windows]
[2020.04.22-16.26.33:279][  0]LogHAL: Display: Platform has ~ 12 GB [12849946624 / 17179869184 / 12], which maps to Larger [LargestMinGB=32, LargerMinGB=12, DefaultMinGB=8, SmallerMinGB=6, SmallestMinGB=0)
[2020.04.22-16.26.33:279][  0]LogInit: Going up to parent DeviceProfile []
[2020.04.22-16.26.33:279][  0]LogConfig: Applying CVar settings from Section [ViewDistanceQuality@3] File [F:/Unisinos_20_1/Motores/ProjetoMotores/InvadeTime/Saved/Config/Windows/Scalability.ini]
[2020.04.22-16.26.33:279][  0]LogConfig: Setting CVar [[r.SkeletalMeshLODBias:0]]
[2020.04.22-16.26.33:279][  0]LogConfig: Setting CVar [[r.ViewDistanceScale:1.0]]
[2020.04.22-16.26.33:279][  0]LogConfig: Applying CVar settings from Section [AntiAliasingQuality@3] File [F:/Unisinos_20_1/Motores/ProjetoMotores/InvadeTime/Saved/Config/Windows/Scalability.ini]
[2020.04.22-16.26.33:279][  0]LogConfig: Setting CVar [[r.PostProcessAAQuality:4]]
[2020.04.22-16.26.33:279][  0]LogConfig: Applying CVar settings from Section [ShadowQuality@3] File [F:/Unisinos_20_1/Motores/ProjetoMotores/InvadeTime/Saved/Config/Windows/Scalability.ini]
[2020.04.22-16.26.33:279][  0]LogConfig: Setting CVar [[r.LightFunctionQuality:1]]
[2020.04.22-16.26.33:279][  0]LogConfig: Setting CVar [[r.ShadowQuality:5]]
[2020.04.22-16.26.33:279][  0]LogConfig: Setting CVar [[r.Shadow.CSM.MaxCascades:10]]
[2020.04.22-16.26.33:279][  0]LogConfig: Setting CVar [[r.Shadow.MaxResolution:2048]]
[2020.04.22-16.26.33:279][  0]LogConfig: Setting CVar [[r.Shadow.MaxCSMResolution:2048]]
[2020.04.22-16.26.33:279][  0]LogConfig: Setting CVar [[r.Shadow.RadiusThreshold:0.01]]
[2020.04.22-16.26.33:279][  0]LogConfig: Setting CVar [[r.Shadow.DistanceScale:1.0]]
[2020.04.22-16.26.33:279][  0]LogConfig: Setting CVar [[r.Shadow.CSM.TransitionScale:1.0]]
[2020.04.22-16.26.33:279][  0]LogConfig: Setting CVar [[r.Shadow.PreShadowResolutionFactor:1.0]]
[2020.04.22-16.26.33:279][  0]LogConfig: Setting CVar [[r.DistanceFieldShadowing:1]]
[2020.04.22-16.26.33:279][  0]LogConfig: Setting CVar [[r.DistanceFieldAO:1]]
[2020.04.22-16.26.33:279][  0]LogConfig: Setting CVar [[r.AOQuality:2]]
[2020.04.22-16.26.33:279][  0]LogConfig: Setting CVar [[r.VolumetricFog:1]]
[2020.04.22-16.26.33:279][  0]LogConfig: Setting CVar [[r.VolumetricFog.GridPixelSize:8]]
[2020.04.22-16.26.33:279][  0]LogConfig: Setting CVar [[r.VolumetricFog.GridSizeZ:128]]
[2020.04.22-16.26.33:279][  0]LogConfig: Setting CVar [[r.VolumetricFog.HistoryMissSupersampleCount:4]]
[2020.04.22-16.26.33:279][  0]LogConfig: Setting CVar [[r.LightMaxDrawDistanceScale:1]]
[2020.04.22-16.26.33:279][  0]LogConfig: Setting CVar [[r.CapsuleShadows:1]]
[2020.04.22-16.26.33:279][  0]LogConfig: Applying CVar settings from Section [PostProcessQuality@3] File [F:/Unisinos_20_1/Motores/ProjetoMotores/InvadeTime/Saved/Config/Windows/Scalability.ini]
[2020.04.22-16.26.33:279][  0]LogConfig: Setting CVar [[r.MotionBlurQuality:4]]
[2020.04.22-16.26.33:279][  0]LogConfig: Setting CVar [[r.AmbientOcclusionMipLevelFactor:0.4]]
[2020.04.22-16.26.33:280][  0]LogConfig: Setting CVar [[r.AmbientOcclusionMaxQuality:100]]
[2020.04.22-16.26.33:280][  0]LogConfig: Setting CVar [[r.AmbientOcclusionLevels:-1]]
[2020.04.22-16.26.33:280][  0]LogConfig: Setting CVar [[r.AmbientOcclusionRadiusScale:1.0]]
[2020.04.22-16.26.33:280][  0]LogConfig: Setting CVar [[r.DepthOfFieldQuality:2]]
[2020.04.22-16.26.33:280][  0]LogConfig: Setting CVar [[r.RenderTargetPoolMin:400]]
[2020.04.22-16.26.33:280][  0]LogConfig: Setting CVar [[r.LensFlareQuality:2]]
[2020.04.22-16.26.33:280][  0]LogConfig: Setting CVar [[r.SceneColorFringeQuality:1]]
[2020.04.22-16.26.33:280][  0]LogConfig: Setting CVar [[r.EyeAdaptationQuality:2]]
[2020.04.22-16.26.33:280][  0]LogConfig: Setting CVar [[r.BloomQuality:5]]
[2020.04.22-16.26.33:280][  0]LogConfig: Setting CVar [[r.FastBlurThreshold:100]]
[2020.04.22-16.26.33:280][  0]LogConfig: Setting CVar [[r.Upscale.Quality:3]]
[2020.04.22-16.26.33:280][  0]LogConfig: Setting CVar [[r.Tonemapper.GrainQuantization:1]]
[2020.04.22-16.26.33:280][  0]LogConfig: Setting CVar [[r.LightShaftQuality:1]]
[2020.04.22-16.26.33:280][  0]LogConfig: Setting CVar [[r.Filter.SizeScale:1]]
[2020.04.22-16.26.33:280][  0]LogConfig: Setting CVar [[r.Tonemapper.Quality:5]]
[2020.04.22-16.26.33:280][  0]LogConfig: Setting CVar [[r.DOF.Gather.AccumulatorQuality:1        ; higher gathering accumulator quality]]
[2020.04.22-16.26.33:280][  0]LogConfig: Setting CVar [[r.DOF.Gather.PostfilterMethod:1          ; Median3x3 postfilering method]]
[2020.04.22-16.26.33:280][  0]LogConfig: Setting CVar [[r.DOF.Gather.EnableBokehSettings:0       ; no bokeh simulation when gathering]]
[2020.04.22-16.26.33:280][  0]LogConfig: Setting CVar [[r.DOF.Gather.RingCount:4                 ; medium number of samples when gathering]]
[2020.04.22-16.26.33:280][  0]LogConfig: Setting CVar [[r.DOF.Scatter.ForegroundCompositing:1    ; additive foreground scattering]]
[2020.04.22-16.26.33:280][  0]LogConfig: Setting CVar [[r.DOF.Scatter.BackgroundCompositing:2    ; additive background scattering]]
[2020.04.22-16.26.33:280][  0]LogConfig: Setting CVar [[r.DOF.Scatter.EnableBokehSettings:1      ; bokeh simulation when scattering]]
[2020.04.22-16.26.33:280][  0]LogConfig: Setting CVar [[r.DOF.Scatter.MaxSpriteRatio:0.1         ; only a maximum of 10% of scattered bokeh]]
[2020.04.22-16.26.33:280][  0]LogConfig: Setting CVar [[r.DOF.Recombine.Quality:1                ; cheap slight out of focus]]
[2020.04.22-16.26.33:280][  0]LogConfig: Setting CVar [[r.DOF.Recombine.EnableBokehSettings:0    ; no bokeh simulation on slight out of focus]]
[2020.04.22-16.26.33:280][  0]LogConfig: Setting CVar [[r.DOF.TemporalAAQuality:1                ; more stable temporal accumulation]]
[2020.04.22-16.26.33:280][  0]LogConfig: Setting CVar [[r.DOF.Kernel.MaxForegroundRadius:0.025]]
[2020.04.22-16.26.33:280][  0]LogConfig: Setting CVar [[r.DOF.Kernel.MaxBackgroundRadius:0.025]]
[2020.04.22-16.26.33:280][  0]LogConfig: Applying CVar settings from Section [TextureQuality@3] File [F:/Unisinos_20_1/Motores/ProjetoMotores/InvadeTime/Saved/Config/Windows/Scalability.ini]
[2020.04.22-16.26.33:280][  0]LogConfig: Setting CVar [[r.Streaming.MipBias:0]]
[2020.04.22-16.26.33:280][  0]LogConfig: Setting CVar [[r.Streaming.AmortizeCPUToGPUCopy:0]]
[2020.04.22-16.26.33:280][  0]LogConfig: Setting CVar [[r.Streaming.MaxNumTexturesToStreamPerFrame:0]]
[2020.04.22-16.26.33:280][  0]LogConfig: Setting CVar [[r.Streaming.Boost:1]]
[2020.04.22-16.26.33:280][  0]LogConfig: Setting CVar [[r.MaxAnisotropy:8]]
[2020.04.22-16.26.33:280][  0]LogConfig: Setting CVar [[r.VT.MaxAnisotropy:8]]
[2020.04.22-16.26.33:280][  0]LogConfig: Setting CVar [[r.Streaming.LimitPoolSizeToVRAM:0]]
[2020.04.22-16.26.33:280][  0]LogConfig: Setting CVar [[r.Streaming.PoolSize:1000]]
[2020.04.22-16.26.33:280][  0]LogConfig: Setting CVar [[r.Streaming.MaxEffectiveScreenSize:0]]
[2020.04.22-16.26.33:280][  0]LogConfig: Applying CVar settings from Section [EffectsQuality@3] File [F:/Unisinos_20_1/Motores/ProjetoMotores/InvadeTime/Saved/Config/Windows/Scalability.ini]
[2020.04.22-16.26.33:280][  0]LogConfig: Setting CVar [[r.TranslucencyLightingVolumeDim:64]]
[2020.04.22-16.26.33:280][  0]LogConfig: Setting CVar [[r.RefractionQuality:2]]
[2020.04.22-16.26.33:280][  0]LogConfig: Setting CVar [[r.SSR.Quality:3]]
[2020.04.22-16.26.33:280][  0]LogConfig: Setting CVar [[r.SSR.HalfResSceneColor:0]]
[2020.04.22-16.26.33:280][  0]LogConfig: Setting CVar [[r.SceneColorFormat:4]]
[2020.04.22-16.26.33:280][  0]LogConfig: Setting CVar [[r.DetailMode:2]]
[2020.04.22-16.26.33:280][  0]LogConfig: Setting CVar [[r.TranslucencyVolumeBlur:1]]
[2020.04.22-16.26.33:280][  0]LogConfig: Setting CVar [[r.MaterialQualityLevel:1 ; High quality]]
[2020.04.22-16.26.33:280][  0]LogConfig: Setting CVar [[r.SSS.Scale:1]]
[2020.04.22-16.26.33:280][  0]LogConfig: Setting CVar [[r.SSS.SampleSet:2]]
[2020.04.22-16.26.33:280][  0]LogConfig: Setting CVar [[r.SSS.Quality:1]]
[2020.04.22-16.26.33:280][  0]LogConfig: Setting CVar [[r.SSS.HalfRes:1]]
[2020.04.22-16.26.33:280][  0]LogConfig: Setting CVar [[r.SSGI.Quality:3]]
[2020.04.22-16.26.33:280][  0]LogConfig: Setting CVar [[r.EmitterSpawnRateScale:1.0]]
[2020.04.22-16.26.33:280][  0]LogConfig: Setting CVar [[r.ParticleLightQuality:2]]
[2020.04.22-16.26.33:281][  0]LogConfig: Setting CVar [[r.SkyAtmosphere.AerialPerspectiveLUT.FastApplyOnOpaque:1 ; Always have FastSkyLUT 1 in this case to avoid wrong sky]]
[2020.04.22-16.26.33:281][  0]LogConfig: Setting CVar [[r.SkyAtmosphere.AerialPerspectiveLUT.SampleCountPerSlice:1]]
[2020.04.22-16.26.33:281][  0]LogConfig: Setting CVar [[r.SkyAtmosphere.AerialPerspectiveLUT.DepthResolution:16.0]]
[2020.04.22-16.26.33:281][  0]LogConfig: Setting CVar [[r.SkyAtmosphere.FastSkyLUT:1]]
[2020.04.22-16.26.33:281][  0]LogConfig: Setting CVar [[r.SkyAtmosphere.FastSkyLUT.SampleCountMin:4.0]]
[2020.04.22-16.26.33:281][  0]LogConfig: Setting CVar [[r.SkyAtmosphere.FastSkyLUT.SampleCountMax:32.0]]
[2020.04.22-16.26.33:281][  0]LogConfig: Setting CVar [[r.SkyAtmosphere.SampleCountMin:4.0]]
[2020.04.22-16.26.33:281][  0]LogConfig: Setting CVar [[r.SkyAtmosphere.SampleCountMax:32.0]]
[2020.04.22-16.26.33:281][  0]LogConfig: Setting CVar [[r.SkyAtmosphere.TransmittanceLUT.UseSmallFormat:0]]
[2020.04.22-16.26.33:281][  0]LogConfig: Setting CVar [[r.SkyAtmosphere.TransmittanceLUT.SampleCount:10.0]]
[2020.04.22-16.26.33:281][  0]LogConfig: Setting CVar [[r.SkyAtmosphere.MultiScatteringLUT.SampleCount:15.0]]
[2020.04.22-16.26.33:281][  0]LogConfig: Applying CVar settings from Section [FoliageQuality@3] File [F:/Unisinos_20_1/Motores/ProjetoMotores/InvadeTime/Saved/Config/Windows/Scalability.ini]
[2020.04.22-16.26.33:281][  0]LogConfig: Setting CVar [[foliage.DensityScale:1.0]]
[2020.04.22-16.26.33:281][  0]LogConfig: Setting CVar [[grass.DensityScale:1.0]]
[2020.04.22-16.26.33:281][  0]LogConfig: Applying CVar settings from Section [ShadingQuality@3] File [F:/Unisinos_20_1/Motores/ProjetoMotores/InvadeTime/Saved/Config/Windows/Scalability.ini]
[2020.04.22-16.26.33:281][  0]LogConfig: Setting CVar [[r.HairStrands.SkyLighting.SampleCount:16]]
[2020.04.22-16.26.33:281][  0]LogConfig: Setting CVar [[r.HairStrands.SkyLighting.JitterIntegration:0]]
[2020.04.22-16.26.33:281][  0]LogConfig: Setting CVar [[r.HairStrands.SkyAO.SampleCount:16]]
[2020.04.22-16.26.33:281][  0]LogConfig: Applying CVar settings from Section [Startup] File [../../../Engine/Config/ConsoleVariables.ini]
[2020.04.22-16.26.33:281][  0]LogConfig: Setting CVar [[net.UseAdaptiveNetUpdateFrequency:0]]
[2020.04.22-16.26.33:281][  0]LogConfig: Setting CVar [[p.chaos.AllowCreatePhysxBodies:1]]
[2020.04.22-16.26.33:281][  0]LogConfig: Applying CVar settings from Section [ConsoleVariables] File [F:/Unisinos_20_1/Motores/ProjetoMotores/InvadeTime/Saved/Config/Windows/Engine.ini]
[2020.04.22-16.26.33:281][  0]LogInit: Computer: DESKTOP-44SKTJA
[2020.04.22-16.26.33:281][  0]LogInit: User: Mauricio
[2020.04.22-16.26.33:281][  0]LogInit: CPU Page size=4096, Cores=4
[2020.04.22-16.26.33:281][  0]LogInit: High frequency timer resolution =3.433855 MHz
[2020.04.22-16.26.33:281][  0]LogMemory: Memory total: Physical=12.0GB (12GB approx)
[2020.04.22-16.26.33:281][  0]LogMemory: Platform Memory Stats for Windows
[2020.04.22-16.26.33:282][  0]LogMemory: Process Physical Memory: 104.36 MB used, 104.36 MB peak
[2020.04.22-16.26.33:282][  0]LogMemory: Process Virtual Memory: 100.32 MB used, 100.32 MB peak
[2020.04.22-16.26.33:282][  0]LogMemory: Physical Memory: 5742.21 MB used,  6512.45 MB free, 12254.66 MB total
[2020.04.22-16.26.33:282][  0]LogMemory: Virtual Memory: 5149.16 MB used,  134212576.00 MB free, 134217728.00 MB total
[2020.04.22-16.26.33:284][  0]LogWindows: WindowsPlatformFeatures enabled
[2020.04.22-16.26.33:306][  0]LogInit: Overriding language with editor language configuration option (en).
[2020.04.22-16.26.33:306][  0]LogInit: Overriding locale with editor locale configuration option (en).
[2020.04.22-16.26.33:527][  0]LogInit: Setting process to per monitor DPI aware
[2020.04.22-16.26.33:561][  0]LogSlate: New Slate User Created.  User Index 0, Is Virtual User: 0
[2020.04.22-16.26.33:561][  0]LogSlate: Slate User Registered.  User Index 0, Is Virtual User: 0
[2020.04.22-16.26.33:749][  0]LogHMD: Failed to initialize OpenVR with code 110
[2020.04.22-16.26.33:749][  0]LogD3D11RHI: D3D11 min allowed feature level: 11_0
[2020.04.22-16.26.33:749][  0]LogD3D11RHI: D3D11 max allowed feature level: 11_0
[2020.04.22-16.26.33:749][  0]LogD3D11RHI: D3D11 adapters:
[2020.04.22-16.26.33:855][  0]LogD3D11RHI:    0. 'NVIDIA GeForce GTX 1060 6GB' (Feature Level 11_0)
[2020.04.22-16.26.33:855][  0]LogD3D11RHI:       6052/0/6127 MB DedicatedVideo/DedicatedSystem/SharedSystem, Outputs:1, VendorId:0x10de
[2020.04.22-16.26.33:858][  0]LogD3D11RHI:    1. 'Microsoft Basic Render Driver' (Feature Level 11_0)
[2020.04.22-16.26.33:858][  0]LogD3D11RHI:       0/0/6127 MB DedicatedVideo/DedicatedSystem/SharedSystem, Outputs:0, VendorId:0x1414
[2020.04.22-16.26.33:858][  0]LogD3D11RHI: Chosen D3D11 Adapter: 0
[2020.04.22-16.26.33:867][  0]LogD3D11RHI: Creating new Direct3DDevice
[2020.04.22-16.26.33:867][  0]LogD3D11RHI:     GPU DeviceId: 0x1c03 (for the marketing name, search the web for "GPU Device Id")
[2020.04.22-16.26.33:867][  0]LogWindows: EnumDisplayDevices:
[2020.04.22-16.26.33:867][  0]LogWindows:    0. 'NVIDIA GeForce GTX 1060 6GB' (P:1 D:1)
[2020.04.22-16.26.33:867][  0]LogWindows:    1. 'NVIDIA GeForce GTX 1060 6GB' (P:0 D:0)
[2020.04.22-16.26.33:868][  0]LogWindows:    2. 'NVIDIA GeForce GTX 1060 6GB' (P:0 D:0)
[2020.04.22-16.26.33:868][  0]LogWindows:    3. 'NVIDIA GeForce GTX 1060 6GB' (P:0 D:0)
[2020.04.22-16.26.33:868][  0]LogWindows: DebugString: FoundDriverCount:4 
[2020.04.22-16.26.33:868][  0]LogD3D11RHI:     Adapter Name: NVIDIA GeForce GTX 1060 6GB
[2020.04.22-16.26.33:868][  0]LogD3D11RHI:   Driver Version: 442.50 (internal:26.21.14.4250, unified:442.50)
[2020.04.22-16.26.33:868][  0]LogD3D11RHI:      Driver Date: 2-24-2020
[2020.04.22-16.26.33:868][  0]LogRHI: Texture pool is 4236 MB (70% of 6052 MB)
[2020.04.22-16.26.33:945][  0]LogD3D11RHI: RHI has support for 64 bit atomics
[2020.04.22-16.26.33:945][  0]LogD3D11RHI: Async texture creation enabled
[2020.04.22-16.26.33:977][  0]LogD3D11RHI: GPU Timing Frequency: 1000.000000 (Debug: 2 1)
[2020.04.22-16.26.34:351][  0]LogTargetPlatformManager: Display: Loaded TargetPlatform 'AllDesktop'
[2020.04.22-16.26.34:402][  0]LogTargetPlatformManager: Display: Loaded TargetPlatform 'Android'
[2020.04.22-16.26.34:402][  0]LogTargetPlatformManager: Display: Loaded TargetPlatform 'Android_ASTC'
[2020.04.22-16.26.34:402][  0]LogTargetPlatformManager: Display: Loaded TargetPlatform 'Android_ATC'
[2020.04.22-16.26.34:402][  0]LogTargetPlatformManager: Display: Loaded TargetPlatform 'Android_DXT'
[2020.04.22-16.26.34:402][  0]LogTargetPlatformManager: Display: Loaded TargetPlatform 'Android_ETC1'
[2020.04.22-16.26.34:402][  0]LogTargetPlatformManager: Display: Loaded TargetPlatform 'Android_ETC1a'
[2020.04.22-16.26.34:402][  0]LogTargetPlatformManager: Display: Loaded TargetPlatform 'Android_ETC2'
[2020.04.22-16.26.34:402][  0]LogTargetPlatformManager: Display: Loaded TargetPlatform 'Android_PVRTC'
[2020.04.22-16.26.34:402][  0]LogTargetPlatformManager: Display: Loaded TargetPlatform 'AndroidClient'
[2020.04.22-16.26.34:402][  0]LogTargetPlatformManager: Display: Loaded TargetPlatform 'Android_ASTCClient'
[2020.04.22-16.26.34:403][  0]LogTargetPlatformManager: Display: Loaded TargetPlatform 'Android_ATCClient'
[2020.04.22-16.26.34:403][  0]LogTargetPlatformManager: Display: Loaded TargetPlatform 'Android_DXTClient'
[2020.04.22-16.26.34:403][  0]LogTargetPlatformManager: Display: Loaded TargetPlatform 'Android_ETC1Client'
[2020.04.22-16.26.34:403][  0]LogTargetPlatformManager: Display: Loaded TargetPlatform 'Android_ETC1aClient'
[2020.04.22-16.26.34:403][  0]LogTargetPlatformManager: Display: Loaded TargetPlatform 'Android_ETC2Client'
[2020.04.22-16.26.34:403][  0]LogTargetPlatformManager: Display: Loaded TargetPlatform 'Android_PVRTCClient'
[2020.04.22-16.26.34:403][  0]LogTargetPlatformManager: Display: Loaded TargetPlatform 'Android_Multi'
[2020.04.22-16.26.34:403][  0]LogTargetPlatformManager: Display: Loaded TargetPlatform 'Android_MultiClient'
[2020.04.22-16.26.34:430][  0]LogTargetPlatformManager: Display: Loaded TargetPlatform 'IOSClient'
[2020.04.22-16.26.34:430][  0]LogTargetPlatformManager: Display: Loaded TargetPlatform 'IOS'
[2020.04.22-16.26.34:440][  0]LogTargetPlatformManager: Display: Loaded TargetPlatform 'LinuxNoEditor'
[2020.04.22-16.26.34:450][  0]LogTargetPlatformManager: Display: Loaded TargetPlatform 'LinuxClient'
[2020.04.22-16.26.34:459][  0]LogTargetPlatformManager: Display: Loaded TargetPlatform 'LinuxServer'
[2020.04.22-16.26.34:469][  0]LogTargetPlatformManager: Display: Loaded TargetPlatform 'LinuxAArch64NoEditor'
[2020.04.22-16.26.34:478][  0]LogTargetPlatformManager: Display: Loaded TargetPlatform 'LinuxAArch64Client'
[2020.04.22-16.26.34:488][  0]LogTargetPlatformManager: Display: Loaded TargetPlatform 'LinuxAArch64Server'
[2020.04.22-16.26.34:524][  0]LogTargetPlatformManager: Display: Loaded TargetPlatform 'Lumin'
[2020.04.22-16.26.34:524][  0]LogTargetPlatformManager: Display: Loaded TargetPlatform 'LuminClient'
[2020.04.22-16.26.34:542][  0]LogTargetPlatformManager: Display: Loaded TargetPlatform 'TVOSClient'
[2020.04.22-16.26.34:542][  0]LogTargetPlatformManager: Display: Loaded TargetPlatform 'TVOS'
[2020.04.22-16.26.34:552][  0]LogTargetPlatformManager: Display: Loaded TargetPlatform 'WindowsNoEditor'
[2020.04.22-16.26.34:562][  0]LogTargetPlatformManager: Display: Loaded TargetPlatform 'Windows'
[2020.04.22-16.26.34:571][  0]LogTargetPlatformManager: Display: Loaded TargetPlatform 'WindowsClient'
[2020.04.22-16.26.34:581][  0]LogTargetPlatformManager: Display: Loaded TargetPlatform 'WindowsServer'
[2020.04.22-16.26.34:581][  0]LogTargetPlatformManager: Display: Building Assets For Windows
[2020.04.22-16.26.34:585][  0]LogAudioDebug: Display: Lib vorbis DLL was dynamically loaded.
[2020.04.22-16.26.34:613][  0]LogShaderCompilers: Guid format shader working directory is -2 characters bigger than the processId version (F:/Unisinos_20_1/Motores/ProjetoMotores/InvadeTime/Intermediate/Shaders/WorkingDirectory/11276/).
[2020.04.22-16.26.34:614][  0]LogShaderCompilers: Cleaned the shader compiler working directory 'C:/Users/Mauricio/AppData/Local/Temp/UnrealShaderWorkingDir/2C79CBC14095A654672EA3BE2710605F/'.
[2020.04.22-16.26.34:614][  0]LogXGEController: Cannot use XGE Controller as Incredibuild is not installed on this machine.
[2020.04.22-16.26.34:614][  0]LogShaderCompilers: Cannot use XGE Shader Compiler as Incredibuild is not installed on this machine.
[2020.04.22-16.26.34:614][  0]LogShaderCompilers: Display: Using Local Shader Compiler.
[2020.04.22-16.26.35:788][  0]LogDerivedDataCache: Display: Max Cache Size: 512 MB
[2020.04.22-16.26.35:873][  0]LogDerivedDataCache: Loaded boot cache 0.08s 78MB C:/Users/Mauricio/AppData/Local/UnrealEngine/4.24/DerivedDataCache/Boot.ddc.
[2020.04.22-16.26.35:873][  0]LogDerivedDataCache: Display: Loaded Boot cache: C:/Users/Mauricio/AppData/Local/UnrealEngine/4.24/DerivedDataCache/Boot.ddc
[2020.04.22-16.26.35:873][  0]LogDerivedDataCache: FDerivedDataBackendGraph:  Pak pak cache file F:/Unisinos_20_1/Motores/ProjetoMotores/InvadeTime/DerivedDataCache/DDC.ddp not found, will not use a pak cache.
[2020.04.22-16.26.35:873][  0]LogDerivedDataCache: Unable to find inner node Pak for hierarchical cache Hierarchy.
[2020.04.22-16.26.35:873][  0]LogDerivedDataCache: FDerivedDataBackendGraph:  CompressedPak pak cache file F:/Unisinos_20_1/Motores/ProjetoMotores/InvadeTime/DerivedDataCache/Compressed.ddp not found, will not use a pak cache.
[2020.04.22-16.26.35:873][  0]LogDerivedDataCache: Unable to find inner node CompressedPak for hierarchical cache Hierarchy.
[2020.04.22-16.26.35:886][  0]LogDerivedDataCache: Display: Pak cache opened for reading ../../../Engine/DerivedDataCache/Compressed.ddp.
[2020.04.22-16.26.35:886][  0]LogDerivedDataCache: FDerivedDataBackendGraph:  EnterprisePak pak cache file ../../../Enterprise/DerivedDataCache/Compressed.ddp not found, will not use a pak cache.
[2020.04.22-16.26.35:886][  0]LogDerivedDataCache: Unable to find inner node EnterprisePak for hierarchical cache Hierarchy.
[2020.04.22-16.26.35:887][  0]LogDerivedDataCache: Using Local data cache path C:/Users/Mauricio/AppData/Local/UnrealEngine/Common/DerivedDataCache: Writable
[2020.04.22-16.26.35:888][  0]LogDerivedDataCache: Shared data cache path not found in *engine.ini, will not use an Shared cache.
[2020.04.22-16.26.35:888][  0]LogDerivedDataCache: Unable to find inner node Shared for hierarchical cache Hierarchy.
[2020.04.22-16.26.35:930][  0]LogMaterial: Verifying Global Shaders for PCD3D_SM5
[2020.04.22-16.26.35:933][  0]LogSlate: Using FreeType 2.10.0
[2020.04.22-16.26.35:934][  0]LogSlate: SlateFontServices - WITH_FREETYPE: 1, WITH_HARFBUZZ: 1
[2020.04.22-16.26.35:997][  0]LogAssetRegistry: FAssetRegistry took 0.0029 seconds to start up
[2020.04.22-16.26.36:459][  0]LogInit: Selected Device Profile: [Windows]
[2020.04.22-16.26.36:673][  0]LogMeshReduction: Using QuadricMeshReduction for automatic static mesh reduction
[2020.04.22-16.26.36:673][  0]LogMeshReduction: Using SimplygonMeshReduction for automatic skeletal mesh reduction
[2020.04.22-16.26.36:673][  0]LogMeshReduction: Using ProxyLODMeshReduction for automatic mesh merging
[2020.04.22-16.26.36:673][  0]LogMeshReduction: No distributed automatic mesh merging module available
[2020.04.22-16.26.36:673][  0]LogMeshMerging: No distributed automatic mesh merging module available
[2020.04.22-16.26.36:690][  0]LogNetVersion: InvadeTime 1.0.0, NetCL: 10570792, EngineNetVer: 13, GameNetVer: 0 (Checksum: 516775136)
[2020.04.22-16.26.38:000][  0]LogPackageLocalizationCache: Processed 10 localized package path(s) for 1 prioritized culture(s) in 0.046567 seconds
[2020.04.22-16.26.38:010][  0]LogUObjectArray: 46750 objects as part of root set at end of initial load.
[2020.04.22-16.26.38:010][  0]LogUObjectAllocator: 8137160 out of 0 bytes used by permanent object pool.
[2020.04.22-16.26.38:010][  0]LogUObjectArray: CloseDisregardForGC: 0/0 objects in disregard for GC pool
[2020.04.22-16.26.38:522][  0]LogTcpMessaging: Initializing TcpMessaging bridge
[2020.04.22-16.26.38:526][  0]LogUdpMessaging: Initializing bridge on interface 0.0.0.0:0 to multicast group 230.0.0.1:6666.
[2020.04.22-16.26.38:592][  0]SourceControl: Source control is disabled
[2020.04.22-16.26.38:592][  0]SourceControl: Source control is disabled
[2020.04.22-16.26.38:593][  0]SourceControl: Source control is disabled
[2020.04.22-16.26.38:594][  0]SourceControl: Source control is disabled
[2020.04.22-16.26.38:595][  0]SourceControl: Source control is disabled
[2020.04.22-16.26.38:700][  0]LogAndroidPermission: UAndroidPermissionCallbackProxy::GetInstance
[2020.04.22-16.26.38:715][  0]LogAudioCaptureCore: Display: No Audio Capture implementations found. Audio input will be silent.
[2020.04.22-16.26.38:715][  0]LogAudioCaptureCore: Display: No Audio Capture implementations found. Audio input will be silent.
[2020.04.22-16.26.38:829][  0]LogOcInput: OculusInput pre-init called
[2020.04.22-16.26.38:838][  0]LogWindows: Failed to load 'OVRPlugin.dll' (GetLastError=126)
[2020.04.22-16.26.38:838][  0]LogWindows: File 'OVRPlugin.dll' does not exist
[2020.04.22-16.26.38:932][  0]LogEngine: Initializing Engine...
[2020.04.22-16.26.38:933][  0]LogHMD: Failed to initialize OpenVR with code 110
[2020.04.22-16.26.38:934][  0]LogStats: UGameplayTagsManager::InitializeManager -  0.000 s
[2020.04.22-16.26.39:380][  0]LogInit: Initializing FReadOnlyCVARCache
[2020.04.22-16.26.39:390][  0]LogAIModule: Creating AISystem for world Untitled
[2020.04.22-16.26.39:410][  0]LogAudioMixer: Display: Audio Mixer Platform Settings:
[2020.04.22-16.26.39:410][  0]LogAudioMixer: Display: 	Sample Rate:						  48000
[2020.04.22-16.26.39:410][  0]LogAudioMixer: Display: 	Callback Buffer Frame Size Requested: 1024
[2020.04.22-16.26.39:410][  0]LogAudioMixer: Display: 	Callback Buffer Frame Size To Use:	  1024
[2020.04.22-16.26.39:410][  0]LogAudioMixer: Display: 	Number of buffers to queue:			  2
[2020.04.22-16.26.39:410][  0]LogAudioMixer: Display: 	Max Channels (voices):				  32
[2020.04.22-16.26.39:410][  0]LogAudioMixer: Display: 	Number of Async Source Workers:		  0
[2020.04.22-16.26.39:410][  0]LogAudio: Display: AudioDevice MaxSources: 32
[2020.04.22-16.26.39:411][  0]LogAudio: Display: Using built-in audio occlusion.
[2020.04.22-16.26.39:411][  0]LogAudioMixer: Display: Initializing audio mixer.
[2020.04.22-16.26.39:428][  0]LogAudioMixer: Display: Audio Device Output Speaker Info:
[2020.04.22-16.26.39:428][  0]LogAudioMixer: Display: Name: Alto-falantes (Realtek High Definition Audio)
[2020.04.22-16.26.39:428][  0]LogAudioMixer: Display: Is Default: Yes
[2020.04.22-16.26.39:428][  0]LogAudioMixer: Display: Sample Rate: 48000
[2020.04.22-16.26.39:428][  0]LogAudioMixer: Display: Channel Count Used: 2
[2020.04.22-16.26.39:428][  0]LogAudioMixer: Display: Device Channel Count: 2
[2020.04.22-16.26.39:428][  0]LogAudioMixer: Display: Channel Order:
[2020.04.22-16.26.39:428][  0]LogAudioMixer: Display: 0: FrontLeft
[2020.04.22-16.26.39:428][  0]LogAudioMixer: Display: 1: FrontRight
[2020.04.22-16.26.39:453][  0]LogAudioMixer: Display: Using Audio Device Alto-falantes (Realtek High Definition Audio)
[2020.04.22-16.26.39:462][  0]LogInit: FAudioDevice initialized.
[2020.04.22-16.26.39:462][  0]LogNetVersion: Set ProjectVersion to 1.0.0.0. Version Checksum will be recalculated on next use.
[2020.04.22-16.26.40:902][  0]LogDerivedDataCache: Saved boot cache 1.44s 78MB C:/Users/Mauricio/AppData/Local/UnrealEngine/4.24/DerivedDataCache/Boot.ddc.
[2020.04.22-16.26.40:908][  0]LogInit: Texture streaming: Enabled
[2020.04.22-16.26.40:921][  0]LogEngineSessionManager: EngineSessionManager initialized
[2020.04.22-16.26.40:921][  0]LogEditorSessionSummary: Verbose: Initializing EditorSessionSummaryWriter for editor session tracking
[2020.04.22-16.26.40:922][  0]LogEditorSessionSummary: EditorSessionSummaryWriter initialized
[2020.04.22-16.26.40:985][  0]LogInit: Transaction tracking system initialized
[2020.04.22-16.26.40:998][  0]BlueprintLog: New page: Editor Load
[2020.04.22-16.26.41:035][  0]LocalizationService: Localization service is disabled
[2020.04.22-16.26.41:422][  0]LogFileCache: Scanning file cache for directory 'F:/Unisinos_20_1/Motores/ProjetoMotores/InvadeTime/Content/' took 0.00s
[2020.04.22-16.26.41:423][  0]LogCook: Display: Max memory allowance for cook 16384mb min free memory 0mb
[2020.04.22-16.26.41:423][  0]LogCook: Display: Mobile HDR setting 1
[2020.04.22-16.26.42:216][  0]SourceControl: Source control is disabled
[2020.04.22-16.26.42:216][  0]Cmd: MAP LOAD FILE="F:/Unisinos_20_1/Motores/ProjetoMotores/InvadeTime/Content/TopDownBP/Maps/TopDownExampleMap.umap" TEMPLATE=0 SHOWPROGRESS=1 FEATURELEVEL=3
[2020.04.22-16.26.42:217][  0]LightingResults: New page: Lighting Build
[2020.04.22-16.26.42:218][  0]LogWorld: UWorld::CleanupWorld for Untitled, bSessionEnded=true, bCleanupResources=true
[2020.04.22-16.26.42:218][  0]LogSlate: InvalidateAllWidgets triggered.  All widgets were invalidated
[2020.04.22-16.26.42:218][  0]MapCheck: New page: Map Check
[2020.04.22-16.26.42:218][  0]LightingResults: New page: Lighting Build
[2020.04.22-16.26.42:295][  0]LogUObjectHash: Compacting FUObjectHashTables data took   3.11ms
[2020.04.22-16.26.42:726][  0]LogAIModule: Creating AISystem for world TopDownExampleMap
[2020.04.22-16.26.42:737][  0]LogEditorServer: Finished looking for orphan Actors (0.000 secs)
[2020.04.22-16.26.42:801][  0]LogUObjectHash: Compacting FUObjectHashTables data took   4.41ms
[2020.04.22-16.26.42:801][  0]Cmd: MAP CHECKDEP NOCLEARLOG
[2020.04.22-16.26.42:802][  0]MapCheck: Map check complete: 0 Error(s), 0 Warning(s), took 0.141ms to complete.
[2020.04.22-16.26.42:802][  0]LogFileHelpers: Loading map 'TopDownExampleMap' took 0.585
[2020.04.22-16.26.42:988][  0]LogSlate: Updating window title bar state: overlay mode, drag disabled, window buttons hidden, title bar hidden
[2020.04.22-16.26.43:000][  0]LogSlate: Updating window title bar state: overlay mode, drag disabled, window buttons hidden, title bar hidden
[2020.04.22-16.26.43:013][  0]LogSlate: Updating window title bar state: overlay mode, drag disabled, window buttons hidden, title bar hidden
[2020.04.22-16.26.43:023][  0]LogSlate: Updating window title bar state: overlay mode, drag disabled, window buttons hidden, title bar hidden
[2020.04.22-16.26.43:028][  0]LogCollectionManager: Loaded 0 collections in 0.001090 seconds
[2020.04.22-16.26.43:049][  0]LogFileCache: Scanning file cache for directory 'F:/Unisinos_20_1/Motores/ProjetoMotores/InvadeTime/Saved/Collections/' took 0.00s
[2020.04.22-16.26.43:049][  0]LogFileCache: Scanning file cache for directory 'F:/Unisinos_20_1/Motores/ProjetoMotores/InvadeTime/Content/Developers/Mauricio/Collections/' took 0.00s
[2020.04.22-16.26.43:049][  0]LogFileCache: Scanning file cache for directory 'F:/Unisinos_20_1/Motores/ProjetoMotores/InvadeTime/Content/Collections/' took 0.00s
[2020.04.22-16.26.43:049][  0]LogContentBrowser: Native class hierarchy populated in 0.0149 seconds. Added 3015 classes and 717 folders.
[2020.04.22-16.26.43:053][  0]LogContentBrowser: Native class hierarchy updated for 'WidgetCarousel' in 0.0003 seconds. Added 0 classes and 0 folders.
[2020.04.22-16.26.43:151][  0]LogContentBrowser: Native class hierarchy updated for 'AddContentDialog' in 0.0003 seconds. Added 0 classes and 0 folders.
[2020.04.22-16.26.43:157][  0]LogContentBrowser: Native class hierarchy updated for 'SceneOutliner' in 0.0005 seconds. Added 2 classes and 3 folders.
[2020.04.22-16.26.43:210][  0]LogSlate: Took 0.000218 seconds to synchronously load lazily loaded font '../../../Engine/Content/Slate/Fonts/Roboto-Regular.ttf' (155K)
[2020.04.22-16.26.43:213][  0]LogSlate: Took 0.000173 seconds to synchronously load lazily loaded font '../../../Engine/Content/Slate/Fonts/Roboto-Bold.ttf' (160K)
[2020.04.22-16.26.43:219][  0]LogSlate: Took 0.000204 seconds to synchronously load lazily loaded font '../../../Engine/Content/Editor/Slate/Fonts/FontAwesome.ttf' (139K)
[2020.04.22-16.26.43:325][  0]LogRenderer: Reallocating scene render targets to support 1612x628 Format 10 NumSamples 1 (Frame:1).
[2020.04.22-16.26.43:481][  0]LogContentBrowser: Native class hierarchy updated for 'HierarchicalLODOutliner' in 0.0003 seconds. Added 0 classes and 0 folders.
[2020.04.22-16.26.43:481][  0]LogLoad: (Engine Initialization) Total time: 11.75 seconds
[2020.04.22-16.26.43:481][  0]LogLoad: (Engine Initialization) Total Blueprint compile time: 0.00 seconds
[2020.04.22-16.26.43:492][  0]LogWindowsTextInputMethodSystem: Display: IME system now deactivated.
[2020.04.22-16.26.43:542][  0]LogContentStreaming: Texture pool size now 1000 MB
[2020.04.22-16.26.43:558][  0]LogSlate: Took 0.000268 seconds to synchronously load lazily loaded font '../../../Engine/Content/Slate/Fonts/Roboto-Light.ttf' (167K)
[2020.04.22-16.26.43:581][  1]LogAssetRegistry: Asset discovery search completed in 7.5845 seconds
[2020.04.22-16.26.43:586][  1]LogCollectionManager: Fixed up redirectors for 0 collections in 0.000022 seconds (updated 0 objects)
[2020.04.22-17.02.34:579][281]LogEditorViewport: Clicking on Actor (LMB): TriggerVolume (TriggerVolume)
[2020.04.22-17.02.38:258][684]LogSlate: Took 0.000245 seconds to synchronously load lazily loaded font '../../../Engine/Content/Slate/Fonts/Roboto-Light.ttf' (167K)
[2020.04.22-17.02.52:802][674]LogSlate: Window 'Pick Parent Class' being destroyed
[2020.04.22-17.03.04:086][988]LogAssetEditorSubsystem: Opening Asset editor for Blueprint /Game/TopDownBP/TriggerPortaAuto.TriggerPortaAuto
[2020.04.22-17.03.04:325][988]LogContentBrowser: Native class hierarchy updated for 'BlueprintGraph' in 0.0009 seconds. Added 121 classes and 0 folders.
[2020.04.22-17.03.06:664][ 37]LogSlate: Took 0.000294 seconds to synchronously load lazily loaded font '../../../Engine/Content/Slate/Fonts/Roboto-Italic.ttf' (157K)
[2020.04.22-17.03.10:129][277]LogRenderer: Reallocating scene render targets to support 1612x708 Format 10 NumSamples 1 (Frame:253).
[2020.04.22-17.03.10:451][314]LogSlate: Window 'TriggerPortaAuto' being destroyed
[2020.04.22-17.03.12:888][575]LogEditorViewport: Clicking on Actor (LMB): TriggerVolume (TriggerVolume)
[2020.04.22-17.03.33:036][793]EditorErrors: New page: Actor attachment
[2020.04.22-17.03.59:007][666]Cmd: TRANSACTION UNDO
[2020.04.22-17.03.59:007][666]LogEditorTransaction: Undo Move Actors
[2020.04.22-17.04.46:660][188]LogUObjectHash: Compacting FUObjectHashTables data took   6.23ms
[2020.04.22-17.04.47:095][188]LogSavePackage: Moving 'F:/Unisinos_20_1/Motores/ProjetoMotores/InvadeTime/Saved/TopDownExampleMap_Auto1B38C8DD5440AD11416DF12AF1E9CCAE3.tmp' to 'F:/Unisinos_20_1/Motores/ProjetoMotores/InvadeTime/Saved/Autosaves/Game/TopDownBP/Maps/TopDownExampleMap_Auto1.umap'
[2020.04.22-17.04.47:097][188]LogFileHelpers: Editor autosave (incl. sublevels) for '/Game/TopDownBP/Maps/TopDownExampleMap' took 0.574
[2020.04.22-17.04.47:097][188]LogFileHelpers: Editor autosave (incl. sublevels) for all levels took 0.574
[2020.04.22-17.04.47:098][188]OBJ SavePackage: Generating thumbnails for [0] asset(s) in package [/Game/TopDownBP/TriggerPortaAuto] ([1] browsable assets)...
[2020.04.22-17.04.47:098][188]OBJ SavePackage: Finished generating thumbnails for package [/Game/TopDownBP/TriggerPortaAuto]
[2020.04.22-17.04.47:113][188]LogSavePackage: Moving 'F:/Unisinos_20_1/Motores/ProjetoMotores/InvadeTime/Saved/TriggerPortaAuto_Auto134886BA84CD0C2C88CEB43B02576690C.tmp' to 'F:/Unisinos_20_1/Motores/ProjetoMotores/InvadeTime/Saved/Autosaves/Game/TopDownBP/TriggerPortaAuto_Auto1.uasset'
[2020.04.22-17.04.47:114][188]LogFileHelpers: Auto-saving content packages took 0.016
[2020.04.22-17.05.12:609][451]LogEditorViewport: Clicking on Actor (LMB): StaticMeshActor (PortaAuto)
[2020.04.22-17.05.18:756][ 73]EditorErrors: New page: Actor attachment
[2020.04.22-17.05.38:457][938]EditorErrors: New page: Actor attachment
[2020.04.22-17.05.40:010][102]Cmd: TRANSACTION UNDO
[2020.04.22-17.05.40:010][102]LogEditorTransaction: Undo Attach actors
[2020.04.22-17.05.52:922][515]Cmd: TRANSACTION UNDO
[2020.04.22-17.05.52:922][515]LogEditorTransaction: Undo Move World Outliner Items
[2020.04.22-17.05.53:541][540]Cmd: TRANSACTION UNDO
[2020.04.22-17.05.53:541][540]LogEditorTransaction: Undo Edit Mobility
[2020.04.22-17.06.32:704][432]LogSlate: Took 0.000236 seconds to synchronously load lazily loaded font '../../../Engine/Content/Slate/Fonts/Roboto-BoldCondensed.ttf' (158K)
[2020.04.22-17.06.44:608][300]BlueprintLog: New page: Compile TriggerPortaAuto
[2020.04.22-17.06.45:080][300]LogUObjectHash: Compacting FUObjectHashTables data took   6.20ms
[2020.04.22-17.07.56:922][207]BlueprintLog: New page: Compile TriggerPortaAuto
[2020.04.22-17.07.57:377][207]LogUObjectHash: Compacting FUObjectHashTables data took   6.14ms
[2020.04.22-17.08.03:941][745]LogSlate: Window 'TriggerPortaAuto' being destroyed
[2020.04.22-17.08.09:040][317]Cmd: DELETE
[2020.04.22-17.08.09:040][317]Cmd: ACTOR DELETE
[2020.04.22-17.08.09:044][317]LogEditorActor: Deleted Actor: StaticMeshActor
[2020.04.22-17.08.09:218][317]LogUObjectHash: Compacting FUObjectHashTables data took   5.63ms
[2020.04.22-17.08.09:219][317]LogEditorActor: Deleted 1 Actors (0.178 secs)
[2020.04.22-17.08.47:914][ 23]LogEditorViewport: Clicking on Actor (context menu): TriggerPortaAuto_C (TriggerPortaAuto)
[2020.04.22-17.08.48:919][ 97]BlueprintLog: New page: Compile TriggerPortaAuto
[2020.04.22-17.08.49:401][ 97]LogUObjectHash: Compacting FUObjectHashTables data took   5.69ms
[2020.04.22-17.08.50:726][175]LogEditorViewport: Clicking on Actor (LMB): StaticMeshActor (Cube33)
[2020.04.22-17.08.51:527][228]LogEditorViewport: Clicking on Actor (LMB): TriggerPortaAuto_C (TriggerPortaAuto)
[2020.04.22-17.08.57:534][646]BlueprintLog: New page: Compile TriggerPortaAuto
[2020.04.22-17.08.58:017][646]LogUObjectHash: Compacting FUObjectHashTables data took   6.38ms
[2020.04.22-17.09.09:209][424]BlueprintLog: New page: Compile TriggerPortaAuto
[2020.04.22-17.09.09:691][424]LogUObjectHash: Compacting FUObjectHashTables data took   6.22ms
[2020.04.22-17.09.18:098][ 13]LogEditorTransaction: Undo Modify Component(s)
[2020.04.22-17.09.19:855][128]BlueprintLog: New page: Compile TriggerPortaAuto
[2020.04.22-17.09.20:345][128]LogUObjectHash: Compacting FUObjectHashTables data took   6.18ms
[2020.04.22-17.09.42:063][905]BlueprintLog: New page: Compile TriggerPortaAuto
[2020.04.22-17.09.42:544][905]LogUObjectHash: Compacting FUObjectHashTables data took   6.15ms
[2020.04.22-17.10.31:508][930]BlueprintLog: New page: Compile TriggerPortaAuto
[2020.04.22-17.10.31:978][930]LogUObjectHash: Compacting FUObjectHashTables data took   6.34ms
[2020.04.22-17.11.28:698][511]LogSlate: Window 'TriggerPortaAuto' being destroyed
[2020.04.22-17.11.28:702][511]LogSlate: Window 'TriggerPortaAuto' being destroyed
[2020.04.22-17.11.28:728][511]LogWorld: UWorld::CleanupWorld for World_1, bSessionEnded=true, bCleanupResources=true
[2020.04.22-17.11.28:728][511]LogSlate: InvalidateAllWidgets triggered.  All widgets were invalidated
[2020.04.22-17.11.30:385][640]LogSlate: Window 'Tutorials' being destroyed
[2020.04.22-17.11.31:820][773]Cmd: SELECT NONE
[2020.04.22-17.11.33:969][ 25]LogEditorViewport: Clicking on Actor (LMB): TriggerVolume (TriggerVolume)
[2020.04.22-17.11.41:076][795]Cmd: TRANSACTION UNDO
[2020.04.22-17.11.41:076][795]LogEditorTransaction: Undo Move Actors
[2020.04.22-17.11.58:660][569]LogActorFactory: Actor Factory created Cube
[2020.04.22-17.12.00:282][736]LogActorFactory: Actor Factory created Cube
[2020.04.22-17.12.01:927][918]Cmd: CAMERA ALIGN ACTIVEVIEWPORTONLY
[2020.04.22-17.12.32:567][262]LogEditorViewport: Clicking on Actor (LMB): StaticMeshActor (Cube5)
[2020.04.22-17.12.49:093][ 46]Cmd: CAMERA ALIGN ACTIVEVIEWPORTONLY
[2020.04.22-17.12.53:075][454]Cmd: CAMERA ALIGN ACTIVEVIEWPORTONLY
[2020.04.22-17.13.05:069][700]EditorErrors: New page: Actor attachment
[2020.04.22-17.14.15:388][816]LogAssetEditorSubsystem: Opening Asset editor for LevelScriptBlueprint /Game/TopDownBP/Maps/TopDownExampleMap.TopDownExampleMap:PersistentLevel.TopDownExampleMap
[2020.04.22-17.15.27:468][554]LogUObjectHash: Compacting FUObjectHashTables data took   7.22ms
[2020.04.22-17.15.27:897][554]LogSavePackage: Moving 'F:/Unisinos_20_1/Motores/ProjetoMotores/InvadeTime/Saved/TopDownExampleMap_Auto223E61FC54E878B5F671443BD0D328448.tmp' to 'F:/Unisinos_20_1/Motores/ProjetoMotores/InvadeTime/Saved/Autosaves/Game/TopDownBP/Maps/TopDownExampleMap_Auto2.umap'
[2020.04.22-17.15.27:906][554]LogFileHelpers: Editor autosave (incl. sublevels) for '/Game/TopDownBP/Maps/TopDownExampleMap' took 0.591
[2020.04.22-17.15.27:906][554]LogFileHelpers: Editor autosave (incl. sublevels) for all levels took 0.591
[2020.04.22-17.15.27:906][554]OBJ SavePackage: Generating thumbnails for [1] asset(s) in package [/Game/TopDownBP/TriggerPortaAuto] ([1] browsable assets)...
[2020.04.22-17.15.27:939][554]OBJ SavePackage:     Rendered thumbnail for [Blueprint /Game/TopDownBP/TriggerPortaAuto.TriggerPortaAuto]
[2020.04.22-17.15.27:939][554]OBJ SavePackage: Finished generating thumbnails for package [/Game/TopDownBP/TriggerPortaAuto]
[2020.04.22-17.15.27:963][554]LogSavePackage: Moving 'F:/Unisinos_20_1/Motores/ProjetoMotores/InvadeTime/Saved/TriggerPortaAuto_Auto2CCA98FB2463468AE819FA68476747AFA.tmp' to 'F:/Unisinos_20_1/Motores/ProjetoMotores/InvadeTime/Saved/Autosaves/Game/TopDownBP/TriggerPortaAuto_Auto2.uasset'
[2020.04.22-17.15.27:964][554]LogFileHelpers: Auto-saving content packages took 0.058
[2020.04.22-17.18.28:790][747]LogSlate: Took 0.000283 seconds to synchronously load lazily loaded font '../../../Engine/Content/Slate/Fonts/Roboto-BoldCondensedItalic.ttf' (160K)
[2020.04.22-17.24.24:731][844]BlueprintLog: New page: Collapse to Macro
[2020.04.22-17.25.28:347][639]LogUObjectHash: Compacting FUObjectHashTables data took   6.58ms
[2020.04.22-17.25.28:793][639]LogSavePackage: Moving 'F:/Unisinos_20_1/Motores/ProjetoMotores/InvadeTime/Saved/TopDownExampleMap_Auto35E1A42A344B3F4D18E9BD49F233C270A.tmp' to 'F:/Unisinos_20_1/Motores/ProjetoMotores/InvadeTime/Saved/Autosaves/Game/TopDownBP/Maps/TopDownExampleMap_Auto3.umap'
[2020.04.22-17.25.28:796][639]LogFileHelpers: Editor autosave (incl. sublevels) for '/Game/TopDownBP/Maps/TopDownExampleMap' took 0.616
[2020.04.22-17.25.28:796][639]LogFileHelpers: Editor autosave (incl. sublevels) for all levels took 0.616
[2020.04.22-17.35.42:222][675]LogUObjectHash: Compacting FUObjectHashTables data took   6.54ms
[2020.04.22-17.35.42:679][675]LogSavePackage: Moving 'F:/Unisinos_20_1/Motores/ProjetoMotores/InvadeTime/Saved/TopDownExampleMap_Auto474FF64444D45B54E5EBEC7A64ADAF14A.tmp' to 'F:/Unisinos_20_1/Motores/ProjetoMotores/InvadeTime/Saved/Autosaves/Game/TopDownBP/Maps/TopDownExampleMap_Auto4.umap'
[2020.04.22-17.35.42:681][675]LogFileHelpers: Editor autosave (incl. sublevels) for '/Game/TopDownBP/Maps/TopDownExampleMap' took 0.603
[2020.04.22-17.35.42:681][675]LogFileHelpers: Editor autosave (incl. sublevels) for all levels took 0.603
[2020.04.22-17.37.36:966][941]LogUObjectHash: Compacting FUObjectHashTables data took   6.51ms
[2020.04.22-17.37.37:368][941]LogSavePackage: Moving 'F:/Unisinos_20_1/Motores/ProjetoMotores/InvadeTime/Saved/TopDownExampleMap905D0DC8442D3DF2C488BEBBB92723D4.tmp' to 'F:/Unisinos_20_1/Motores/ProjetoMotores/InvadeTime/Content/TopDownBP/Maps/TopDownExampleMap.umap'
[2020.04.22-17.37.37:606][941]LogSavePackage: Moving 'F:/Unisinos_20_1/Motores/ProjetoMotores/InvadeTime/Saved/TopDownExampleMap_BuiltData791ED9D14312D5B9FDBA6DA3EFB81D6D.tmp' to 'F:/Unisinos_20_1/Motores/ProjetoMotores/InvadeTime/Content/TopDownBP/Maps/TopDownExampleMap_BuiltData.uasset'
[2020.04.22-17.37.37:627][941]AssetCheck: New page: Asset Save: multiple assets
[2020.04.22-17.37.37:627][941]LogContentValidation: Display: Validating World /Game/TopDownBP/Maps/TopDownExampleMap.TopDownExampleMap
[2020.04.22-17.37.37:627][941]LogContentValidation: Display: Validating MapBuildDataRegistry /Game/TopDownBP/Maps/TopDownExampleMap_BuiltData.TopDownExampleMap_BuiltData
[2020.04.22-17.38.10:784][267]LogEditorTransaction: Undo Collapses selected nodes into a single node
[2020.04.22-17.38.30:557][959]LogSlate: Window 'TopDownExampleMap' being destroyed
[2020.04.22-17.38.31:845][104]LogTemp: Repeating last play command: Selected Viewport
[2020.04.22-17.38.31:864][104]LogBlueprintUserMessages: Early PlayInEditor Detection: Level '/Game/TopDownBP/Maps/TopDownExampleMap.TopDownExampleMap:PersistentLevel' has LevelScriptBlueprint '/Game/TopDownBP/Maps/TopDownExampleMap.TopDownExampleMap:PersistentLevel.TopDownExampleMap' with GeneratedClass '/Game/TopDownBP/Maps/TopDownExampleMap.TopDownExampleMap_C' with ClassGeneratedBy '/Game/TopDownBP/Maps/TopDownExampleMap.TopDownExampleMap:PersistentLevel.TopDownExampleMap'
[2020.04.22-17.38.31:864][104]BlueprintLog: New page: Pre-Play auto-recompile
[2020.04.22-17.38.31:865][104]LogPlayLevel: [PlayLevel] Compiling TopDownExampleMap before play...
[2020.04.22-17.38.32:291][104]LogUObjectHash: Compacting FUObjectHashTables data took   6.62ms
[2020.04.22-17.38.32:293][104]LogPlayLevel: PlayLevel: Blueprint regeneration took 429 ms (1 blueprints)
[2020.04.22-17.38.32:294][104]PIE: New page: PIE session: TopDownExampleMap (Apr 22, 2020, 11:38:32 AM)
[2020.04.22-17.38.32:296][104]LogOnline: OSS: Creating online subsystem instance for: NULL
[2020.04.22-17.38.32:297][104]LogOnline: OSS: TryLoadSubsystemAndSetDefault: Loaded subsystem for module [NULL]
[2020.04.22-17.38.32:297][104]LogPlayLevel: Creating play world package: /Game/TopDownBP/Maps/UEDPIE_0_TopDownExampleMap
[2020.04.22-17.38.32:320][104]LogPlayLevel: PIE: StaticDuplicateObject took: (0.023170s)
[2020.04.22-17.38.32:322][104]LogAIModule: Creating AISystem for world TopDownExampleMap
[2020.04.22-17.38.32:322][104]LogPlayLevel: PIE: World Init took: (0.001850s)
[2020.04.22-17.38.32:322][104]LogPlayLevel: PIE: Created PIE world by copying editor world from /Game/TopDownBP/Maps/TopDownExampleMap.TopDownExampleMap to /Game/TopDownBP/Maps/UEDPIE_0_TopDownExampleMap.TopDownExampleMap (0.025302s)
[2020.04.22-17.38.32:469][104]LogUObjectHash: Compacting FUObjectHashTables data took   4.35ms
[2020.04.22-17.38.32:469][104]LogAudioMixer: Display: Audio Mixer Platform Settings:
[2020.04.22-17.38.32:469][104]LogAudioMixer: Display: 	Sample Rate:						  48000
[2020.04.22-17.38.32:469][104]LogAudioMixer: Display: 	Callback Buffer Frame Size Requested: 1024
[2020.04.22-17.38.32:469][104]LogAudioMixer: Display: 	Callback Buffer Frame Size To Use:	  1024
[2020.04.22-17.38.32:469][104]LogAudioMixer: Display: 	Number of buffers to queue:			  2
[2020.04.22-17.38.32:469][104]LogAudioMixer: Display: 	Max Channels (voices):				  32
[2020.04.22-17.38.32:470][104]LogAudioMixer: Display: 	Number of Async Source Workers:		  0
[2020.04.22-17.38.32:470][104]LogAudio: Display: AudioDevice MaxSources: 32
[2020.04.22-17.38.32:470][104]LogAudio: Display: Using built-in audio occlusion.
[2020.04.22-17.38.32:470][104]LogAudioMixer: Display: Initializing audio mixer.
[2020.04.22-17.38.32:480][104]LogAudioMixer: Display: Audio Device Output Speaker Info:
[2020.04.22-17.38.32:480][104]LogAudioMixer: Display: Name: Alto-falantes (Realtek High Definition Audio)
[2020.04.22-17.38.32:481][104]LogAudioMixer: Display: Is Default: Yes
[2020.04.22-17.38.32:481][104]LogAudioMixer: Display: Sample Rate: 48000
[2020.04.22-17.38.32:481][104]LogAudioMixer: Display: Channel Count Used: 2
[2020.04.22-17.38.32:481][104]LogAudioMixer: Display: Device Channel Count: 2
[2020.04.22-17.38.32:481][104]LogAudioMixer: Display: Channel Order:
[2020.04.22-17.38.32:481][104]LogAudioMixer: Display: 0: FrontLeft
[2020.04.22-17.38.32:481][104]LogAudioMixer: Display: 1: FrontRight
[2020.04.22-17.38.32:499][104]LogAudioMixer: Display: Using Audio Device Alto-falantes (Realtek High Definition Audio)
[2020.04.22-17.38.32:502][104]LogInit: FAudioDevice initialized.
[2020.04.22-17.38.32:514][104]LogLoad: Game class is 'TopDownGameMode_C'
[2020.04.22-17.38.32:518][104]LogWorld: Bringing World /Game/TopDownBP/Maps/UEDPIE_0_TopDownExampleMap.TopDownExampleMap up for play (max tick rate 0) at 2020.04.22-14.38.32
[2020.04.22-17.38.32:519][104]LogWorld: Bringing up level for play took: 0.002870
[2020.04.22-17.38.32:519][104]LogOnline: OSS: Creating online subsystem instance for: :Context_7
[2020.04.22-17.38.32:527][104]LogContentBrowser: Native class hierarchy updated for 'MovieSceneCapture' in 0.0005 seconds. Added 20 classes and 0 folders.
[2020.04.22-17.38.32:528][104]PIE: Play in editor start time for /Game/TopDownBP/Maps/UEDPIE_0_TopDownExampleMap 0.032
[2020.04.22-17.38.32:528][104]LogBlueprintUserMessages: Late PlayInEditor Detection: Level '/Game/TopDownBP/Maps/TopDownExampleMap.TopDownExampleMap:PersistentLevel' has LevelScriptBlueprint '/Game/TopDownBP/Maps/TopDownExampleMap.TopDownExampleMap:PersistentLevel.TopDownExampleMap' with GeneratedClass '/Game/TopDownBP/Maps/TopDownExampleMap.TopDownExampleMap_C' with ClassGeneratedBy '/Game/TopDownBP/Maps/TopDownExampleMap.TopDownExampleMap:PersistentLevel.TopDownExampleMap'
[2020.04.22-17.38.38:900][784]LogAudioMixer: Display: No commands were queued while flushing the source manager.
[2020.04.22-17.38.38:900][784]LogAudioMixer: Display: No commands were queued while flushing the source manager.
[2020.04.22-17.38.38:900][784]LogBlueprintUserMessages: Early EndPlayMap Detection: Level '/Game/TopDownBP/Maps/TopDownExampleMap.TopDownExampleMap:PersistentLevel' has LevelScriptBlueprint '/Game/TopDownBP/Maps/TopDownExampleMap.TopDownExampleMap:PersistentLevel.TopDownExampleMap' with GeneratedClass '/Game/TopDownBP/Maps/TopDownExampleMap.TopDownExampleMap_C' with ClassGeneratedBy '/Game/TopDownBP/Maps/TopDownExampleMap.TopDownExampleMap:PersistentLevel.TopDownExampleMap'
[2020.04.22-17.38.38:900][784]LogSlate: Updating window title bar state: overlay mode, drag disabled, window buttons hidden, title bar hidden
[2020.04.22-17.38.38:900][784]LogWorld: BeginTearingDown for /Game/TopDownBP/Maps/UEDPIE_0_TopDownExampleMap
[2020.04.22-17.38.38:900][784]LogAudioMixer: Display: No commands were queued while flushing the source manager.
[2020.04.22-17.38.38:900][784]LogWorld: UWorld::CleanupWorld for TopDownExampleMap, bSessionEnded=true, bCleanupResources=true
[2020.04.22-17.38.38:901][784]LogSlate: InvalidateAllWidgets triggered.  All widgets were invalidated
[2020.04.22-17.38.38:910][784]LogPlayLevel: Display: Shutting down PIE online subsystems
[2020.04.22-17.38.38:910][784]LogBlueprintUserMessages: Late EndPlayMap Detection: Level '/Game/TopDownBP/Maps/TopDownExampleMap.TopDownExampleMap:PersistentLevel' has LevelScriptBlueprint '/Game/TopDownBP/Maps/TopDownExampleMap.TopDownExampleMap:PersistentLevel.TopDownExampleMap' with GeneratedClass '/Game/TopDownBP/Maps/TopDownExampleMap.TopDownExampleMap_C' with ClassGeneratedBy '/Game/TopDownBP/Maps/TopDownExampleMap.TopDownExampleMap:PersistentLevel.TopDownExampleMap'
[2020.04.22-17.38.38:917][784]LogSlate: InvalidateAllWidgets triggered.  All widgets were invalidated
[2020.04.22-17.38.39:058][784]LogAudioMixer: Display: No commands were queued while flushing the source manager.
[2020.04.22-17.38.39:062][784]LogSlate: Updating window title bar state: overlay mode, drag disabled, window buttons hidden, title bar hidden
[2020.04.22-17.38.39:101][784]LogUObjectHash: Compacting FUObjectHashTables data took   7.26ms
[2020.04.22-17.38.39:137][785]LogPlayLevel: Display: Destroying online subsystem :Context_7
[2020.04.22-17.39.07:146][800]Cmd: CAMERA ALIGN ACTIVEVIEWPORTONLY
[2020.04.22-17.39.12:006][333]LogEditorViewport: Clicking on Actor (LMB): TriggerVolume (PortaAutoTrigger)
[2020.04.22-17.39.23:054][599]Cmd: DELETE
[2020.04.22-17.39.23:054][599]Cmd: ACTOR DELETE
[2020.04.22-17.39.24:614][599]LogSlate: Window 'Message' being destroyed
[2020.04.22-17.39.24:619][599]LogEditorActor: Deleted Actor: StaticMeshActor
[2020.04.22-17.39.24:740][599]LogUObjectHash: Compacting FUObjectHashTables data took   6.99ms
[2020.04.22-17.39.24:742][599]LogEditorActor: Deleted 1 Actors (0.127 secs)
[2020.04.22-17.39.36:577][757]LogSlate: Window 'Pick Parent Class' being destroyed
[2020.04.22-17.40.07:014][240]LogUObjectHash: Compacting FUObjectHashTables data took   5.62ms
[2020.04.22-17.40.07:025][240]LogBlueprint: Warning: [Compiler PersistentLevel.TopDownExampleMap] Node  Unknown  is not referencing a valid level actor
[2020.04.22-17.40.07:498][240]LogSavePackage: Moving 'F:/Unisinos_20_1/Motores/ProjetoMotores/InvadeTime/Saved/TopDownExampleMapBFFEB841481A361AA66AABBAF602243E.tmp' to 'F:/Unisinos_20_1/Motores/ProjetoMotores/InvadeTime/Content/TopDownBP/Maps/TopDownExampleMap.umap'
[2020.04.22-17.40.07:678][240]LogSavePackage: Moving 'F:/Unisinos_20_1/Motores/ProjetoMotores/InvadeTime/Saved/TopDownExampleMap_BuiltDataB2794745447F8721E5C9509A75A7085B.tmp' to 'F:/Unisinos_20_1/Motores/ProjetoMotores/InvadeTime/Content/TopDownBP/Maps/TopDownExampleMap_BuiltData.uasset'
[2020.04.22-17.40.07:697][240]AssetCheck: New page: Asset Save: multiple assets
[2020.04.22-17.40.07:697][240]LogContentValidation: Display: Validating World /Game/TopDownBP/Maps/TopDownExampleMap.TopDownExampleMap
[2020.04.22-17.40.07:697][240]LogContentValidation: Display: Validating MapBuildDataRegistry /Game/TopDownBP/Maps/TopDownExampleMap_BuiltData.TopDownExampleMap_BuiltData
