Log file open, 05/27/20 18:37:45
LogInit: Display: Running engine for game: InvadeTime
LogPlatformFile: Not using cached read wrapper
LogTaskGraph: Started task graph with 5 named threads and 23 total threads with 3 sets of task threads.
LogStats: Stats thread started at 17.230792
LogD3D11RHI: Loaded GFSDK_Aftermath_Lib.x64.dll
LogICUInternationalization: ICU TimeZone Detection - Raw Offset: -3:00, Platform Override: ''
LogPluginManager: Mounting plugin Paper2D
LogPluginManager: Mounting plugin AISupport
LogPluginManager: Mounting plugin LightPropagationVolume
LogPluginManager: Mounting plugin CameraShakePreviewer
LogPluginManager: Mounting plugin ActorLayerUtilities
LogPluginManager: Mounting plugin AnimationSharing
LogPluginManager: Mounting plugin CLionSourceCodeAccess
LogPluginManager: Mounting plugin CodeLiteSourceCodeAccess
LogPluginManager: Mounting plugin GitSourceControl
LogPluginManager: Mounting plugin KDevelopSourceCodeAccess
LogPluginManager: Mounting plugin NullSourceCodeAccess
LogPluginManager: Mounting plugin PerforceSourceControl
LogPluginManager: Mounting plugin PlasticSourceControl
LogPluginManager: Mounting plugin RiderSourceCodeAccess
LogPluginManager: Mounting plugin SubversionSourceControl
LogPluginManager: Mounting plugin UObjectPlugin
LogPluginManager: Mounting plugin VisualStudioCodeSourceCodeAccess
LogPluginManager: Mounting plugin VisualStudioSourceCodeAccess
LogPluginManager: Mounting plugin XCodeSourceCodeAccess
LogPluginManager: Mounting plugin AssetManagerEditor
LogPluginManager: Mounting plugin CryptoKeys
LogPluginManager: Mounting plugin CurveEditorTools
LogPluginManager: Mounting plugin DataValidation
LogPluginManager: Mounting plugin EditorScriptingUtilities
LogPluginManager: Mounting plugin FacialAnimation
LogPluginManager: Mounting plugin GameplayTagsEditor
LogPluginManager: Mounting plugin GeometryMode
LogPluginManager: Mounting plugin MacGraphicsSwitching
LogPluginManager: Mounting plugin MaterialAnalyzer
LogPluginManager: Mounting plugin MobileLauncherProfileWizard
LogPluginManager: Mounting plugin PluginBrowser
LogPluginManager: Mounting plugin SpeedTreeImporter
LogPluginManager: Mounting plugin DatasmithContent
LogPluginManager: Mounting plugin VariantManagerContent
LogPluginManager: Mounting plugin AlembicImporter
LogPluginManager: Mounting plugin AutomationUtils
LogPluginManager: Mounting plugin BackChannel
LogPluginManager: Mounting plugin ChaosCloth
LogPluginManager: Mounting plugin ChaosClothEditor
LogPluginManager: Mounting plugin ChaosEditor
LogPluginManager: Mounting plugin ChaosNiagara
LogPluginManager: Mounting plugin ChaosSolverPlugin
LogPluginManager: Mounting plugin CharacterAI
LogPluginManager: Mounting plugin GeometryCache
LogPluginManager: Mounting plugin GeometryCollectionPlugin
LogPluginManager: Mounting plugin GeometryProcessing
LogPluginManager: Mounting plugin PlanarCut
LogPluginManager: Mounting plugin PlatformCrypto
LogPluginManager: Mounting plugin ProxyLODPlugin
LogPluginManager: Mounting plugin SkeletalReduction
LogPluginManager: Mounting plugin Niagara
LogPluginManager: Mounting plugin MagicLeap
LogPluginManager: Mounting plugin MagicLeapLightEstimation
LogPluginManager: Mounting plugin MagicLeapMedia
LogPluginManager: Mounting plugin MagicLeapPassableWorld
LogPluginManager: Mounting plugin MLSDK
LogPluginManager: Mounting plugin AndroidMedia
LogPluginManager: Mounting plugin AvfMedia
LogPluginManager: Mounting plugin ImgMedia
LogPluginManager: Mounting plugin MediaCompositing
LogPluginManager: Mounting plugin MediaPlayerEditor
LogPluginManager: Mounting plugin WebMMedia
LogPluginManager: Mounting plugin WmfMedia
LogPluginManager: Mounting plugin MeshPainting
LogPluginManager: Mounting plugin TcpMessaging
LogPluginManager: Mounting plugin UdpMessaging
LogPluginManager: Mounting plugin ActorSequence
LogPluginManager: Mounting plugin LevelSequenceEditor
LogPluginManager: Mounting plugin MatineeToLevelSequence
LogPluginManager: Mounting plugin MovieRenderPipeline
LogPluginManager: Mounting plugin TemplateSequence
LogPluginManager: Mounting plugin NetcodeUnitTest
LogPluginManager: Mounting plugin NUTUnrealEngine4
LogPluginManager: Mounting plugin OnlineSubsystemGooglePlay
LogPluginManager: Mounting plugin OnlineSubsystemIOS
LogPluginManager: Mounting plugin OnlineSubsystem
LogPluginManager: Mounting plugin OnlineSubsystemNull
LogPluginManager: Mounting plugin OnlineSubsystemUtils
LogPluginManager: Mounting plugin LauncherChunkInstaller
LogPluginManager: Mounting plugin AndroidDeviceProfileSelector
LogPluginManager: Mounting plugin AndroidMoviePlayer
LogPluginManager: Mounting plugin AndroidPermission
LogPluginManager: Mounting plugin AppleImageUtils
LogPluginManager: Mounting plugin AppleMoviePlayer
LogPluginManager: Mounting plugin ArchVisCharacter
LogPluginManager: Mounting plugin AssetTags
LogPluginManager: Mounting plugin AudioCapture
LogPluginManager: Mounting plugin CableComponent
LogPluginManager: Mounting plugin CustomMeshComponent
LogPluginManager: Mounting plugin EditableMesh
LogPluginManager: Mounting plugin ExampleDeviceProfileSelector
LogPluginManager: Mounting plugin GoogleCloudMessaging
LogPluginManager: Mounting plugin GooglePAD
LogPluginManager: Mounting plugin IOSDeviceProfileSelector
LogPluginManager: Mounting plugin LinuxDeviceProfileSelector
LogPluginManager: Mounting plugin LocationServicesBPLibrary
LogPluginManager: Mounting plugin MobilePatchingUtils
LogPluginManager: Mounting plugin OculusVR
LogPluginManager: Mounting plugin PhysXVehicles
LogPluginManager: Mounting plugin PostSplashScreen
LogPluginManager: Mounting plugin ProceduralMeshComponent
LogPluginManager: Mounting plugin RuntimePhysXCooking
LogPluginManager: Mounting plugin SignificanceManager
LogPluginManager: Mounting plugin SoundFields
LogPluginManager: Mounting plugin SteamVR
LogPluginManager: Mounting plugin Synthesis
LogPluginManager: Mounting plugin WebMMoviePlayer
LogPluginManager: Mounting plugin WindowsMoviePlayer
LogPluginManager: Mounting plugin ScreenshotTools
LogInit: Using libcurl 7.55.1-DEV
LogInit:  - built for x86_64-pc-win32
LogInit:  - supports SSL with OpenSSL/1.1.1
LogInit:  - supports HTTP deflate (compression) using libz 1.2.8
LogInit:  - other features:
LogInit:      CURL_VERSION_SSL
LogInit:      CURL_VERSION_LIBZ
LogInit:      CURL_VERSION_IPV6
LogInit:      CURL_VERSION_ASYNCHDNS
LogInit:      CURL_VERSION_LARGEFILE
LogInit:      CURL_VERSION_IDN
LogInit:  CurlRequestOptions (configurable via config and command line):
LogInit:  - bVerifyPeer = true  - Libcurl will verify peer certificate
LogInit:  - bUseHttpProxy = false  - Libcurl will NOT use HTTP proxy
LogInit:  - bDontReuseConnections = false  - Libcurl will reuse connections
LogInit:  - MaxHostConnections = 16  - Libcurl will limit the number of connections to a host
LogInit:  - LocalHostAddr = Default
LogInit:  - BufferSize = 65536
LogOnline: OSS: Creating online subsystem instance for: NULL
LogInit: WinSock: version 1.1 (2.2), MaxSocks=32767, MaxUdp=65467
LogOnline: OSS: TryLoadSubsystemAndSetDefault: Loaded subsystem for module [NULL]
LogInit: Build: ++UE4+Release-4.25-CL-13144385
LogInit: Engine Version: 4.25.0-13144385+++UE4+Release-4.25
LogInit: Compatible Engine Version: 4.25.0-13144385+++UE4+Release-4.25
LogInit: Net CL: 13144385
LogInit: OS: Windows 10 (Release 1903) (), CPU: Intel(R) Core(TM) i7-7700HQ CPU @ 2.80GHz, GPU: Intel(R) HD Graphics 630
LogInit: Compiled (64-bit): May  2 2020 02:12:11
LogInit: Compiled with Visual C++: 19.24.28315.00
LogInit: Build Configuration: Development
LogInit: Branch Name: ++UE4+Release-4.25
LogInit: Command Line: 
LogInit: Base Directory: C:/Program Files/Epic Games/UE_4.25/Engine/Binaries/Win64/
LogInit: Allocator: TBB
LogInit: Installed Engine Build: 1
LogDevObjectVersion: Number of dev versions registered: 26
LogDevObjectVersion:   Dev-Blueprints (B0D832E4-1F89-4F0D-ACCF-7EB736FD4AA2): 10
LogDevObjectVersion:   Dev-Build (E1C64328-A22C-4D53-A36C-8E866417BD8C): 0
LogDevObjectVersion:   Dev-Core (375EC13C-06E4-48FB-B500-84F0262A717E): 4
LogDevObjectVersion:   Dev-Editor (E4B068ED-F494-42E9-A231-DA0B2E46BB41): 38
LogDevObjectVersion:   Dev-Framework (CFFC743F-43B0-4480-9391-14DF171D2073): 37
LogDevObjectVersion:   Dev-Mobile (B02B49B5-BB20-44E9-A304-32B752E40360): 2
LogDevObjectVersion:   Dev-Networking (A4E4105C-59A1-49B5-A7C5-40C4547EDFEE): 0
LogDevObjectVersion:   Dev-Online (39C831C9-5AE6-47DC-9A44-9C173E1C8E7C): 0
LogDevObjectVersion:   Dev-Physics (78F01B33-EBEA-4F98-B9B4-84EACCB95AA2): 4
LogDevObjectVersion:   Dev-Platform (6631380F-2D4D-43E0-8009-CF276956A95A): 0
LogDevObjectVersion:   Dev-Rendering (12F88B9F-8875-4AFC-A67C-D90C383ABD29): 43
LogDevObjectVersion:   Dev-Sequencer (7B5AE74C-D270-4C10-A958-57980B212A5A): 12
LogDevObjectVersion:   Dev-VR (D7296918-1DD6-4BDD-9DE2-64A83CC13884): 3
LogDevObjectVersion:   Dev-LoadTimes (C2A15278-BFE7-4AFE-6C17-90FF531DF755): 1
LogDevObjectVersion:   Private-Geometry (6EACA3D4-40EC-4CC1-B786-8BED09428FC5): 3
LogDevObjectVersion:   Dev-AnimPhys (29E575DD-E0A3-4627-9D10-D276232CDCEA): 17
LogDevObjectVersion:   Dev-Anim (AF43A65D-7FD3-4947-9873-3E8ED9C1BB05): 7
LogDevObjectVersion:   Dev-ReflectionCapture (6B266CEC-1EC7-4B8F-A30B-E4D90942FC07): 1
LogDevObjectVersion:   Dev-Automation (0DF73D61-A23F-47EA-B727-89E90C41499A): 1
LogDevObjectVersion:   FortniteMain (601D1886-AC64-4F84-AA16-D3DE0DEAC7D6): 31
LogDevObjectVersion:   Dev-Enterprise (9DFFBCD6-494F-0158-E221-12823C92A888): 10
LogDevObjectVersion:   Dev-Niagara (F2AED0AC-9AFE-416F-8664-AA7FFA26D6FC): 1
LogDevObjectVersion:   Dev-Destruction (174F1F0B-B4C6-45A5-B13F-2EE8D0FB917D): 10
LogDevObjectVersion:   Dev-Physics-Ext (35F94A83-E258-406C-A318-09F59610247C): 37
LogDevObjectVersion:   Dev-PhysicsMaterial-Chaos (B68FC16E-8B1B-42E2-B453-215C058844FE): 1
LogDevObjectVersion:   Dev-CineCamera (B2E18506-4273-CFC2-A54E-F4BB758BBA07): 1
LogInit: Presizing for max 25165824 objects, including 0 objects not considered by GC, pre-allocating 0 bytes for permanent pool.
LogConfig: Applying CVar settings from Section [/Script/Engine.StreamingSettings] File [C:/Users/artur/Desktop/GitClones/ProjetoMotores/InvadeTime 4.25/Saved/Config/Windows/Engine.ini]
LogConfig: Setting CVar [[s.MinBulkDataSizeForAsyncLoading:131072]]
LogConfig: Setting CVar [[s.AsyncLoadingThreadEnabled:0]]
LogConfig: Setting CVar [[s.EventDrivenLoaderEnabled:1]]
LogConfig: Setting CVar [[s.WarnIfTimeLimitExceeded:0]]
LogConfig: Setting CVar [[s.TimeLimitExceededMultiplier:1.5]]
LogConfig: Setting CVar [[s.TimeLimitExceededMinTime:0.005]]
LogConfig: Setting CVar [[s.UseBackgroundLevelStreaming:1]]
LogConfig: Setting CVar [[s.PriorityAsyncLoadingExtraTime:15.0]]
LogConfig: Setting CVar [[s.LevelStreamingActorsUpdateTimeLimit:5.0]]
LogConfig: Setting CVar [[s.PriorityLevelStreamingActorsUpdateExtraTime:5.0]]
LogConfig: Setting CVar [[s.LevelStreamingComponentsRegistrationGranularity:10]]
LogConfig: Setting CVar [[s.UnregisterComponentsTimeLimit:1.0]]
LogConfig: Setting CVar [[s.LevelStreamingComponentsUnregistrationGranularity:5]]
LogConfig: Setting CVar [[s.FlushStreamingOnExit:1]]
LogInit: Object subsystem initialized
LogConfig: Setting CVar [[con.DebugEarlyDefault:1]]
LogConfig: Setting CVar [[r.setres:1280x720]]
[2020.05.27-21.37.49:333][  0]LogConfig: Setting CVar [[r.VSync:0]]
[2020.05.27-21.37.49:333][  0]LogConfig: Setting CVar [[r.RHICmdBypass:0]]
[2020.05.27-21.37.49:334][  0]LogConfig: Applying CVar settings from Section [/Script/Engine.RendererSettings] File [C:/Users/artur/Desktop/GitClones/ProjetoMotores/InvadeTime 4.25/Saved/Config/Windows/Engine.ini]
[2020.05.27-21.37.49:334][  0]LogConfig: Setting CVar [[r.GPUCrashDebugging:0]]
[2020.05.27-21.37.49:334][  0]LogConfig: Applying CVar settings from Section [/Script/Engine.RendererOverrideSettings] File [C:/Users/artur/Desktop/GitClones/ProjetoMotores/InvadeTime 4.25/Saved/Config/Windows/Engine.ini]
[2020.05.27-21.37.49:334][  0]LogConfig: Applying CVar settings from Section [/Script/Engine.StreamingSettings] File [C:/Users/artur/Desktop/GitClones/ProjetoMotores/InvadeTime 4.25/Saved/Config/Windows/Engine.ini]
[2020.05.27-21.37.49:334][  0]LogConfig: Setting CVar [[s.MinBulkDataSizeForAsyncLoading:131072]]
[2020.05.27-21.37.49:334][  0]LogConfig: Setting CVar [[s.AsyncLoadingThreadEnabled:0]]
[2020.05.27-21.37.49:334][  0]LogConfig: Setting CVar [[s.EventDrivenLoaderEnabled:1]]
[2020.05.27-21.37.49:334][  0]LogConfig: Setting CVar [[s.WarnIfTimeLimitExceeded:0]]
[2020.05.27-21.37.49:334][  0]LogConfig: Setting CVar [[s.TimeLimitExceededMultiplier:1.5]]
[2020.05.27-21.37.49:334][  0]LogConfig: Setting CVar [[s.TimeLimitExceededMinTime:0.005]]
[2020.05.27-21.37.49:334][  0]LogConfig: Setting CVar [[s.UseBackgroundLevelStreaming:1]]
[2020.05.27-21.37.49:334][  0]LogConfig: Setting CVar [[s.PriorityAsyncLoadingExtraTime:15.0]]
[2020.05.27-21.37.49:334][  0]LogConfig: Setting CVar [[s.LevelStreamingActorsUpdateTimeLimit:5.0]]
[2020.05.27-21.37.49:334][  0]LogConfig: Setting CVar [[s.PriorityLevelStreamingActorsUpdateExtraTime:5.0]]
[2020.05.27-21.37.49:334][  0]LogConfig: Setting CVar [[s.LevelStreamingComponentsRegistrationGranularity:10]]
[2020.05.27-21.37.49:334][  0]LogConfig: Setting CVar [[s.UnregisterComponentsTimeLimit:1.0]]
[2020.05.27-21.37.49:334][  0]LogConfig: Setting CVar [[s.LevelStreamingComponentsUnregistrationGranularity:5]]
[2020.05.27-21.37.49:334][  0]LogConfig: Setting CVar [[s.FlushStreamingOnExit:1]]
[2020.05.27-21.37.49:334][  0]LogConfig: Applying CVar settings from Section [/Script/Engine.GarbageCollectionSettings] File [C:/Users/artur/Desktop/GitClones/ProjetoMotores/InvadeTime 4.25/Saved/Config/Windows/Engine.ini]
[2020.05.27-21.37.49:335][  0]LogConfig: Setting CVar [[gc.MaxObjectsNotConsideredByGC:1]]
[2020.05.27-21.37.49:335][  0]LogConfig: Setting CVar [[gc.SizeOfPermanentObjectPool:0]]
[2020.05.27-21.37.49:335][  0]LogConfig: Setting CVar [[gc.FlushStreamingOnGC:0]]
[2020.05.27-21.37.49:335][  0]LogConfig: Setting CVar [[gc.NumRetriesBeforeForcingGC:10]]
[2020.05.27-21.37.49:335][  0]LogConfig: Setting CVar [[gc.AllowParallelGC:1]]
[2020.05.27-21.37.49:335][  0]LogConfig: Setting CVar [[gc.TimeBetweenPurgingPendingKillObjects:61.1]]
[2020.05.27-21.37.49:335][  0]LogConfig: Setting CVar [[gc.MaxObjectsInEditor:25165824]]
[2020.05.27-21.37.49:335][  0]LogConfig: Setting CVar [[gc.IncrementalBeginDestroyEnabled:1]]
[2020.05.27-21.37.49:335][  0]LogConfig: Setting CVar [[gc.CreateGCClusters:1]]
[2020.05.27-21.37.49:335][  0]LogConfig: Setting CVar [[gc.MinGCClusterSize:5]]
[2020.05.27-21.37.49:335][  0]LogConfig: Setting CVar [[gc.ActorClusteringEnabled:0]]
[2020.05.27-21.37.49:335][  0]LogConfig: Setting CVar [[gc.BlueprintClusteringEnabled:0]]
[2020.05.27-21.37.49:335][  0]LogConfig: Setting CVar [[gc.UseDisregardForGCOnDedicatedServers:0]]
[2020.05.27-21.37.49:335][  0]LogConfig: Applying CVar settings from Section [/Script/Engine.NetworkSettings] File [C:/Users/artur/Desktop/GitClones/ProjetoMotores/InvadeTime 4.25/Saved/Config/Windows/Engine.ini]
[2020.05.27-21.37.49:335][  0]LogConfig: Applying CVar settings from Section [/Script/UnrealEd.CookerSettings] File [C:/Users/artur/Desktop/GitClones/ProjetoMotores/InvadeTime 4.25/Saved/Config/Windows/Engine.ini]
[2020.05.27-21.37.49:405][  0]LogConfig: Applying CVar settings from Section [ViewDistanceQuality@3] File [C:/Users/artur/Desktop/GitClones/ProjetoMotores/InvadeTime 4.25/Saved/Config/Windows/Scalability.ini]
[2020.05.27-21.37.49:405][  0]LogConfig: Setting CVar [[r.SkeletalMeshLODBias:0]]
[2020.05.27-21.37.49:405][  0]LogConfig: Setting CVar [[r.ViewDistanceScale:1.0]]
[2020.05.27-21.37.49:405][  0]LogConfig: Applying CVar settings from Section [AntiAliasingQuality@3] File [C:/Users/artur/Desktop/GitClones/ProjetoMotores/InvadeTime 4.25/Saved/Config/Windows/Scalability.ini]
[2020.05.27-21.37.49:406][  0]LogConfig: Setting CVar [[r.PostProcessAAQuality:4]]
[2020.05.27-21.37.49:406][  0]LogConfig: Applying CVar settings from Section [ShadowQuality@3] File [C:/Users/artur/Desktop/GitClones/ProjetoMotores/InvadeTime 4.25/Saved/Config/Windows/Scalability.ini]
[2020.05.27-21.37.49:406][  0]LogConfig: Setting CVar [[r.LightFunctionQuality:1]]
[2020.05.27-21.37.49:406][  0]LogConfig: Setting CVar [[r.ShadowQuality:5]]
[2020.05.27-21.37.49:406][  0]LogConfig: Setting CVar [[r.Shadow.CSM.MaxCascades:10]]
[2020.05.27-21.37.49:406][  0]LogConfig: Setting CVar [[r.Shadow.MaxResolution:2048]]
[2020.05.27-21.37.49:406][  0]LogConfig: Setting CVar [[r.Shadow.MaxCSMResolution:2048]]
[2020.05.27-21.37.49:406][  0]LogConfig: Setting CVar [[r.Shadow.RadiusThreshold:0.01]]
[2020.05.27-21.37.49:406][  0]LogConfig: Setting CVar [[r.Shadow.DistanceScale:1.0]]
[2020.05.27-21.37.49:406][  0]LogConfig: Setting CVar [[r.Shadow.CSM.TransitionScale:1.0]]
[2020.05.27-21.37.49:406][  0]LogConfig: Setting CVar [[r.Shadow.PreShadowResolutionFactor:1.0]]
[2020.05.27-21.37.49:406][  0]LogConfig: Setting CVar [[r.DistanceFieldShadowing:1]]
[2020.05.27-21.37.49:406][  0]LogConfig: Setting CVar [[r.DistanceFieldAO:1]]
[2020.05.27-21.37.49:406][  0]LogConfig: Setting CVar [[r.AOQuality:2]]
[2020.05.27-21.37.49:406][  0]LogConfig: Setting CVar [[r.VolumetricFog:1]]
[2020.05.27-21.37.49:406][  0]LogConfig: Setting CVar [[r.VolumetricFog.GridPixelSize:8]]
[2020.05.27-21.37.49:406][  0]LogConfig: Setting CVar [[r.VolumetricFog.GridSizeZ:128]]
[2020.05.27-21.37.49:406][  0]LogConfig: Setting CVar [[r.VolumetricFog.HistoryMissSupersampleCount:4]]
[2020.05.27-21.37.49:406][  0]LogConfig: Setting CVar [[r.LightMaxDrawDistanceScale:1]]
[2020.05.27-21.37.49:406][  0]LogConfig: Setting CVar [[r.CapsuleShadows:1]]
[2020.05.27-21.37.49:406][  0]LogConfig: Applying CVar settings from Section [PostProcessQuality@3] File [C:/Users/artur/Desktop/GitClones/ProjetoMotores/InvadeTime 4.25/Saved/Config/Windows/Scalability.ini]
[2020.05.27-21.37.49:406][  0]LogConfig: Setting CVar [[r.MotionBlurQuality:4]]
[2020.05.27-21.37.49:406][  0]LogConfig: Setting CVar [[r.AmbientOcclusionMipLevelFactor:0.4]]
[2020.05.27-21.37.49:406][  0]LogConfig: Setting CVar [[r.AmbientOcclusionMaxQuality:100]]
[2020.05.27-21.37.49:406][  0]LogConfig: Setting CVar [[r.AmbientOcclusionLevels:-1]]
[2020.05.27-21.37.49:406][  0]LogConfig: Setting CVar [[r.AmbientOcclusionRadiusScale:1.0]]
[2020.05.27-21.37.49:406][  0]LogConfig: Setting CVar [[r.DepthOfFieldQuality:2]]
[2020.05.27-21.37.49:406][  0]LogConfig: Setting CVar [[r.RenderTargetPoolMin:400]]
[2020.05.27-21.37.49:406][  0]LogConfig: Setting CVar [[r.LensFlareQuality:2]]
[2020.05.27-21.37.49:406][  0]LogConfig: Setting CVar [[r.SceneColorFringeQuality:1]]
[2020.05.27-21.37.49:406][  0]LogConfig: Setting CVar [[r.EyeAdaptationQuality:2]]
[2020.05.27-21.37.49:406][  0]LogConfig: Setting CVar [[r.BloomQuality:5]]
[2020.05.27-21.37.49:406][  0]LogConfig: Setting CVar [[r.FastBlurThreshold:100]]
[2020.05.27-21.37.49:406][  0]LogConfig: Setting CVar [[r.Upscale.Quality:3]]
[2020.05.27-21.37.49:406][  0]LogConfig: Setting CVar [[r.Tonemapper.GrainQuantization:1]]
[2020.05.27-21.37.49:407][  0]LogConfig: Setting CVar [[r.LightShaftQuality:1]]
[2020.05.27-21.37.49:407][  0]LogConfig: Setting CVar [[r.Filter.SizeScale:1]]
[2020.05.27-21.37.49:407][  0]LogConfig: Setting CVar [[r.Tonemapper.Quality:5]]
[2020.05.27-21.37.49:407][  0]LogConfig: Setting CVar [[r.DOF.Gather.AccumulatorQuality:1        ; higher gathering accumulator quality]]
[2020.05.27-21.37.49:407][  0]LogConfig: Setting CVar [[r.DOF.Gather.PostfilterMethod:1          ; Median3x3 postfilering method]]
[2020.05.27-21.37.49:407][  0]LogConfig: Setting CVar [[r.DOF.Gather.EnableBokehSettings:0       ; no bokeh simulation when gathering]]
[2020.05.27-21.37.49:407][  0]LogConfig: Setting CVar [[r.DOF.Gather.RingCount:4                 ; medium number of samples when gathering]]
[2020.05.27-21.37.49:407][  0]LogConfig: Setting CVar [[r.DOF.Scatter.ForegroundCompositing:1    ; additive foreground scattering]]
[2020.05.27-21.37.49:407][  0]LogConfig: Setting CVar [[r.DOF.Scatter.BackgroundCompositing:2    ; additive background scattering]]
[2020.05.27-21.37.49:407][  0]LogConfig: Setting CVar [[r.DOF.Scatter.EnableBokehSettings:1      ; bokeh simulation when scattering]]
[2020.05.27-21.37.49:407][  0]LogConfig: Setting CVar [[r.DOF.Scatter.MaxSpriteRatio:0.1         ; only a maximum of 10% of scattered bokeh]]
[2020.05.27-21.37.49:407][  0]LogConfig: Setting CVar [[r.DOF.Recombine.Quality:1                ; cheap slight out of focus]]
[2020.05.27-21.37.49:407][  0]LogConfig: Setting CVar [[r.DOF.Recombine.EnableBokehSettings:0    ; no bokeh simulation on slight out of focus]]
[2020.05.27-21.37.49:407][  0]LogConfig: Setting CVar [[r.DOF.TemporalAAQuality:1                ; more stable temporal accumulation]]
[2020.05.27-21.37.49:407][  0]LogConfig: Setting CVar [[r.DOF.Kernel.MaxForegroundRadius:0.025]]
[2020.05.27-21.37.49:407][  0]LogConfig: Setting CVar [[r.DOF.Kernel.MaxBackgroundRadius:0.025]]
[2020.05.27-21.37.49:407][  0]LogConfig: Applying CVar settings from Section [TextureQuality@3] File [C:/Users/artur/Desktop/GitClones/ProjetoMotores/InvadeTime 4.25/Saved/Config/Windows/Scalability.ini]
[2020.05.27-21.37.49:407][  0]LogConfig: Setting CVar [[r.Streaming.MipBias:0]]
[2020.05.27-21.37.49:407][  0]LogConfig: Setting CVar [[r.Streaming.AmortizeCPUToGPUCopy:0]]
[2020.05.27-21.37.49:407][  0]LogConfig: Setting CVar [[r.Streaming.MaxNumTexturesToStreamPerFrame:0]]
[2020.05.27-21.37.49:407][  0]LogConfig: Setting CVar [[r.Streaming.Boost:1]]
[2020.05.27-21.37.49:407][  0]LogConfig: Setting CVar [[r.MaxAnisotropy:8]]
[2020.05.27-21.37.49:407][  0]LogConfig: Setting CVar [[r.VT.MaxAnisotropy:8]]
[2020.05.27-21.37.49:407][  0]LogConfig: Setting CVar [[r.Streaming.LimitPoolSizeToVRAM:0]]
[2020.05.27-21.37.49:407][  0]LogConfig: Setting CVar [[r.Streaming.PoolSize:1000]]
[2020.05.27-21.37.49:407][  0]LogConfig: Setting CVar [[r.Streaming.MaxEffectiveScreenSize:0]]
[2020.05.27-21.37.49:407][  0]LogConfig: Applying CVar settings from Section [EffectsQuality@3] File [C:/Users/artur/Desktop/GitClones/ProjetoMotores/InvadeTime 4.25/Saved/Config/Windows/Scalability.ini]
[2020.05.27-21.37.49:407][  0]LogConfig: Setting CVar [[r.TranslucencyLightingVolumeDim:64]]
[2020.05.27-21.37.49:407][  0]LogConfig: Setting CVar [[r.RefractionQuality:2]]
[2020.05.27-21.37.49:407][  0]LogConfig: Setting CVar [[r.SSR.Quality:3]]
[2020.05.27-21.37.49:407][  0]LogConfig: Setting CVar [[r.SSR.HalfResSceneColor:0]]
[2020.05.27-21.37.49:407][  0]LogConfig: Setting CVar [[r.SceneColorFormat:4]]
[2020.05.27-21.37.49:407][  0]LogConfig: Setting CVar [[r.DetailMode:2]]
[2020.05.27-21.37.49:407][  0]LogConfig: Setting CVar [[r.TranslucencyVolumeBlur:1]]
[2020.05.27-21.37.49:407][  0]LogConfig: Setting CVar [[r.MaterialQualityLevel:1 ; High quality]]
[2020.05.27-21.37.49:407][  0]LogConfig: Setting CVar [[r.SSS.Scale:1]]
[2020.05.27-21.37.49:407][  0]LogConfig: Setting CVar [[r.SSS.SampleSet:2]]
[2020.05.27-21.37.49:408][  0]LogConfig: Setting CVar [[r.SSS.Quality:1]]
[2020.05.27-21.37.49:408][  0]LogConfig: Setting CVar [[r.SSS.HalfRes:0]]
[2020.05.27-21.37.49:408][  0]LogConfig: Setting CVar [[r.SSGI.Quality:3]]
[2020.05.27-21.37.49:408][  0]LogConfig: Setting CVar [[r.EmitterSpawnRateScale:1.0]]
[2020.05.27-21.37.49:408][  0]LogConfig: Setting CVar [[r.ParticleLightQuality:2]]
[2020.05.27-21.37.49:408][  0]LogConfig: Setting CVar [[r.SkyAtmosphere.AerialPerspectiveLUT.FastApplyOnOpaque:1 ; Always have FastSkyLUT 1 in this case to avoid wrong sky]]
[2020.05.27-21.37.49:408][  0]LogConfig: Setting CVar [[r.SkyAtmosphere.AerialPerspectiveLUT.SampleCountPerSlice:1]]
[2020.05.27-21.37.49:408][  0]LogConfig: Setting CVar [[r.SkyAtmosphere.AerialPerspectiveLUT.DepthResolution:16.0]]
[2020.05.27-21.37.49:408][  0]LogConfig: Setting CVar [[r.SkyAtmosphere.FastSkyLUT:1]]
[2020.05.27-21.37.49:408][  0]LogConfig: Setting CVar [[r.SkyAtmosphere.FastSkyLUT.SampleCountMin:4.0]]
[2020.05.27-21.37.49:408][  0]LogConfig: Setting CVar [[r.SkyAtmosphere.FastSkyLUT.SampleCountMax:32.0]]
[2020.05.27-21.37.49:408][  0]LogConfig: Setting CVar [[r.SkyAtmosphere.SampleCountMin:4.0]]
[2020.05.27-21.37.49:408][  0]LogConfig: Setting CVar [[r.SkyAtmosphere.SampleCountMax:32.0]]
[2020.05.27-21.37.49:408][  0]LogConfig: Setting CVar [[r.SkyAtmosphere.TransmittanceLUT.UseSmallFormat:0]]
[2020.05.27-21.37.49:408][  0]LogConfig: Setting CVar [[r.SkyAtmosphere.TransmittanceLUT.SampleCount:10.0]]
[2020.05.27-21.37.49:408][  0]LogConfig: Setting CVar [[r.SkyAtmosphere.MultiScatteringLUT.SampleCount:15.0]]
[2020.05.27-21.37.49:408][  0]LogConfig: Applying CVar settings from Section [FoliageQuality@3] File [C:/Users/artur/Desktop/GitClones/ProjetoMotores/InvadeTime 4.25/Saved/Config/Windows/Scalability.ini]
[2020.05.27-21.37.49:408][  0]LogConfig: Setting CVar [[foliage.DensityScale:1.0]]
[2020.05.27-21.37.49:408][  0]LogConfig: Setting CVar [[grass.DensityScale:1.0]]
[2020.05.27-21.37.49:408][  0]LogConfig: Applying CVar settings from Section [ShadingQuality@3] File [C:/Users/artur/Desktop/GitClones/ProjetoMotores/InvadeTime 4.25/Saved/Config/Windows/Scalability.ini]
[2020.05.27-21.37.49:408][  0]LogConfig: Setting CVar [[r.HairStrands.SkyLighting.SampleCount:16]]
[2020.05.27-21.37.49:408][  0]LogConfig: Setting CVar [[r.HairStrands.SkyLighting.JitterIntegration:0]]
[2020.05.27-21.37.49:408][  0]LogConfig: Setting CVar [[r.HairStrands.SkyAO.SampleCount:16]]
[2020.05.27-21.37.49:408][  0]LogConfig: Setting CVar [[r.HairStrands.DeepShadow.SuperSampling:0]]
[2020.05.27-21.37.49:408][  0]LogConfig: Setting CVar [[r.HairStrands.VisibilityPPLL:0]]
[2020.05.27-21.37.49:408][  0]LogConfig: Setting CVar [[r.HairStrands.RasterizationScale:0.5]]
[2020.05.27-21.37.49:408][  0]LogConfig: Setting CVar [[r.HairStrands.VelocityRasterizationScale:1]]
[2020.05.27-21.37.49:436][  0]LogInit: Selected Device Profile: [Windows]
[2020.05.27-21.37.49:436][  0]LogInit: Applying CVar settings loaded from the selected device profile: [Windows]
[2020.05.27-21.37.49:443][  0]LogHAL: Display: Platform has ~ 8 GB [8499200000 / 8589934592 / 8], which maps to Default [LargestMinGB=32, LargerMinGB=12, DefaultMinGB=8, SmallerMinGB=6, SmallestMinGB=0)
[2020.05.27-21.37.49:443][  0]LogInit: Going up to parent DeviceProfile []
[2020.05.27-21.37.49:449][  0]LogConfig: Applying CVar settings from Section [ViewDistanceQuality@3] File [C:/Users/artur/Desktop/GitClones/ProjetoMotores/InvadeTime 4.25/Saved/Config/Windows/Scalability.ini]
[2020.05.27-21.37.49:449][  0]LogConfig: Setting CVar [[r.SkeletalMeshLODBias:0]]
[2020.05.27-21.37.49:449][  0]LogConfig: Setting CVar [[r.ViewDistanceScale:1.0]]
[2020.05.27-21.37.49:449][  0]LogConfig: Applying CVar settings from Section [AntiAliasingQuality@3] File [C:/Users/artur/Desktop/GitClones/ProjetoMotores/InvadeTime 4.25/Saved/Config/Windows/Scalability.ini]
[2020.05.27-21.37.49:449][  0]LogConfig: Setting CVar [[r.PostProcessAAQuality:4]]
[2020.05.27-21.37.49:449][  0]LogConfig: Applying CVar settings from Section [ShadowQuality@3] File [C:/Users/artur/Desktop/GitClones/ProjetoMotores/InvadeTime 4.25/Saved/Config/Windows/Scalability.ini]
[2020.05.27-21.37.49:449][  0]LogConfig: Setting CVar [[r.LightFunctionQuality:1]]
[2020.05.27-21.37.49:449][  0]LogConfig: Setting CVar [[r.ShadowQuality:5]]
[2020.05.27-21.37.49:449][  0]LogConfig: Setting CVar [[r.Shadow.CSM.MaxCascades:10]]
[2020.05.27-21.37.49:449][  0]LogConfig: Setting CVar [[r.Shadow.MaxResolution:2048]]
[2020.05.27-21.37.49:449][  0]LogConfig: Setting CVar [[r.Shadow.MaxCSMResolution:2048]]
[2020.05.27-21.37.49:449][  0]LogConfig: Setting CVar [[r.Shadow.RadiusThreshold:0.01]]
[2020.05.27-21.37.49:449][  0]LogConfig: Setting CVar [[r.Shadow.DistanceScale:1.0]]
[2020.05.27-21.37.49:449][  0]LogConfig: Setting CVar [[r.Shadow.CSM.TransitionScale:1.0]]
[2020.05.27-21.37.49:449][  0]LogConfig: Setting CVar [[r.Shadow.PreShadowResolutionFactor:1.0]]
[2020.05.27-21.37.49:449][  0]LogConfig: Setting CVar [[r.DistanceFieldShadowing:1]]
[2020.05.27-21.37.49:449][  0]LogConfig: Setting CVar [[r.DistanceFieldAO:1]]
[2020.05.27-21.37.49:449][  0]LogConfig: Setting CVar [[r.AOQuality:2]]
[2020.05.27-21.37.49:449][  0]LogConfig: Setting CVar [[r.VolumetricFog:1]]
[2020.05.27-21.37.49:449][  0]LogConfig: Setting CVar [[r.VolumetricFog.GridPixelSize:8]]
[2020.05.27-21.37.49:449][  0]LogConfig: Setting CVar [[r.VolumetricFog.GridSizeZ:128]]
[2020.05.27-21.37.49:450][  0]LogConfig: Setting CVar [[r.VolumetricFog.HistoryMissSupersampleCount:4]]
[2020.05.27-21.37.49:450][  0]LogConfig: Setting CVar [[r.LightMaxDrawDistanceScale:1]]
[2020.05.27-21.37.49:450][  0]LogConfig: Setting CVar [[r.CapsuleShadows:1]]
[2020.05.27-21.37.49:450][  0]LogConfig: Applying CVar settings from Section [PostProcessQuality@3] File [C:/Users/artur/Desktop/GitClones/ProjetoMotores/InvadeTime 4.25/Saved/Config/Windows/Scalability.ini]
[2020.05.27-21.37.49:450][  0]LogConfig: Setting CVar [[r.MotionBlurQuality:4]]
[2020.05.27-21.37.49:450][  0]LogConfig: Setting CVar [[r.AmbientOcclusionMipLevelFactor:0.4]]
[2020.05.27-21.37.49:450][  0]LogConfig: Setting CVar [[r.AmbientOcclusionMaxQuality:100]]
[2020.05.27-21.37.49:450][  0]LogConfig: Setting CVar [[r.AmbientOcclusionLevels:-1]]
[2020.05.27-21.37.49:450][  0]LogConfig: Setting CVar [[r.AmbientOcclusionRadiusScale:1.0]]
[2020.05.27-21.37.49:450][  0]LogConfig: Setting CVar [[r.DepthOfFieldQuality:2]]
[2020.05.27-21.37.49:450][  0]LogConfig: Setting CVar [[r.RenderTargetPoolMin:400]]
[2020.05.27-21.37.49:450][  0]LogConfig: Setting CVar [[r.LensFlareQuality:2]]
[2020.05.27-21.37.49:450][  0]LogConfig: Setting CVar [[r.SceneColorFringeQuality:1]]
[2020.05.27-21.37.49:450][  0]LogConfig: Setting CVar [[r.EyeAdaptationQuality:2]]
[2020.05.27-21.37.49:450][  0]LogConfig: Setting CVar [[r.BloomQuality:5]]
[2020.05.27-21.37.49:450][  0]LogConfig: Setting CVar [[r.FastBlurThreshold:100]]
[2020.05.27-21.37.49:450][  0]LogConfig: Setting CVar [[r.Upscale.Quality:3]]
[2020.05.27-21.37.49:450][  0]LogConfig: Setting CVar [[r.Tonemapper.GrainQuantization:1]]
[2020.05.27-21.37.49:450][  0]LogConfig: Setting CVar [[r.LightShaftQuality:1]]
[2020.05.27-21.37.49:450][  0]LogConfig: Setting CVar [[r.Filter.SizeScale:1]]
[2020.05.27-21.37.49:450][  0]LogConfig: Setting CVar [[r.Tonemapper.Quality:5]]
[2020.05.27-21.37.49:450][  0]LogConfig: Setting CVar [[r.DOF.Gather.AccumulatorQuality:1        ; higher gathering accumulator quality]]
[2020.05.27-21.37.49:450][  0]LogConfig: Setting CVar [[r.DOF.Gather.PostfilterMethod:1          ; Median3x3 postfilering method]]
[2020.05.27-21.37.49:450][  0]LogConfig: Setting CVar [[r.DOF.Gather.EnableBokehSettings:0       ; no bokeh simulation when gathering]]
[2020.05.27-21.37.49:450][  0]LogConfig: Setting CVar [[r.DOF.Gather.RingCount:4                 ; medium number of samples when gathering]]
[2020.05.27-21.37.49:450][  0]LogConfig: Setting CVar [[r.DOF.Scatter.ForegroundCompositing:1    ; additive foreground scattering]]
[2020.05.27-21.37.49:450][  0]LogConfig: Setting CVar [[r.DOF.Scatter.BackgroundCompositing:2    ; additive background scattering]]
[2020.05.27-21.37.49:450][  0]LogConfig: Setting CVar [[r.DOF.Scatter.EnableBokehSettings:1      ; bokeh simulation when scattering]]
[2020.05.27-21.37.49:450][  0]LogConfig: Setting CVar [[r.DOF.Scatter.MaxSpriteRatio:0.1         ; only a maximum of 10% of scattered bokeh]]
[2020.05.27-21.37.49:450][  0]LogConfig: Setting CVar [[r.DOF.Recombine.Quality:1                ; cheap slight out of focus]]
[2020.05.27-21.37.49:450][  0]LogConfig: Setting CVar [[r.DOF.Recombine.EnableBokehSettings:0    ; no bokeh simulation on slight out of focus]]
[2020.05.27-21.37.49:450][  0]LogConfig: Setting CVar [[r.DOF.TemporalAAQuality:1                ; more stable temporal accumulation]]
[2020.05.27-21.37.49:450][  0]LogConfig: Setting CVar [[r.DOF.Kernel.MaxForegroundRadius:0.025]]
[2020.05.27-21.37.49:450][  0]LogConfig: Setting CVar [[r.DOF.Kernel.MaxBackgroundRadius:0.025]]
[2020.05.27-21.37.49:450][  0]LogConfig: Applying CVar settings from Section [TextureQuality@3] File [C:/Users/artur/Desktop/GitClones/ProjetoMotores/InvadeTime 4.25/Saved/Config/Windows/Scalability.ini]
[2020.05.27-21.37.49:450][  0]LogConfig: Setting CVar [[r.Streaming.MipBias:0]]
[2020.05.27-21.37.49:450][  0]LogConfig: Setting CVar [[r.Streaming.AmortizeCPUToGPUCopy:0]]
[2020.05.27-21.37.49:450][  0]LogConfig: Setting CVar [[r.Streaming.MaxNumTexturesToStreamPerFrame:0]]
[2020.05.27-21.37.49:451][  0]LogConfig: Setting CVar [[r.Streaming.Boost:1]]
[2020.05.27-21.37.49:451][  0]LogConfig: Setting CVar [[r.MaxAnisotropy:8]]
[2020.05.27-21.37.49:451][  0]LogConfig: Setting CVar [[r.VT.MaxAnisotropy:8]]
[2020.05.27-21.37.49:451][  0]LogConfig: Setting CVar [[r.Streaming.LimitPoolSizeToVRAM:0]]
[2020.05.27-21.37.49:451][  0]LogConfig: Setting CVar [[r.Streaming.PoolSize:1000]]
[2020.05.27-21.37.49:451][  0]LogConfig: Setting CVar [[r.Streaming.MaxEffectiveScreenSize:0]]
[2020.05.27-21.37.49:451][  0]LogConfig: Applying CVar settings from Section [EffectsQuality@3] File [C:/Users/artur/Desktop/GitClones/ProjetoMotores/InvadeTime 4.25/Saved/Config/Windows/Scalability.ini]
[2020.05.27-21.37.49:451][  0]LogConfig: Setting CVar [[r.TranslucencyLightingVolumeDim:64]]
[2020.05.27-21.37.49:451][  0]LogConfig: Setting CVar [[r.RefractionQuality:2]]
[2020.05.27-21.37.49:451][  0]LogConfig: Setting CVar [[r.SSR.Quality:3]]
[2020.05.27-21.37.49:451][  0]LogConfig: Setting CVar [[r.SSR.HalfResSceneColor:0]]
[2020.05.27-21.37.49:451][  0]LogConfig: Setting CVar [[r.SceneColorFormat:4]]
[2020.05.27-21.37.49:451][  0]LogConfig: Setting CVar [[r.DetailMode:2]]
[2020.05.27-21.37.49:451][  0]LogConfig: Setting CVar [[r.TranslucencyVolumeBlur:1]]
[2020.05.27-21.37.49:451][  0]LogConfig: Setting CVar [[r.MaterialQualityLevel:1 ; High quality]]
[2020.05.27-21.37.49:451][  0]LogConfig: Setting CVar [[r.SSS.Scale:1]]
[2020.05.27-21.37.49:451][  0]LogConfig: Setting CVar [[r.SSS.SampleSet:2]]
[2020.05.27-21.37.49:451][  0]LogConfig: Setting CVar [[r.SSS.Quality:1]]
[2020.05.27-21.37.49:451][  0]LogConfig: Setting CVar [[r.SSS.HalfRes:0]]
[2020.05.27-21.37.49:451][  0]LogConfig: Setting CVar [[r.SSGI.Quality:3]]
[2020.05.27-21.37.49:451][  0]LogConfig: Setting CVar [[r.EmitterSpawnRateScale:1.0]]
[2020.05.27-21.37.49:451][  0]LogConfig: Setting CVar [[r.ParticleLightQuality:2]]
[2020.05.27-21.37.49:451][  0]LogConfig: Setting CVar [[r.SkyAtmosphere.AerialPerspectiveLUT.FastApplyOnOpaque:1 ; Always have FastSkyLUT 1 in this case to avoid wrong sky]]
[2020.05.27-21.37.49:451][  0]LogConfig: Setting CVar [[r.SkyAtmosphere.AerialPerspectiveLUT.SampleCountPerSlice:1]]
[2020.05.27-21.37.49:451][  0]LogConfig: Setting CVar [[r.SkyAtmosphere.AerialPerspectiveLUT.DepthResolution:16.0]]
[2020.05.27-21.37.49:451][  0]LogConfig: Setting CVar [[r.SkyAtmosphere.FastSkyLUT:1]]
[2020.05.27-21.37.49:451][  0]LogConfig: Setting CVar [[r.SkyAtmosphere.FastSkyLUT.SampleCountMin:4.0]]
[2020.05.27-21.37.49:451][  0]LogConfig: Setting CVar [[r.SkyAtmosphere.FastSkyLUT.SampleCountMax:32.0]]
[2020.05.27-21.37.49:451][  0]LogConfig: Setting CVar [[r.SkyAtmosphere.SampleCountMin:4.0]]
[2020.05.27-21.37.49:451][  0]LogConfig: Setting CVar [[r.SkyAtmosphere.SampleCountMax:32.0]]
[2020.05.27-21.37.49:451][  0]LogConfig: Setting CVar [[r.SkyAtmosphere.TransmittanceLUT.UseSmallFormat:0]]
[2020.05.27-21.37.49:451][  0]LogConfig: Setting CVar [[r.SkyAtmosphere.TransmittanceLUT.SampleCount:10.0]]
[2020.05.27-21.37.49:451][  0]LogConfig: Setting CVar [[r.SkyAtmosphere.MultiScatteringLUT.SampleCount:15.0]]
[2020.05.27-21.37.49:451][  0]LogConfig: Applying CVar settings from Section [FoliageQuality@3] File [C:/Users/artur/Desktop/GitClones/ProjetoMotores/InvadeTime 4.25/Saved/Config/Windows/Scalability.ini]
[2020.05.27-21.37.49:451][  0]LogConfig: Setting CVar [[foliage.DensityScale:1.0]]
[2020.05.27-21.37.49:451][  0]LogConfig: Setting CVar [[grass.DensityScale:1.0]]
[2020.05.27-21.37.49:451][  0]LogConfig: Applying CVar settings from Section [ShadingQuality@3] File [C:/Users/artur/Desktop/GitClones/ProjetoMotores/InvadeTime 4.25/Saved/Config/Windows/Scalability.ini]
[2020.05.27-21.37.49:451][  0]LogConfig: Setting CVar [[r.HairStrands.SkyLighting.SampleCount:16]]
[2020.05.27-21.37.49:451][  0]LogConfig: Setting CVar [[r.HairStrands.SkyLighting.JitterIntegration:0]]
[2020.05.27-21.37.49:451][  0]LogConfig: Setting CVar [[r.HairStrands.SkyAO.SampleCount:16]]
[2020.05.27-21.37.49:452][  0]LogConfig: Setting CVar [[r.HairStrands.DeepShadow.SuperSampling:0]]
[2020.05.27-21.37.49:452][  0]LogConfig: Setting CVar [[r.HairStrands.VisibilityPPLL:0]]
[2020.05.27-21.37.49:452][  0]LogConfig: Setting CVar [[r.HairStrands.RasterizationScale:0.5]]
[2020.05.27-21.37.49:452][  0]LogConfig: Setting CVar [[r.HairStrands.VelocityRasterizationScale:1]]
[2020.05.27-21.37.49:452][  0]LogConfig: Applying CVar settings from Section [Startup] File [../../../Engine/Config/ConsoleVariables.ini]
[2020.05.27-21.37.49:467][  0]LogConfig: Setting CVar [[net.UseAdaptiveNetUpdateFrequency:0]]
[2020.05.27-21.37.49:467][  0]LogConfig: Setting CVar [[p.chaos.AllowCreatePhysxBodies:1]]
[2020.05.27-21.37.49:467][  0]LogConfig: Setting CVar [[fx.SkipVectorVMBackendOptimizations:1]]
[2020.05.27-21.37.49:467][  0]LogConfig: Applying CVar settings from Section [ConsoleVariables] File [C:/Users/artur/Desktop/GitClones/ProjetoMotores/InvadeTime 4.25/Saved/Config/Windows/Engine.ini]
[2020.05.27-21.37.49:469][  0]LogInit: Computer: LAPTOP-QGNF29DD
[2020.05.27-21.37.49:469][  0]LogInit: User: artur
[2020.05.27-21.37.49:469][  0]LogInit: CPU Page size=4096, Cores=4
[2020.05.27-21.37.49:469][  0]LogInit: High frequency timer resolution =10.000000 MHz
[2020.05.27-21.37.49:481][  0]LogMemory: Memory total: Physical=7.9GB (8GB approx)
[2020.05.27-21.37.49:481][  0]LogMemory: Platform Memory Stats for Windows
[2020.05.27-21.37.49:481][  0]LogMemory: Process Physical Memory: 114.58 MB used, 114.59 MB peak
[2020.05.27-21.37.49:481][  0]LogMemory: Process Virtual Memory: 96.33 MB used, 96.33 MB peak
[2020.05.27-21.37.49:482][  0]LogMemory: Physical Memory: 5743.21 MB used,  2362.26 MB free, 8105.47 MB total
[2020.05.27-21.37.49:482][  0]LogMemory: Virtual Memory: 5109.74 MB used,  134212616.00 MB free, 134217728.00 MB total
[2020.05.27-21.37.49:507][  0]LogWindows: WindowsPlatformFeatures enabled
[2020.05.27-21.37.50:753][  0]LogInit: Physics initialised using underlying interface: PhysX
[2020.05.27-21.37.50:770][  0]LogInit: Overriding language with editor language configuration option (en).
[2020.05.27-21.37.50:770][  0]LogInit: Overriding locale with editor locale configuration option (en).
[2020.05.27-21.37.52:141][  0]LogInit: Setting process to per monitor DPI aware
[2020.05.27-21.37.52:807][  0]LogSlate: New Slate User Created.  User Index 0, Is Virtual User: 0
[2020.05.27-21.37.52:807][  0]LogSlate: Slate User Registered.  User Index 0, Is Virtual User: 0
[2020.05.27-21.37.58:279][  0]LogHMD: Failed to initialize OpenVR with code 110
[2020.05.27-21.37.58:279][  0]LogD3D11RHI: D3D11 min allowed feature level: 11_0
[2020.05.27-21.37.58:279][  0]LogD3D11RHI: D3D11 max allowed feature level: 11_0
[2020.05.27-21.37.58:279][  0]LogD3D11RHI: D3D11 adapters:
[2020.05.27-21.37.58:655][  0]LogD3D11RHI:    0. 'NVIDIA GeForce GTX 1050' (Feature Level 11_0)
[2020.05.27-21.37.58:655][  0]LogD3D11RHI:       4021/0/4052 MB DedicatedVideo/DedicatedSystem/SharedSystem, Outputs:1, VendorId:0x10de
[2020.05.27-21.37.58:665][  0]LogD3D11RHI:    1. 'Intel(R) HD Graphics 630' (Feature Level 11_0)
[2020.05.27-21.37.58:665][  0]LogD3D11RHI:       128/0/4052 MB DedicatedVideo/DedicatedSystem/SharedSystem, Outputs:0, VendorId:0x8086
[2020.05.27-21.37.58:668][  0]LogD3D11RHI:    2. 'Microsoft Basic Render Driver' (Feature Level 11_0)
[2020.05.27-21.37.58:668][  0]LogD3D11RHI:       0/0/4052 MB DedicatedVideo/DedicatedSystem/SharedSystem, Outputs:0, VendorId:0x1414
[2020.05.27-21.37.58:668][  0]LogD3D11RHI: Chosen D3D11 Adapter: 0
[2020.05.27-21.37.58:725][  0]LogD3D11RHI: Creating new Direct3DDevice
[2020.05.27-21.37.58:725][  0]LogD3D11RHI:     GPU DeviceId: 0x1c8d (for the marketing name, search the web for "GPU Device Id")
[2020.05.27-21.37.58:725][  0]LogWindows: EnumDisplayDevices:
[2020.05.27-21.37.58:726][  0]LogWindows:    0. 'Intel(R) HD Graphics 630' (P:1 D:1)
[2020.05.27-21.37.58:726][  0]LogWindows:    1. 'Intel(R) HD Graphics 630' (P:0 D:0)
[2020.05.27-21.37.58:727][  0]LogWindows:    2. 'Intel(R) HD Graphics 630' (P:0 D:0)
[2020.05.27-21.37.58:727][  0]LogWindows: DebugString: PrimaryIsNotTheChoosenAdapter PrimaryIsNotTheChoosenAdapter PrimaryIsNotTheChoosenAdapter FoundDriverCount:0 
[2020.05.27-21.37.58:727][  0]LogD3D11RHI:     Adapter Name: NVIDIA GeForce GTX 1050
[2020.05.27-21.37.58:727][  0]LogD3D11RHI:   Driver Version: Unknown (internal:Unknown, unified:Unknown)
[2020.05.27-21.37.58:727][  0]LogD3D11RHI:      Driver Date: Unknown
[2020.05.27-21.37.58:727][  0]LogRHI: Texture pool is 2814 MB (70% of 4021 MB)
[2020.05.27-21.37.58:875][  0]LogD3D11RHI: RHI has support for 64 bit atomics
[2020.05.27-21.37.58:951][  0]LogD3D11RHI: [Aftermath] Enabled and primed
[2020.05.27-21.37.58:952][  0]LogD3D11RHI: Async texture creation enabled
[2020.05.27-21.37.58:952][  0]LogD3D11RHI: Array index from any shader is supported
[2020.05.27-21.37.59:350][  0]LogD3D11RHI: GPU Timing Frequency: 1000.000000 (Debug: 2 1)
[2020.05.27-21.38.02:225][  0]LogTargetPlatformManager: Display: Loaded TargetPlatform 'AllDesktop'
[2020.05.27-21.38.02:284][  0]LogTargetPlatformManager: Display: Loaded TargetPlatform 'Android'
[2020.05.27-21.38.02:284][  0]LogTargetPlatformManager: Display: Loaded TargetPlatform 'Android_ASTC'
[2020.05.27-21.38.02:284][  0]LogTargetPlatformManager: Display: Loaded TargetPlatform 'Android_DXT'
[2020.05.27-21.38.02:284][  0]LogTargetPlatformManager: Display: Loaded TargetPlatform 'Android_ETC2'
[2020.05.27-21.38.02:284][  0]LogTargetPlatformManager: Display: Loaded TargetPlatform 'AndroidClient'
[2020.05.27-21.38.02:284][  0]LogTargetPlatformManager: Display: Loaded TargetPlatform 'Android_ASTCClient'
[2020.05.27-21.38.02:284][  0]LogTargetPlatformManager: Display: Loaded TargetPlatform 'Android_DXTClient'
[2020.05.27-21.38.02:284][  0]LogTargetPlatformManager: Display: Loaded TargetPlatform 'Android_ETC2Client'
[2020.05.27-21.38.02:284][  0]LogTargetPlatformManager: Display: Loaded TargetPlatform 'Android_Multi'
[2020.05.27-21.38.02:284][  0]LogTargetPlatformManager: Display: Loaded TargetPlatform 'Android_MultiClient'
[2020.05.27-21.38.02:502][  0]LogTargetPlatformManager: Display: Loaded TargetPlatform 'IOSClient'
[2020.05.27-21.38.02:502][  0]LogTargetPlatformManager: Display: Loaded TargetPlatform 'IOS'
[2020.05.27-21.38.02:584][  0]LogTargetPlatformManager: Display: Loaded TargetPlatform 'Linux'
[2020.05.27-21.38.02:616][  0]LogTargetPlatformManager: Display: Loaded TargetPlatform 'LinuxNoEditor'
[2020.05.27-21.38.02:662][  0]LogTargetPlatformManager: Display: Loaded TargetPlatform 'LinuxClient'
[2020.05.27-21.38.02:705][  0]LogTargetPlatformManager: Display: Loaded TargetPlatform 'LinuxServer'
[2020.05.27-21.38.02:753][  0]LogTargetPlatformManager: Display: Loaded TargetPlatform 'LinuxAArch64NoEditor'
[2020.05.27-21.38.02:848][  0]LogTargetPlatformManager: Display: Loaded TargetPlatform 'LinuxAArch64Client'
[2020.05.27-21.38.02:883][  0]LogTargetPlatformManager: Display: Loaded TargetPlatform 'LinuxAArch64Server'
[2020.05.27-21.38.02:944][  0]LogTargetPlatformManager: Display: Loaded TargetPlatform 'Lumin'
[2020.05.27-21.38.02:944][  0]LogTargetPlatformManager: Display: Loaded TargetPlatform 'LuminClient'
[2020.05.27-21.38.02:991][  0]LogTargetPlatformManager: Display: Loaded TargetPlatform 'TVOSClient'
[2020.05.27-21.38.02:991][  0]LogTargetPlatformManager: Display: Loaded TargetPlatform 'TVOS'
[2020.05.27-21.38.03:094][  0]LogTargetPlatformManager: Display: Loaded TargetPlatform 'WindowsNoEditor'
[2020.05.27-21.38.03:145][  0]LogTargetPlatformManager: Display: Loaded TargetPlatform 'Windows'
[2020.05.27-21.38.03:244][  0]LogTargetPlatformManager: Display: Loaded TargetPlatform 'WindowsClient'
[2020.05.27-21.38.03:297][  0]LogTargetPlatformManager: Display: Loaded TargetPlatform 'WindowsServer'
[2020.05.27-21.38.03:297][  0]LogTargetPlatformManager: Display: Building Assets For Windows
[2020.05.27-21.38.03:640][  0]LogAudioDebug: Display: Lib vorbis DLL was dynamically loaded.
[2020.05.27-21.38.04:826][  0]LogShaderCompilers: Guid format shader working directory is -33 characters bigger than the processId version (../../../../../../Users/artur/Desktop/GitClones/ProjetoMotores/InvadeTime 4.25/Intermediate/Shaders/WorkingDirectory/57392/).
[2020.05.27-21.38.04:827][  0]LogShaderCompilers: Cleaned the shader compiler working directory 'C:/Users/artur/AppData/Local/Temp/UnrealShaderWorkingDir/1CE4F6744BBA52589EF092A50D77E1F6/'.
[2020.05.27-21.38.04:835][  0]LogXGEController: Cleaning working directory: C:/Users/artur/AppData/Local/Temp/UnrealXGEWorkingDir/
[2020.05.27-21.38.05:004][  0]LogShaderCompilers: Display: Using XGE Shader Compiler (Interception Interface).
[2020.05.27-21.38.12:744][  0]LogDerivedDataCache: Display: Max Cache Size: 512 MB
[2020.05.27-21.38.14:233][  0]LogDerivedDataCache: Loaded boot cache 1.46s 104MB C:/Users/artur/AppData/Local/UnrealEngine/4.25/DerivedDataCache/Boot.ddc.
[2020.05.27-21.38.14:233][  0]LogDerivedDataCache: Display: Loaded Boot cache: C:/Users/artur/AppData/Local/UnrealEngine/4.25/DerivedDataCache/Boot.ddc
[2020.05.27-21.38.14:233][  0]LogDerivedDataCache: FDerivedDataBackendGraph:  Pak pak cache file ../../../../../../Users/artur/Desktop/GitClones/ProjetoMotores/InvadeTime 4.25/DerivedDataCache/DDC.ddp not found, will not use a pak cache.
[2020.05.27-21.38.14:233][  0]LogDerivedDataCache: Unable to find inner node Pak for hierarchical cache Hierarchy.
[2020.05.27-21.38.14:233][  0]LogDerivedDataCache: FDerivedDataBackendGraph:  CompressedPak pak cache file ../../../../../../Users/artur/Desktop/GitClones/ProjetoMotores/InvadeTime 4.25/DerivedDataCache/Compressed.ddp not found, will not use a pak cache.
[2020.05.27-21.38.14:233][  0]LogDerivedDataCache: Unable to find inner node CompressedPak for hierarchical cache Hierarchy.
[2020.05.27-21.38.14:299][  0]LogDerivedDataCache: Display: Pak cache opened for reading ../../../Engine/DerivedDataCache/Compressed.ddp.
[2020.05.27-21.38.14:299][  0]LogDerivedDataCache: FDerivedDataBackendGraph:  EnterprisePak pak cache file ../../../Enterprise/DerivedDataCache/Compressed.ddp not found, will not use a pak cache.
[2020.05.27-21.38.14:299][  0]LogDerivedDataCache: Unable to find inner node EnterprisePak for hierarchical cache Hierarchy.
[2020.05.27-21.38.14:381][  0]LogDerivedDataCache: Using Local data cache path C:/Users/artur/AppData/Local/UnrealEngine/Common/DerivedDataCache: Writable
[2020.05.27-21.38.14:381][  0]LogDerivedDataCache: Shared data cache path not found in *engine.ini, will not use an Shared cache.
[2020.05.27-21.38.14:381][  0]LogDerivedDataCache: Unable to find inner node Shared for hierarchical cache Hierarchy.
[2020.05.27-21.38.14:649][  0]LogSlate: Using FreeType 2.10.0
[2020.05.27-21.38.14:777][  0]LogSlate: SlateFontServices - WITH_FREETYPE: 1, WITH_HARFBUZZ: 1
[2020.05.27-21.38.16:966][  0]LogAssetRegistry: FAssetRegistry took 0.0099 seconds to start up
[2020.05.27-21.38.22:955][  0]LogInit: Selected Device Profile: [Windows]
[2020.05.27-21.38.25:890][  0]LogMeshReduction: Using QuadricMeshReduction for automatic static mesh reduction
[2020.05.27-21.38.25:890][  0]LogMeshReduction: Using SimplygonMeshReduction for automatic skeletal mesh reduction
[2020.05.27-21.38.25:890][  0]LogMeshReduction: Using ProxyLODMeshReduction for automatic mesh merging
[2020.05.27-21.38.25:890][  0]LogMeshReduction: No distributed automatic mesh merging module available
[2020.05.27-21.38.25:891][  0]LogMeshMerging: No distributed automatic mesh merging module available
[2020.05.27-21.38.27:103][  0]LogNetVersion: InvadeTime 1.0.0, NetCL: 13144385, EngineNetVer: 14, GameNetVer: 0 (Checksum: 3200246280)
[2020.05.27-21.38.44:901][  0]LogAISub: UAISubsystem::UAISubsystem AISubsystem (000002517D6A6940), frame # 0
[2020.05.27-21.38.44:901][  0]LogAISub: UAISubsystem::UAISubsystem AIPerceptionSystem (000002517D54A0C0), frame # 0
[2020.05.27-21.38.44:919][  0]LogAISub: UAISubsystem::UAISubsystem EnvQueryManager (000002517D595E00), frame # 0
[2020.05.27-21.38.45:897][  0]LogPackageLocalizationCache: Processed 19 localized package path(s) for 1 prioritized culture(s) in 0.507602 seconds
[2020.05.27-21.38.45:974][  0]LogUObjectArray: 15917 objects as part of root set at end of initial load.
[2020.05.27-21.38.45:989][  0]LogUObjectAllocator: 3965568 out of 0 bytes used by permanent object pool.
[2020.05.27-21.38.45:989][  0]LogUObjectArray: CloseDisregardForGC: 0/0 objects in disregard for GC pool
[2020.05.27-21.38.53:574][  0]LogTcpMessaging: Initializing TcpMessaging bridge
[2020.05.27-21.38.53:705][  0]LogUdpMessaging: Initializing bridge on interface 0.0.0.0:0 to multicast group 230.0.0.1:6666.
[2020.05.27-21.38.55:043][  0]SourceControl: Source control is disabled
[2020.05.27-21.38.55:061][  0]SourceControl: Source control is disabled
[2020.05.27-21.38.55:189][  0]SourceControl: Source control is disabled
[2020.05.27-21.38.55:222][  0]SourceControl: Source control is disabled
[2020.05.27-21.38.55:289][  0]SourceControl: Source control is disabled
[2020.05.27-21.39.00:299][  0]LogAndroidPermission: UAndroidPermissionCallbackProxy::GetInstance
[2020.05.27-21.39.00:489][  0]LogAudioCaptureCore: Display: No Audio Capture implementations found. Audio input will be silent.
[2020.05.27-21.39.00:489][  0]LogAudioCaptureCore: Display: No Audio Capture implementations found. Audio input will be silent.
[2020.05.27-21.39.01:028][  0]LogOcInput: OculusInput pre-init called
[2020.05.27-21.39.01:161][  0]LogWindows: Failed to load 'OVRPlugin.dll' (GetLastError=126)
[2020.05.27-21.39.01:161][  0]LogWindows: File 'OVRPlugin.dll' does not exist
[2020.05.27-21.39.10:540][  0]LogAutomationTest: Warning: Smoke tests took > 2s to run: 6.64s
[2020.05.27-21.39.11:085][  0]LogEngine: Initializing Engine...
[2020.05.27-21.39.11:223][  0]LogHMD: Failed to initialize OpenVR with code 110
[2020.05.27-21.39.11:291][  0]LogMagicLeap: Warning: VR disabled because ZI is not enabled.  To enable, in the editor, Edit -> Project Settings -> Plugins -> Magic Leap Plugin -> Enable Zero Iteration
[2020.05.27-21.39.11:603][  0]LogStats: UGameplayTagsManager::InitializeManager -  0.107 s
[2020.05.27-21.39.13:422][  0]LogInit: Initializing FReadOnlyCVARCache
[2020.05.27-21.39.15:366][  0]LogAIModule: Creating AISystem for world Untitled
[2020.05.27-21.39.15:366][  0]LogAISub: UAISubsystem::UAISubsystem EnvQueryManager (00000251021BFC00), frame # 0
[2020.05.27-21.39.15:367][  0]LogAISub: UAISubsystem::UAISubsystem AIPerceptionSystem (00000251021FE200), frame # 0
[2020.05.27-21.39.15:844][  0]LogAudioMixer: Display: Audio Mixer Platform Settings:
[2020.05.27-21.39.15:844][  0]LogAudioMixer: Display: 	Sample Rate:						  48000
[2020.05.27-21.39.15:844][  0]LogAudioMixer: Display: 	Callback Buffer Frame Size Requested: 1024
[2020.05.27-21.39.15:844][  0]LogAudioMixer: Display: 	Callback Buffer Frame Size To Use:	  1024
[2020.05.27-21.39.15:844][  0]LogAudioMixer: Display: 	Number of buffers to queue:			  2
[2020.05.27-21.39.15:844][  0]LogAudioMixer: Display: 	Max Channels (voices):				  32
[2020.05.27-21.39.15:844][  0]LogAudioMixer: Display: 	Number of Async Source Workers:		  0
[2020.05.27-21.39.15:855][  0]LogAudio: Display: AudioDevice MaxSources: 32
[2020.05.27-21.39.15:931][  0]LogAudio: Display: Using built-in audio occlusion.
[2020.05.27-21.39.15:933][  0]LogAudioMixer: Display: Initializing audio mixer.
[2020.05.27-21.39.16:521][  0]LogAudioMixer: Display: 0: FrontLeft
[2020.05.27-21.39.16:521][  0]LogAudioMixer: Display: 1: FrontRight
[2020.05.27-21.39.17:171][  0]LogAudioMixer: Display: Using Audio Device Alto-falantes (Realtek(R) Audio)
[2020.05.27-21.39.17:221][  0]LogAudioMixer: Display: Initializing Sound Submixes...
[2020.05.27-21.39.17:332][  0]LogAudioMixer: Display: Creating Master Submix 'MasterSubmixDefault'
[2020.05.27-21.39.17:332][  0]LogAudioMixer: Display: Creating Master Submix 'MasterReverbSubmixDefault'
[2020.05.27-21.39.17:335][  0]LogAudioMixer: Display: Creating Master Submix 'MasterEQSubmixDefault'
[2020.05.27-21.39.17:336][  0]LogInit: FAudioDevice initialized.
[2020.05.27-21.39.17:520][  0]LogNetVersion: Set ProjectVersion to 1.0.0.0. Version Checksum will be recalculated on next use.
[2020.05.27-21.39.21:968][  0]LogDerivedDataCache: Saved boot cache 4.45s 104MB C:/Users/artur/AppData/Local/UnrealEngine/4.25/DerivedDataCache/Boot.ddc.
[2020.05.27-21.39.21:970][  0]LogInit: Texture streaming: Enabled
[2020.05.27-21.39.25:521][  0]LogEngineSessionManager: EngineSessionManager initialized
[2020.05.27-21.39.25:521][  0]LogEditorSessionSummary: Verbose: Initializing EditorSessionSummaryWriter for editor session tracking
[2020.05.27-21.39.25:673][  0]LogEditorSessionSummary: EditorSessionSummaryWriter initialized
[2020.05.27-21.39.27:776][  0]LogInit: Transaction tracking system initialized
[2020.05.27-21.39.33:072][  0]BlueprintLog: New page: Editor Load
[2020.05.27-21.39.39:298][  0]LocalizationService: Localization service is disabled
[2020.05.27-21.39.52:370][  0]LogFileCache: Scanning file cache for directory 'C:/Users/artur/Desktop/GitClones/ProjetoMotores/InvadeTime 4.25/Content/' took 0.14s
[2020.05.27-21.39.52:370][  0]LogCook: Display: Max memory allowance for cook 16384mb min free memory 0mb
[2020.05.27-21.39.52:373][  0]LogCook: Display: Mobile HDR setting 1
[2020.05.27-21.40.11:516][  0]SourceControl: Source control is disabled
[2020.05.27-21.40.11:565][  0]LogUnrealEdMisc: Loading editor; pre map load, took 205.367
[2020.05.27-21.40.11:979][  0]Cmd: MAP LOAD FILE="../../../../../../Users/artur/Desktop/GitClones/ProjetoMotores/InvadeTime 4.25/Content/TopDownBP/Maps/TopDownExampleMap.umap" TEMPLATE=0 SHOWPROGRESS=1 FEATURELEVEL=3
[2020.05.27-21.40.12:102][  0]LightingResults: New page: Lighting Build
[2020.05.27-21.40.13:304][  0]LogWorld: UWorld::CleanupWorld for Untitled, bSessionEnded=true, bCleanupResources=true
[2020.05.27-21.40.13:389][  0]LogSlate: InvalidateAllWidgets triggered.  All widgets were invalidated
[2020.05.27-21.40.13:470][  0]MapCheck: New page: Map Check
[2020.05.27-21.40.13:470][  0]LightingResults: New page: Lighting Build
[2020.05.27-21.40.15:418][  0]LogAISub: UAISubsystem::~UAISubsystem EnvQueryManager (00000251021BFC00), frame # 0
[2020.05.27-21.40.15:424][  0]LogAISub: UAISubsystem::~UAISubsystem AIPerceptionSystem (00000251021FE200), frame # 0
[2020.05.27-21.40.15:675][  0]LogUObjectHash: Compacting FUObjectHashTables data took   1.37ms
[2020.05.27-21.40.33:974][  0]LogAIModule: Creating AISystem for world TopDownExampleMap
[2020.05.27-21.40.33:974][  0]LogAISub: UAISubsystem::UAISubsystem EnvQueryManager (0000025114969000), frame # 0
[2020.05.27-21.40.33:974][  0]LogAISub: UAISubsystem::UAISubsystem AIPerceptionSystem (0000025114963B00), frame # 0
[2020.05.27-21.40.36:050][  0]LogMaterial: Display: Material /Game/StarterContent/Materials/M_Water_Lake.M_Water_Lake needed to have new flag set bUsedWithSkeletalMesh !
[2020.05.27-21.40.36:095][  0]LogMaterial: Display: Missing cached shader map for material M_Water_Lake, compiling. 
[2020.05.27-21.40.36:764][  0]MapCheck: Warning: M_Water_Lake Material /Game/StarterContent/Materials/M_Water_Lake.M_Water_Lake was missing the usage flag bUsedWithSkeletalMesh. If the material asset is not re-saved, it may not render correctly when run outside the editor. Fix
[2020.05.27-21.40.38:089][  0]LogEditorServer: Finished looking for orphan Actors (0.000 secs)
[2020.05.27-21.40.38:871][  0]LogNavigationDataBuild: Display:    Building NavData:  Name Default class /Script/NavigationSystem.RecastNavMesh agent radius 35.0.
[2020.05.27-21.40.39:429][  0]LogUObjectHash: Compacting FUObjectHashTables data took   1.01ms
[2020.05.27-21.40.39:464][  0]Cmd: MAP CHECKDEP NOCLEARLOG
[2020.05.27-21.40.39:497][  0]MapCheck: Map check complete: 0 Error(s), 1 Warning(s), took 33.114ms to complete.
[2020.05.27-21.40.41:202][  0]LogFileHelpers: Loading map 'TopDownExampleMap' took 29.326
[2020.05.27-21.40.47:646][  0]LogUnrealEdMisc: Total Editor Startup Time, took 241.448
[2020.05.27-21.40.52:607][  0]LogSlate: Updating window title bar state: overlay mode, drag disabled, window buttons hidden, title bar hidden
[2020.05.27-21.40.52:617][  0]LogSlate: Updating window title bar state: overlay mode, drag disabled, window buttons hidden, title bar hidden
[2020.05.27-21.40.52:625][  0]LogSlate: Updating window title bar state: overlay mode, drag disabled, window buttons hidden, title bar hidden
[2020.05.27-21.40.52:632][  0]LogSlate: Updating window title bar state: overlay mode, drag disabled, window buttons hidden, title bar hidden
[2020.05.27-21.40.53:082][  0]LogCollectionManager: Loaded 0 collections in 0.110905 seconds
[2020.05.27-21.40.53:456][  0]LogFileCache: Scanning file cache for directory 'C:/Users/artur/Desktop/GitClones/ProjetoMotores/InvadeTime 4.25/Saved/Collections/' took 0.00s
[2020.05.27-21.40.53:456][  0]LogFileCache: Scanning file cache for directory 'C:/Users/artur/Desktop/GitClones/ProjetoMotores/InvadeTime 4.25/Content/Developers/artur/Collections/' took 0.00s
[2020.05.27-21.40.53:456][  0]LogFileCache: Scanning file cache for directory 'C:/Users/artur/Desktop/GitClones/ProjetoMotores/InvadeTime 4.25/Content/Collections/' took 0.00s
[2020.05.27-21.40.53:456][  0]LogContentBrowser: Native class hierarchy populated in 0.0127 seconds. Added 3426 classes and 820 folders.
[2020.05.27-21.40.53:807][  0]LogContentBrowser: Native class hierarchy updated for 'WidgetCarousel' in 0.0004 seconds. Added 0 classes and 0 folders.
[2020.05.27-21.40.58:014][  0]LogContentBrowser: Native class hierarchy updated for 'AddContentDialog' in 0.0003 seconds. Added 0 classes and 0 folders.
[2020.05.27-21.40.58:968][  0]LogSlate: Took 0.045559 seconds to synchronously load lazily loaded font '../../../Engine/Content/Slate/Fonts/Roboto-Regular.ttf' (155K)
[2020.05.27-21.40.59:037][  0]LogSlate: Took 0.036782 seconds to synchronously load lazily loaded font '../../../Engine/Content/Slate/Fonts/Roboto-Bold.ttf' (160K)
[2020.05.27-21.40.59:170][  0]LogSlate: Took 0.011723 seconds to synchronously load lazily loaded font '../../../Engine/Content/Editor/Slate/Fonts/FontAwesome.ttf' (139K)
[2020.05.27-21.41.00:726][  0]LogRenderer: Reallocating scene render targets to support 964x432 Format 10 NumSamples 1 (Frame:1).
[2020.05.27-21.41.03:156][  0]LogContentBrowser: Native class hierarchy updated for 'HierarchicalLODOutliner' in 0.0004 seconds. Added 0 classes and 0 folders.
[2020.05.27-21.41.03:156][  0]LogLoad: (Engine Initialization) Total time: 256.96 seconds
[2020.05.27-21.41.03:156][  0]LogLoad: (Engine Initialization) Total Blueprint compile time: 0.00 seconds
[2020.05.27-21.41.04:012][  0]LogContentStreaming: Texture pool size now 1000 MB
[2020.05.27-21.41.04:687][  0]LogSlate: Took 0.032942 seconds to synchronously load lazily loaded font '../../../Engine/Content/Slate/Fonts/Roboto-Light.ttf' (167K)
[2020.05.27-21.41.05:634][  2]LogAssetRegistry: Asset discovery search completed in 168.6720 seconds
[2020.05.27-21.41.05:666][  2]LogCollectionManager: Fixed up redirectors for 0 collections in 0.007218 seconds (updated 0 objects)
[2020.05.27-21.41.05:797][  2]LogSlate: Took 0.000290 seconds to synchronously load lazily loaded font '../../../Engine/Content/Slate/Fonts/Roboto-Light.ttf' (167K)
[2020.05.27-21.41.22:887][265]LogEditorViewport: Clicking on Actor (LMB): StaticMeshActor (Floor)
[2020.05.27-21.41.33:141][745]LogSlate: Took 0.018184 seconds to synchronously load lazily loaded font '../../../Engine/Content/Slate/Fonts/Roboto-Italic.ttf' (157K)
[2020.05.27-21.44.47:295][628]LogEditorViewport: Clicking on Actor (LMB): StaticMeshActor (Floor)
[2020.05.27-21.44.48:138][647]LogEditorViewport: Clicking on Actor (LMB): NPC_Patrol_C (NPC_Patrol)
[2020.05.27-21.44.57:192][125]LogUObjectHash: Compacting FUObjectHashTables data took   0.85ms
[2020.05.27-21.44.59:546][245]LogEditorViewport: Clicking on Actor (LMB): NPC_Patrol_C (NPC_Patrol2)
[2020.05.27-21.45.00:997][325]Cmd: DELETE
[2020.05.27-21.45.00:997][325]Cmd: ACTOR DELETE
[2020.05.27-21.45.02:175][325]LogEditorActor: Deleted Actor: NPC_Patrol_C
[2020.05.27-21.45.02:186][325]LogUObjectHash: Compacting FUObjectHashTables data took   0.80ms
[2020.05.27-21.45.02:188][325]LogEditorActor: Deleted 1 Actors (0.233 secs)
[2020.05.27-21.54.08:226][642]LogUObjectHash: Compacting FUObjectHashTables data took   0.36ms
[2020.05.27-21.54.16:425][642]LogSlate: Window 'Save Content' being destroyed
[2020.05.27-21.54.17:802][642]LogSavePackage: Moving '../../../../../../Users/artur/Desktop/GitClones/ProjetoMotores/InvadeTime 4.25/Saved/NPC_PatrolAC2657174F5BA134DD4583BA7CBA3C13.tmp' to '../../../../../../Users/artur/Desktop/GitClones/ProjetoMotores/InvadeTime 4.25/Content/TopDownBP/Blueprints/AI/LinearPatrol/NPC_Patrol.uasset'
[2020.05.27-21.54.17:934][642]LogUObjectHash: Compacting FUObjectHashTables data took   0.62ms
[2020.05.27-21.54.18:324][642]LogSavePackage: Moving '../../../../../../Users/artur/Desktop/GitClones/ProjetoMotores/InvadeTime 4.25/Saved/TopDownExampleMapB188663B479F60EA999EC182FBBAED44.tmp' to '../../../../../../Users/artur/Desktop/GitClones/ProjetoMotores/InvadeTime 4.25/Content/TopDownBP/Maps/TopDownExampleMap.umap'
[2020.05.27-21.54.18:498][642]LogFileHelpers: Saving map 'TopDownExampleMap' took 0.626
[2020.05.27-21.54.18:687][642]LogSlate: Window 'InvadeTime - Unreal Editor' being destroyed
[2020.05.27-21.54.19:322][642]AssetCheck: New page: Asset Save: multiple assets
[2020.05.27-21.54.19:323][642]LogContentValidation: Display: Validating Blueprint /Game/TopDownBP/Blueprints/AI/LinearPatrol/NPC_Patrol.NPC_Patrol
[2020.05.27-21.54.19:323][642]LogContentValidation: Display: Validating World /Game/TopDownBP/Maps/TopDownExampleMap.TopDownExampleMap
[2020.05.27-21.54.19:332][643]Cmd: QUIT_EDITOR
[2020.05.27-21.54.19:332][643]LogCore: Engine exit requested (reason: UUnrealEdEngine::CloseEditor())
[2020.05.27-21.54.19:381][643]LogCore: Engine exit requested (reason: EngineExit() was called; note: exit was already requested)
[2020.05.27-21.54.19:427][643]LogAudioMixer: Display: No commands were queued while flushing the source manager.
[2020.05.27-21.54.19:904][643]LogWindowsTextInputMethodSystem: Display: IME system now deactivated.
[2020.05.27-21.54.19:947][643]LogExit: Preparing to exit.
[2020.05.27-21.54.20:550][643]LogWorld: UWorld::CleanupWorld for World_0, bSessionEnded=true, bCleanupResources=true
[2020.05.27-21.54.20:564][643]LogWorld: UWorld::CleanupWorld for World_4, bSessionEnded=true, bCleanupResources=true
[2020.05.27-21.54.20:564][643]LogWorld: UWorld::CleanupWorld for World_5, bSessionEnded=true, bCleanupResources=true
[2020.05.27-21.54.20:565][643]LogWorld: UWorld::CleanupWorld for World_2, bSessionEnded=true, bCleanupResources=true
[2020.05.27-21.54.20:565][643]LogWorld: UWorld::CleanupWorld for World_1, bSessionEnded=true, bCleanupResources=true
[2020.05.27-21.54.20:565][643]LogWorld: UWorld::CleanupWorld for World_3, bSessionEnded=true, bCleanupResources=true
[2020.05.27-21.54.21:253][643]LogDemo: Cleaned up 0 splitscreen connections with owner deletion
[2020.05.27-21.54.21:341][643]LogWorld: UWorld::CleanupWorld for None, bSessionEnded=true, bCleanupResources=true
[2020.05.27-21.54.21:341][643]LogExit: Editor shut down
[2020.05.27-21.54.21:400][643]LogExit: Transaction tracking system shut down
[2020.05.27-21.54.24:101][643]LogAISub: UAISubsystem::~UAISubsystem AISubsystem (000002517D6A6940), frame # 46643
[2020.05.27-21.54.24:101][643]LogAISub: UAISubsystem::~UAISubsystem AIPerceptionSystem (000002517D54A0C0), frame # 46643
[2020.05.27-21.54.24:110][643]LogAISub: UAISubsystem::~UAISubsystem EnvQueryManager (000002517D595E00), frame # 46643
[2020.05.27-21.54.26:136][643]LogAISub: UAISubsystem::~UAISubsystem EnvQueryManager (0000025114969000), frame # 46643
[2020.05.27-21.54.26:136][643]LogAISub: UAISubsystem::~UAISubsystem AIPerceptionSystem (0000025114963B00), frame # 46643
[2020.05.27-21.54.26:292][643]LogExit: Object subsystem successfully closed.
[2020.05.27-21.54.26:972][643]LogShaderCompilers: Display: Shaders left to compile 0
[2020.05.27-21.54.30:231][643]LogModuleManager: Shutting down and abandoning module HierarchicalLODOutliner (790)
[2020.05.27-21.54.30:231][643]LogModuleManager: Shutting down and abandoning module AddContentDialog (788)
[2020.05.27-21.54.30:263][643]LogModuleManager: Shutting down and abandoning module WidgetCarousel (787)
[2020.05.27-21.54.30:263][643]LogModuleManager: Shutting down and abandoning module EditorWidgets (784)
[2020.05.27-21.54.30:263][643]LogModuleManager: Shutting down and abandoning module CollectionManager (782)
[2020.05.27-21.54.30:282][643]LogModuleManager: Shutting down and abandoning module SceneOutliner (780)
[2020.05.27-21.54.30:282][643]LogModuleManager: Shutting down and abandoning module StatsViewer (778)
[2020.05.27-21.54.30:308][643]LogModuleManager: Shutting down and abandoning module VirtualTexturingEditor (776)
[2020.05.27-21.54.30:308][643]LogModuleManager: Shutting down and abandoning module FoliageEdit (774)
[2020.05.27-21.54.30:328][643]LogModuleManager: Shutting down and abandoning module LandscapeEditor (772)
[2020.05.27-21.54.30:359][643]LogModuleManager: Shutting down and abandoning module MeshPaintMode (770)
[2020.05.27-21.54.30:375][643]LogModuleManager: Shutting down and abandoning module SceneDepthPickerMode (768)
[2020.05.27-21.54.30:375][643]LogModuleManager: Shutting down and abandoning module ActorPickerMode (766)
[2020.05.27-21.54.30:375][643]LogModuleManager: Shutting down and abandoning module PIEPreviewDeviceProfileSelector (764)
[2020.05.27-21.54.30:401][643]LogModuleManager: Shutting down and abandoning module SequenceRecorderSections (762)
[2020.05.27-21.54.30:414][643]LogModuleManager: Shutting down and abandoning module AutomationWorker (760)
[2020.05.27-21.54.30:426][643]LogModuleManager: Shutting down and abandoning module SteamVREditor (758)
[2020.05.27-21.54.30:426][643]LogModuleManager: Shutting down and abandoning module OculusMR (756)
[2020.05.27-21.54.30:438][643]LogModuleManager: Shutting down and abandoning module GooglePADEditor (754)
[2020.05.27-21.54.30:438][643]LogModuleManager: Shutting down and abandoning module AudioCaptureEditor (752)
[2020.05.27-21.54.30:438][643]LogModuleManager: Shutting down and abandoning module TemplateSequenceEditor (750)
[2020.05.27-21.54.30:479][643]LogModuleManager: Shutting down and abandoning module MatineeToLevelSequence (748)
[2020.05.27-21.54.30:488][643]LogModuleManager: Shutting down and abandoning module LevelSequenceEditor (746)
[2020.05.27-21.54.30:516][643]LogModuleManager: Shutting down and abandoning module ActorSequenceEditor (744)
[2020.05.27-21.54.30:538][643]LogModuleManager: Shutting down and abandoning module WmfMediaFactory (742)
[2020.05.27-21.54.30:538][643]LogModuleManager: Shutting down and abandoning module WmfMediaEditor (740)
[2020.05.27-21.54.30:538][643]LogModuleManager: Shutting down and abandoning module WebMMediaFactory (738)
[2020.05.27-21.54.30:538][643]LogModuleManager: Shutting down and abandoning module WebMMediaEditor (736)
[2020.05.27-21.54.30:538][643]LogModuleManager: Shutting down and abandoning module WebMMedia (734)
[2020.05.27-21.54.30:549][643]LogModuleManager: Shutting down and abandoning module MediaPlayerEditor (732)
[2020.05.27-21.54.30:577][643]LogModuleManager: Shutting down and abandoning module MediaCompositingEditor (730)
[2020.05.27-21.54.30:601][643]LogModuleManager: Shutting down and abandoning module SequenceRecorder (729)
[2020.05.27-21.54.30:604][643]LogModuleManager: Shutting down and abandoning module OpenExrWrapper (726)
[2020.05.27-21.54.30:604][643]LogModuleManager: Shutting down and abandoning module ImgMediaFactory (724)
[2020.05.27-21.54.30:604][643]LogModuleManager: Shutting down and abandoning module ImgMediaEditor (722)
[2020.05.27-21.54.30:604][643]LogModuleManager: Shutting down and abandoning module AvfMediaFactory (720)
[2020.05.27-21.54.30:605][643]LogModuleManager: Shutting down and abandoning module AvfMediaEditor (718)
[2020.05.27-21.54.30:605][643]LogModuleManager: Shutting down and abandoning module AndroidMediaFactory (716)
[2020.05.27-21.54.30:605][643]LogModuleManager: Shutting down and abandoning module AndroidMediaEditor (714)
[2020.05.27-21.54.30:605][643]LogModuleManager: Shutting down and abandoning module MagicLeapMediaCodecFactory (712)
[2020.05.27-21.54.30:605][643]LogModuleManager: Shutting down and abandoning module MagicLeapMediaFactory (710)
[2020.05.27-21.54.30:605][643]LogModuleManager: Shutting down and abandoning module MagicLeapMediaEditor (708)
[2020.05.27-21.54.30:605][643]LogModuleManager: Shutting down and abandoning module PlanarCut (706)
[2020.05.27-21.54.30:624][643]LogModuleManager: Shutting down and abandoning module CharacterAI (704)
[2020.05.27-21.54.30:624][643]LogModuleManager: Shutting down and abandoning module TextureAlignMode (702)
[2020.05.27-21.54.30:624][643]LogModuleManager: Shutting down and abandoning module BspMode (700)
[2020.05.27-21.54.30:634][643]LogModuleManager: Shutting down and abandoning module PlacementMode (699)
[2020.05.27-21.54.30:634][643]LogModuleManager: Shutting down and abandoning module GeometryMode (696)
[2020.05.27-21.54.30:634][643]LogModuleManager: Shutting down and abandoning module CameraShakePreviewer (694)
[2020.05.27-21.54.30:646][643]LogModuleManager: Shutting down and abandoning module SmartSnapping (692)
[2020.05.27-21.54.30:646][643]LogModuleManager: Shutting down and abandoning module SessionServices (690)
[2020.05.27-21.54.30:646][643]LogModuleManager: Shutting down and abandoning module MeshPaint (688)
[2020.05.27-21.54.30:677][643]LogModuleManager: Shutting down and abandoning module ViewportSnapping (686)
[2020.05.27-21.54.30:677][643]LogModuleManager: Shutting down and abandoning module ViewportInteraction (684)
[2020.05.27-21.54.30:677][643]LogModuleManager: Shutting down and abandoning module ClothPainter (682)
[2020.05.27-21.54.30:736][643]LogModuleManager: Shutting down and abandoning module SkeletalMeshEditor (681)
[2020.05.27-21.54.30:792][643]LogModuleManager: Shutting down and abandoning module LogVisualizer (678)
[2020.05.27-21.54.30:812][643]LogModuleManager: Shutting down and abandoning module IntroTutorials (676)
[2020.05.27-21.54.30:820][643]LogModuleManager: Shutting down and abandoning module GameProjectGeneration (675)
[2020.05.27-21.54.30:844][643]LogModuleManager: Shutting down and abandoning module LuminPlatformEditor (672)
[2020.05.27-21.54.30:844][643]LogModuleManager: Shutting down and abandoning module IOSPlatformEditor (670)
[2020.05.27-21.54.30:858][643]LogModuleManager: Shutting down and abandoning module AndroidPlatformEditor (668)
[2020.05.27-21.54.30:859][643]LogModuleManager: Shutting down and abandoning module AndroidDeviceDetection (667)
[2020.05.27-21.54.31:680][643]LogModuleManager: Shutting down and abandoning module WindowsPlatformEditor (664)
[2020.05.27-21.54.31:680][643]LogModuleManager: Shutting down and abandoning module LuminRuntimeSettings (662)
[2020.05.27-21.54.31:680][643]LogModuleManager: Shutting down and abandoning module IOSRuntimeSettings (660)
[2020.05.27-21.54.31:681][643]LogModuleManager: Shutting down and abandoning module AndroidRuntimeSettings (658)
[2020.05.27-21.54.31:681][643]LogModuleManager: Shutting down and abandoning module TraceInsights (656)
[2020.05.27-21.54.31:802][643]LogModuleManager: Shutting down and abandoning module TraceServices (655)
[2020.05.27-21.54.31:913][643]LogModuleManager: Shutting down and abandoning module EditorInteractiveToolsFramework (652)
[2020.05.27-21.54.31:930][643]LogModuleManager: Shutting down and abandoning module TimeManagementEditor (650)
[2020.05.27-21.54.31:931][643]LogModuleManager: Shutting down and abandoning module InputBindingEditor (648)
[2020.05.27-21.54.31:942][643]LogModuleManager: Shutting down and abandoning module MergeActors (646)
[2020.05.27-21.54.31:957][643]LogModuleManager: Shutting down and abandoning module LocalizationDashboard (644)
[2020.05.27-21.54.31:988][643]LogModuleManager: Shutting down and abandoning module LocalizationService (643)
[2020.05.27-21.54.31:999][643]LogModuleManager: Shutting down and abandoning module HardwareTargeting (640)
[2020.05.27-21.54.31:999][643]LogModuleManager: Shutting down and abandoning module DeviceProfileEditor (638)
[2020.05.27-21.54.32:024][643]LogModuleManager: Shutting down and abandoning module UndoHistory (636)
[2020.05.27-21.54.32:032][643]LogModuleManager: Shutting down and abandoning module XmlParser (634)
[2020.05.27-21.54.32:042][643]LogModuleManager: Shutting down and abandoning module Blutility (632)
[2020.05.27-21.54.32:042][643]LogModuleManager: Shutting down and abandoning module ProjectSettingsViewer (630)
[2020.05.27-21.54.32:042][643]LogModuleManager: Shutting down and abandoning module ProjectTargetPlatformEditor (629)
[2020.05.27-21.54.32:043][643]LogModuleManager: Shutting down and abandoning module EditorSettingsViewer (626)
[2020.05.27-21.54.32:043][643]LogModuleManager: Shutting down and abandoning module SettingsEditor (624)
[2020.05.27-21.54.32:184][643]LogModuleManager: Shutting down and abandoning module ProjectLauncher (622)
[2020.05.27-21.54.32:201][643]LogModuleManager: Shutting down and abandoning module SessionFrontend (620)
[2020.05.27-21.54.32:218][643]LogModuleManager: Shutting down and abandoning module ProfilerClient (618)
[2020.05.27-21.54.32:235][643]LogModuleManager: Shutting down and abandoning module DeviceManager (616)
[2020.05.27-21.54.32:269][643]LogModuleManager: Shutting down and abandoning module TargetDeviceServices (615)
[2020.05.27-21.54.32:335][643]LogModuleManager: Shutting down and abandoning module AutomationController (612)
[2020.05.27-21.54.32:341][643]LogModuleManager: Shutting down and abandoning module AutomationWindow (610)
[2020.05.27-21.54.32:380][643]LogModuleManager: Shutting down and abandoning module Layers (608)
[2020.05.27-21.54.32:482][643]LogModuleManager: Shutting down and abandoning module ComponentVisualizers (606)
[2020.05.27-21.54.32:482][643]LogModuleManager: Shutting down and abandoning module DetailCustomizations (604)
[2020.05.27-21.54.32:482][643]LogModuleManager: Shutting down and abandoning module PackagesDialog (602)
[2020.05.27-21.54.32:482][643]LogModuleManager: Shutting down and abandoning module AnimationBlueprintEditor (600)
[2020.05.27-21.54.32:553][643]LogModuleManager: Shutting down and abandoning module Persona (598)
[2020.05.27-21.54.32:600][643]LogModuleManager: Shutting down and abandoning module AdvancedPreviewScene (597)
[2020.05.27-21.54.32:600][643]LogModuleManager: Shutting down and abandoning module AnimGraph (595)
[2020.05.27-21.54.32:626][643]LogModuleManager: Shutting down and abandoning module Kismet (592)
[2020.05.27-21.54.32:682][643]LogModuleManager: Shutting down and abandoning module KismetWidgets (591)
[2020.05.27-21.54.32:716][643]LogModuleManager: Shutting down and abandoning module GraphEditor (588)
[2020.05.27-21.54.32:826][643]LogModuleManager: Shutting down and abandoning module StructViewer (586)
[2020.05.27-21.54.32:826][643]LogModuleManager: Shutting down and abandoning module ClassViewer (584)
[2020.05.27-21.54.32:826][643]LogModuleManager: Shutting down and abandoning module Toolbox (582)
[2020.05.27-21.54.32:826][643]LogModuleManager: Shutting down and abandoning module ModuleUI (580)
[2020.05.27-21.54.32:854][643]LogModuleManager: Shutting down and abandoning module OutputLog (578)
[2020.05.27-21.54.32:910][643]LogModuleManager: Shutting down and abandoning module GammaUI (576)
[2020.05.27-21.54.32:933][643]LogModuleManager: Shutting down and abandoning module Documentation (574)
[2020.05.27-21.54.32:934][643]LogModuleManager: Shutting down and abandoning module LiveCoding (572)
[2020.05.27-21.54.32:989][643]LogModuleManager: Shutting down and abandoning module LevelSequence (570)
[2020.05.27-21.54.32:989][643]LogModuleManager: Shutting down and abandoning module MovieSceneTracks (568)
[2020.05.27-21.54.32:989][643]LogModuleManager: Shutting down and abandoning module MovieScene (566)
[2020.05.27-21.54.32:997][643]LogModuleManager: Shutting down and abandoning module StreamingPauseRendering (564)
[2020.05.27-21.54.33:026][643]LogModuleManager: Shutting down and abandoning module LauncherPlatform (562)
[2020.05.27-21.54.33:026][643]LogModuleManager: Shutting down and abandoning module AnalyticsET (560)
[2020.05.27-21.54.33:026][643]LogModuleManager: Shutting down and abandoning module PortalServices (558)
[2020.05.27-21.54.33:026][643]LogModuleManager: Shutting down and abandoning module PortalRpc (556)
[2020.05.27-21.54.33:026][643]LogModuleManager: Shutting down and abandoning module MessagingRpc (554)
[2020.05.27-21.54.33:026][643]LogModuleManager: Shutting down and abandoning module AudioMixerXAudio2 (552)
[2020.05.27-21.54.33:026][643]LogModuleManager: Shutting down and abandoning module AudioMixerCore (551)
[2020.05.27-21.54.33:026][643]LogModuleManager: Shutting down and abandoning module AIModule (548)
[2020.05.27-21.54.33:074][643]LogModuleManager: Shutting down and abandoning module GameplayDebugger (547)
[2020.05.27-21.54.33:080][643]LogModuleManager: Shutting down and abandoning module AITestSuite (545)
[2020.05.27-21.54.33:080][643]LogModuleManager: Shutting down and abandoning module NavigationSystem (543)
[2020.05.27-21.54.33:080][643]LogModuleManager: Shutting down and abandoning module ProfilerService (540)
[2020.05.27-21.54.33:128][643]LogModuleManager: Shutting down and abandoning module TaskGraph (538)
[2020.05.27-21.54.33:207][643]LogModuleManager: Shutting down and abandoning module ScreenshotTools (536)
[2020.05.27-21.54.33:207][643]LogModuleManager: Shutting down and abandoning module SynthesisEditor (534)
[2020.05.27-21.54.33:207][643]LogModuleManager: Shutting down and abandoning module Synthesis (532)
[2020.05.27-21.54.33:241][643]LogModuleManager: Shutting down and abandoning module ProceduralMeshComponentEditor (530)
[2020.05.27-21.54.33:242][643]LogModuleManager: Shutting down and abandoning module ProceduralMeshComponent (528)
[2020.05.27-21.54.33:242][643]LogModuleManager: Shutting down and abandoning module OculusEditor (526)
[2020.05.27-21.54.33:270][643]LogModuleManager: Shutting down and abandoning module OculusInput (524)
[2020.05.27-21.54.33:270][643]LogModuleManager: Shutting down and abandoning module MobilePatchingUtils (522)
[2020.05.27-21.54.33:270][643]LogModuleManager: Shutting down and abandoning module GooglePAD (520)
[2020.05.27-21.54.33:270][643]LogModuleManager: Shutting down and abandoning module EditableMesh (518)
[2020.05.27-21.54.33:299][643]LogModuleManager: Shutting down and abandoning module CustomMeshComponent (516)
[2020.05.27-21.54.33:299][643]LogModuleManager: Shutting down and abandoning module CableComponent (514)
[2020.05.27-21.54.33:411][643]LogModuleManager: Shutting down and abandoning module AudioCapture (512)
[2020.05.27-21.54.33:411][643]LogModuleManager: Shutting down and abandoning module AudioCaptureRtAudio (511)
[2020.05.27-21.54.33:500][643]LogModuleManager: Shutting down and abandoning module AssetTags (508)
[2020.05.27-21.54.33:500][643]LogModuleManager: Shutting down and abandoning module ArchVisCharacter (506)
[2020.05.27-21.54.33:500][643]LogModuleManager: Shutting down and abandoning module AppleImageUtilsBlueprintSupport (504)
[2020.05.27-21.54.33:500][643]LogModuleManager: Shutting down and abandoning module AppleImageUtils (502)
[2020.05.27-21.54.33:500][643]LogModuleManager: Shutting down and abandoning module AndroidPermission (500)
[2020.05.27-21.54.33:500][643]LogModuleManager: Shutting down and abandoning module NUTUnrealEngine4 (498)
[2020.05.27-21.54.33:639][643]LogModuleManager: Shutting down and abandoning module NetcodeUnitTest (496)
[2020.05.27-21.54.33:676][643]LogModuleManager: Shutting down and abandoning module TemplateSequence (494)
[2020.05.27-21.54.33:676][643]LogModuleManager: Shutting down and abandoning module MovieRenderPipelineEditor (492)
[2020.05.27-21.54.33:697][643]LogModuleManager: Shutting down and abandoning module MovieRenderPipelineRenderPasses (490)
[2020.05.27-21.54.33:769][643]LogModuleManager: Shutting down and abandoning module MovieRenderPipelineSettings (488)
[2020.05.27-21.54.33:769][643]LogModuleManager: Shutting down and abandoning module MovieRenderPipelineCore (486)
[2020.05.27-21.54.33:769][643]LogModuleManager: Shutting down and abandoning module ImageWriteQueue (485)
[2020.05.27-21.54.33:769][643]LogModuleManager: Shutting down and abandoning module MeshPaintingToolset (482)
[2020.05.27-21.54.33:769][643]LogModuleManager: Shutting down and abandoning module MeshPaintEditorMode (480)
[2020.05.27-21.54.33:788][643]LogModuleManager: Shutting down and abandoning module MediaCompositing (478)
[2020.05.27-21.54.33:788][643]LogModuleManager: Shutting down and abandoning module ImgMedia (476)
[2020.05.27-21.54.33:788][643]LogModuleManager: Shutting down and abandoning module MagicLeapSharedWorld (474)
[2020.05.27-21.54.33:788][643]LogModuleManager: Shutting down and abandoning module MagicLeapLightEstimation (472)
[2020.05.27-21.54.33:788][643]LogModuleManager: Shutting down and abandoning module MagicLeapHelperVulkan (470)
[2020.05.27-21.54.33:788][643]LogModuleManager: Shutting down and abandoning module MagicLeapHelperOpenGL (468)
[2020.05.27-21.54.33:788][643]LogModuleManager: Shutting down and abandoning module MagicLeapAudio (466)
[2020.05.27-21.54.33:831][643]LogModuleManager: Shutting down and abandoning module NiagaraEditorWidgets (464)
[2020.05.27-21.54.33:986][643]LogModuleManager: Shutting down and abandoning module MeshSolverUtilities (462)
[2020.05.27-21.54.34:019][643]LogModuleManager: Shutting down and abandoning module MeshConversion (460)
[2020.05.27-21.54.34:039][643]LogModuleManager: Shutting down and abandoning module DynamicMesh (458)
[2020.05.27-21.54.34:135][643]LogModuleManager: Shutting down and abandoning module GeometryAlgorithms (456)
[2020.05.27-21.54.34:174][643]LogModuleManager: Shutting down and abandoning module GeometricObjects (454)
[2020.05.27-21.54.34:213][643]LogModuleManager: Shutting down and abandoning module GeometryCollectionTracks (452)
[2020.05.27-21.54.34:213][643]LogModuleManager: Shutting down and abandoning module GeometryCollectionSequencer (451)
[2020.05.27-21.54.34:213][643]LogModuleManager: Shutting down and abandoning module GeometryCollectionEditor (448)
[2020.05.27-21.54.34:213][643]LogModuleManager: Shutting down and abandoning module GeometryCacheTracks (446)
[2020.05.27-21.54.34:213][643]LogModuleManager: Shutting down and abandoning module GeometryCacheSequencer (444)
[2020.05.27-21.54.34:213][643]LogModuleManager: Shutting down and abandoning module ChaosSolverEditor (442)
[2020.05.27-21.54.34:213][643]LogModuleManager: Shutting down and abandoning module ChaosNiagara (440)
[2020.05.27-21.54.34:213][643]LogModuleManager: Shutting down and abandoning module FractureEditor (438)
[2020.05.27-21.54.34:227][643]LogModuleManager: Shutting down and abandoning module ChaosClothEditor (436)
[2020.05.27-21.54.34:227][643]LogModuleManager: Shutting down and abandoning module ChaosCloth (434)
[2020.05.27-21.54.34:243][643]LogModuleManager: Shutting down and abandoning module BackChannel (432)
[2020.05.27-21.54.34:253][643]LogModuleManager: Shutting down and abandoning module AutomationUtilsEditor (430)
[2020.05.27-21.54.34:253][643]LogModuleManager: Shutting down and abandoning module AutomationUtils (428)
[2020.05.27-21.54.34:253][643]LogModuleManager: Shutting down and abandoning module AlembicImporter (426)
[2020.05.27-21.54.34:253][643]LogModuleManager: Shutting down and abandoning module AlembicLibrary (425)
[2020.05.27-21.54.34:253][643]LogModuleManager: Shutting down and abandoning module GeometryCache (424)
[2020.05.27-21.54.34:253][643]LogModuleManager: Shutting down and abandoning module GeometryCacheEd (423)
[2020.05.27-21.54.34:253][643]LogModuleManager: Shutting down and abandoning module VariantManagerContentEditor (418)
[2020.05.27-21.54.34:319][643]LogModuleManager: Shutting down and abandoning module DatasmithContentEditor (416)
[2020.05.27-21.54.34:351][643]LogModuleManager: Shutting down and abandoning module SpeedTreeImporter (414)
[2020.05.27-21.54.34:351][643]LogModuleManager: Shutting down and abandoning module PluginBrowser (412)
[2020.05.27-21.54.34:390][643]LogModuleManager: Shutting down and abandoning module MobileLauncherProfileWizard (410)
[2020.05.27-21.54.34:433][643]LogModuleManager: Shutting down and abandoning module MaterialAnalyzer (408)
[2020.05.27-21.54.34:453][643]LogModuleManager: Shutting down and abandoning module EditorScriptingUtilities (406)
[2020.05.27-21.54.34:478][643]LogModuleManager: Shutting down and abandoning module CurveEditorTools (404)
[2020.05.27-21.54.34:523][643]LogModuleManager: Shutting down and abandoning module CryptoKeysOpenSSL (402)
[2020.05.27-21.54.34:523][643]LogModuleManager: Shutting down and abandoning module CryptoKeys (400)
[2020.05.27-21.54.34:523][643]LogModuleManager: Shutting down and abandoning module VisualStudioSourceCodeAccess (398)
[2020.05.27-21.54.34:553][643]LogModuleManager: Shutting down and abandoning module VisualStudioCodeSourceCodeAccess (396)
[2020.05.27-21.54.34:553][643]LogModuleManager: Shutting down and abandoning module UObjectPlugin (394)
[2020.05.27-21.54.34:553][643]LogModuleManager: Shutting down and abandoning module SubversionSourceControl (392)
[2020.05.27-21.54.34:661][643]LogModuleManager: Shutting down and abandoning module RiderSourceCodeAccess (390)
[2020.05.27-21.54.34:661][643]LogModuleManager: Shutting down and abandoning module PlasticSourceControl (388)
[2020.05.27-21.54.34:825][643]LogModuleManager: Shutting down and abandoning module PerforceSourceControl (386)
[2020.05.27-21.54.34:929][643]LogModuleManager: Shutting down and abandoning module GitSourceControl (384)
[2020.05.27-21.54.34:969][643]LogModuleManager: Shutting down and abandoning module SourceControl (383)
[2020.05.27-21.54.34:989][643]LogModuleManager: Shutting down and abandoning module CLionSourceCodeAccess (380)
[2020.05.27-21.54.34:989][643]LogModuleManager: Shutting down and abandoning module AnimationSharingEd (378)
[2020.05.27-21.54.34:990][643]LogModuleManager: Shutting down and abandoning module ActorLayerUtilitiesEditor (376)
[2020.05.27-21.54.34:990][643]LogModuleManager: Shutting down and abandoning module ActorLayerUtilities (374)
[2020.05.27-21.54.34:990][643]LogModuleManager: Shutting down and abandoning module LightPropagationVolumeEditor (372)
[2020.05.27-21.54.34:990][643]LogModuleManager: Shutting down and abandoning module PaperTiledImporter (370)
[2020.05.27-21.54.34:990][643]LogModuleManager: Shutting down and abandoning module PaperSpriteSheetImporter (368)
[2020.05.27-21.54.34:990][643]LogModuleManager: Shutting down and abandoning module Paper2DEditor (366)
[2020.05.27-21.54.35:209][643]LogModuleManager: Shutting down and abandoning module SoundFields (364)
[2020.05.27-21.54.35:209][643]LogModuleManager: Shutting down and abandoning module SignificanceManager (362)
[2020.05.27-21.54.35:209][643]LogModuleManager: Shutting down and abandoning module RuntimePhysXCooking (360)
[2020.05.27-21.54.35:209][643]LogModuleManager: Shutting down and abandoning module PhysXVehiclesEditor (358)
[2020.05.27-21.54.35:209][643]LogModuleManager: Shutting down and abandoning module LocationServicesBPLibrary (354)
[2020.05.27-21.54.35:209][643]LogModuleManager: Shutting down and abandoning module ActorSequence (352)
[2020.05.27-21.54.35:209][643]LogModuleManager: Shutting down and abandoning module UdpMessaging (350)
[2020.05.27-21.54.35:311][643]LogModuleManager: Shutting down and abandoning module TcpMessaging (348)
[2020.05.27-21.54.35:441][643]LogModuleManager: Shutting down and abandoning module MagicLeapARPin (346)
[2020.05.27-21.54.35:442][643]LogModuleManager: Shutting down and abandoning module MagicLeapHandMeshing (344)
[2020.05.27-21.54.35:442][643]LogModuleManager: Shutting down and abandoning module MagicLeapSecureStorage (342)
[2020.05.27-21.54.35:442][643]LogModuleManager: Shutting down and abandoning module MagicLeapPrivileges (340)
[2020.05.27-21.54.35:442][643]LogModuleManager: Shutting down and abandoning module MagicLeapPlanes (338)
[2020.05.27-21.54.35:449][643]LogMagicLeapPlanes: Planes tracker already destroyed.
[2020.05.27-21.54.35:449][643]LogModuleManager: Shutting down and abandoning module MagicLeapImageTracker (336)
[2020.05.27-21.54.35:449][643]LogModuleManager: Shutting down and abandoning module MagicLeapIdentity (334)
[2020.05.27-21.54.35:449][643]LogModuleManager: Shutting down and abandoning module MagicLeapHandTracking (332)
[2020.05.27-21.54.35:449][643]LogModuleManager: Shutting down and abandoning module MagicLeapEyeTracker (330)
[2020.05.27-21.54.35:449][643]LogModuleManager: Shutting down and abandoning module MagicLeapController (328)
[2020.05.27-21.54.35:488][643]LogSlate: Slate User Destroyed.  User Index 0, Is Virtual User: 0
[2020.05.27-21.54.35:488][643]LogModuleManager: Shutting down and abandoning module MagicLeapARPinImpl (326)
[2020.05.27-21.54.35:525][643]LogModuleManager: Shutting down and abandoning module MagicLeapAR (324)
[2020.05.27-21.54.35:525][643]LogModuleManager: Shutting down and abandoning module AugmentedReality (323)
[2020.05.27-21.54.35:526][643]LogModuleManager: Shutting down and abandoning module NiagaraAnimNotifies (320)
[2020.05.27-21.54.35:526][643]LogModuleManager: Shutting down and abandoning module Niagara (318)
[2020.05.27-21.54.35:580][643]LogModuleManager: Shutting down and abandoning module SignalProcessing (317)
[2020.05.27-21.54.35:580][643]LogModuleManager: Shutting down and abandoning module NiagaraEditor (315)
[2020.05.27-21.54.35:685][643]LogModuleManager: Shutting down and abandoning module NiagaraCore (312)
[2020.05.27-21.54.35:685][643]LogModuleManager: Shutting down and abandoning module GameplayTagsEditor (310)
[2020.05.27-21.54.35:706][643]LogModuleManager: Shutting down and abandoning module FacialAnimationEditor (308)
[2020.05.27-21.54.35:706][643]LogModuleManager: Shutting down and abandoning module FacialAnimation (306)
[2020.05.27-21.54.35:706][643]LogModuleManager: Shutting down and abandoning module DataValidation (304)
[2020.05.27-21.54.35:706][643]LogModuleManager: Shutting down and abandoning module AssetManagerEditor (302)
[2020.05.27-21.54.35:824][643]LogModuleManager: Shutting down and abandoning module LevelEditor (301)
[2020.05.27-21.54.35:869][643]LogModuleManager: Shutting down and abandoning module PixelInspectorModule (300)
[2020.05.27-21.54.35:900][643]LogModuleManager: Shutting down and abandoning module CommonMenuExtensions (298)
[2020.05.27-21.54.35:901][643]LogModuleManager: Shutting down and abandoning module MainFrame (296)
[2020.05.27-21.54.35:912][643]LogModuleManager: Shutting down and abandoning module HotReload (295)
[2020.05.27-21.54.35:952][643]LogModuleManager: Shutting down and abandoning module ToolMenus (291)
[2020.05.27-21.54.35:952][643]LogModuleManager: Shutting down and abandoning module TreeMap (289)
[2020.05.27-21.54.36:003][643]LogModuleManager: Shutting down and abandoning module AnimationSharing (286)
[2020.05.27-21.54.36:003][643]LogModuleManager: Shutting down and abandoning module LightPropagationVolumeRuntime (284)
[2020.05.27-21.54.36:003][643]LogModuleManager: Shutting down and abandoning module Paper2D (282)
[2020.05.27-21.54.36:003][643]LogModuleManager: Shutting down and abandoning module WindowsMoviePlayer (280)
[2020.05.27-21.54.36:029][643]LogModuleManager: Shutting down and abandoning module WebMMoviePlayer (278)
[2020.05.27-21.54.36:052][643]LogModuleManager: Shutting down and abandoning module NetworkReplayStreaming (276)
[2020.05.27-21.54.36:052][643]LogModuleManager: Shutting down and abandoning module PacketHandler (274)
[2020.05.27-21.54.36:052][643]LogModuleManager: Shutting down and abandoning module ClothingSystemEditor (272)
[2020.05.27-21.54.36:052][643]LogModuleManager: Shutting down and abandoning module ClothingSystemRuntimeNv (270)
[2020.05.27-21.54.36:075][643]LogModuleManager: Shutting down and abandoning module MediaAssets (268)
[2020.05.27-21.54.36:075][643]LogModuleManager: Shutting down and abandoning module Overlay (266)
[2020.05.27-21.54.36:075][643]LogModuleManager: Shutting down and abandoning module OverlayEditor (265)
[2020.05.27-21.54.36:075][643]LogModuleManager: Shutting down and abandoning module VREditor (262)
[2020.05.27-21.54.36:096][643]LogModuleManager: Shutting down and abandoning module StringTableEditor (260)
[2020.05.27-21.54.36:138][643]LogModuleManager: Shutting down and abandoning module GameplayTasksEditor (258)
[2020.05.27-21.54.36:152][643]LogModuleManager: Shutting down and abandoning module BehaviorTreeEditor (256)
[2020.05.27-21.54.36:196][643]LogModuleManager: Shutting down and abandoning module FunctionalTesting (254)
[2020.05.27-21.54.36:234][643]LogModuleManager: Shutting down and abandoning module CollisionAnalyzer (252)
[2020.05.27-21.54.36:264][643]LogModuleManager: Shutting down and abandoning module UMG (250)
[2020.05.27-21.54.36:285][643]LogModuleManager: Shutting down and abandoning module UMGEditor (249)
[2020.05.27-21.54.36:318][643]LogModuleManager: Shutting down and abandoning module MessageLog (247)
[2020.05.27-21.54.36:318][643]LogModuleManager: Shutting down and abandoning module MaterialEditor (245)
[2020.05.27-21.54.36:392][643]LogModuleManager: Shutting down and abandoning module ContentBrowser (244)
[2020.05.27-21.54.36:393][643]LogModuleManager: Shutting down and abandoning module WorkspaceMenuStructure (243)
[2020.05.27-21.54.36:393][643]LogModuleManager: Shutting down and abandoning module SlateReflector (236)
[2020.05.27-21.54.36:479][643]LogModuleManager: Shutting down and abandoning module Slate (234)
[2020.05.27-21.54.36:493][643]LogModuleManager: Shutting down and abandoning module SlateCore (232)
[2020.05.27-21.54.36:493][643]LogModuleManager: Shutting down and abandoning module LandscapeEditorUtilities (230)
[2020.05.27-21.54.36:493][643]LogModuleManager: Shutting down and abandoning module UnrealEd (228)
[2020.05.27-21.54.36:501][643]LogModuleManager: Shutting down and abandoning module MRMesh (226)
[2020.05.27-21.54.36:501][643]LogModuleManager: Shutting down and abandoning module SourceCodeAccess (224)
[2020.05.27-21.54.36:501][643]LogModuleManager: Shutting down and abandoning module HeadMountedDisplay (222)
[2020.05.27-21.54.36:501][643]LogModuleManager: Shutting down and abandoning module XAudio2 (220)
[2020.05.27-21.54.36:551][643]LogModuleManager: Shutting down and abandoning module Networking (218)
[2020.05.27-21.54.36:551][643]LogModuleManager: Shutting down and abandoning module Core (216)
[2020.05.27-21.54.36:551][643]LogModuleManager: Shutting down and abandoning module MovieSceneTools (214)
[2020.05.27-21.54.36:638][643]LogModuleManager: Shutting down and abandoning module CurveEditor (213)
[2020.05.27-21.54.36:679][643]LogModuleManager: Shutting down and abandoning module Sequencer (211)
[2020.05.27-21.54.36:804][643]LogModuleManager: Shutting down and abandoning module EditorStyle (210)
[2020.05.27-21.54.36:805][643]LogModuleManager: Shutting down and abandoning module KismetCompiler (206)
[2020.05.27-21.54.36:805][643]LogModuleManager: Shutting down and abandoning module MeshBuilder (204)
[2020.05.27-21.54.36:825][643]LogModuleManager: Shutting down and abandoning module MeshUtilities (202)
[2020.05.27-21.54.36:873][643]LogModuleManager: Shutting down and abandoning module MeshMergeUtilities (201)
[2020.05.27-21.54.36:895][643]LogModuleManager: Shutting down and abandoning module MeshReductionInterface (200)
[2020.05.27-21.54.36:896][643]LogModuleManager: Shutting down and abandoning module MeshBoneReduction (199)
[2020.05.27-21.54.36:917][643]LogModuleManager: Shutting down and abandoning module SkeletalMeshReduction (197)
[2020.05.27-21.54.36:926][643]LogModuleManager: Shutting down and abandoning module ProxyLODMeshReduction (195)
[2020.05.27-21.54.36:971][643]LogModuleManager: Shutting down and abandoning module QuadricMeshReduction (193)
[2020.05.27-21.54.36:985][643]LogModuleManager: Shutting down and abandoning module MaterialBaking (189)
[2020.05.27-21.54.37:009][643]LogModuleManager: Shutting down and abandoning module NullInstallBundleManager (184)
[2020.05.27-21.54.37:009][643]LogModuleManager: Shutting down and abandoning module DerivedDataCache (182)
[2020.05.27-21.54.37:010][643]LogModuleManager: Shutting down and abandoning module XGEController (180)
