Log file open, 06/21/20 12:29:48
LogInit: Display: Running engine for game: InvadeTime
LogPlatformFile: Not using cached read wrapper
LogTaskGraph: Started task graph with 5 named threads and 23 total threads with 3 sets of task threads.
LogStats: Stats thread started at 23.051068
LogD3D11RHI: Loaded GFSDK_Aftermath_Lib.x64.dll
LogICUInternationalization: ICU TimeZone Detection - Raw Offset: -3:00, Platform Override: ''
LogPluginManager: Mounting plugin Paper2D
LogPluginManager: Mounting plugin AISupport
LogPluginManager: Mounting plugin LightPropagationVolume
LogPluginManager: Mounting plugin CameraShakePreviewer
LogPluginManager: Mounting plugin ActorLayerUtilities
LogPluginManager: Mounting plugin AnimationSharing
LogPluginManager: Mounting plugin CLionSourceCodeAccess
LogPluginManager: Mounting plugin CodeLiteSourceCodeAccess
LogPluginManager: Mounting plugin GitSourceControl
LogPluginManager: Mounting plugin KDevelopSourceCodeAccess
LogPluginManager: Mounting plugin NullSourceCodeAccess
LogPluginManager: Mounting plugin PerforceSourceControl
LogPluginManager: Mounting plugin PlasticSourceControl
LogPluginManager: Mounting plugin RiderSourceCodeAccess
LogPluginManager: Mounting plugin SubversionSourceControl
LogPluginManager: Mounting plugin UObjectPlugin
LogPluginManager: Mounting plugin VisualStudioCodeSourceCodeAccess
LogPluginManager: Mounting plugin VisualStudioSourceCodeAccess
LogPluginManager: Mounting plugin XCodeSourceCodeAccess
LogPluginManager: Mounting plugin AssetManagerEditor
LogPluginManager: Mounting plugin CryptoKeys
LogPluginManager: Mounting plugin CurveEditorTools
LogPluginManager: Mounting plugin DataValidation
LogPluginManager: Mounting plugin EditorScriptingUtilities
LogPluginManager: Mounting plugin FacialAnimation
LogPluginManager: Mounting plugin GameplayTagsEditor
LogPluginManager: Mounting plugin GeometryMode
LogPluginManager: Mounting plugin MacGraphicsSwitching
LogPluginManager: Mounting plugin MaterialAnalyzer
LogPluginManager: Mounting plugin MobileLauncherProfileWizard
LogPluginManager: Mounting plugin PluginBrowser
LogPluginManager: Mounting plugin SpeedTreeImporter
LogPluginManager: Mounting plugin DatasmithContent
LogPluginManager: Mounting plugin VariantManagerContent
LogPluginManager: Mounting plugin AlembicImporter
LogPluginManager: Mounting plugin AutomationUtils
LogPluginManager: Mounting plugin BackChannel
LogPluginManager: Mounting plugin ChaosCloth
LogPluginManager: Mounting plugin ChaosClothEditor
LogPluginManager: Mounting plugin ChaosEditor
LogPluginManager: Mounting plugin ChaosNiagara
LogPluginManager: Mounting plugin ChaosSolverPlugin
LogPluginManager: Mounting plugin CharacterAI
LogPluginManager: Mounting plugin GeometryCache
LogPluginManager: Mounting plugin GeometryCollectionPlugin
LogPluginManager: Mounting plugin GeometryProcessing
LogPluginManager: Mounting plugin PlanarCut
LogPluginManager: Mounting plugin PlatformCrypto
LogPluginManager: Mounting plugin ProxyLODPlugin
LogPluginManager: Mounting plugin SkeletalReduction
LogPluginManager: Mounting plugin Niagara
LogPluginManager: Mounting plugin MagicLeap
LogPluginManager: Mounting plugin MagicLeapLightEstimation
LogPluginManager: Mounting plugin MagicLeapMedia
LogPluginManager: Mounting plugin MagicLeapPassableWorld
LogPluginManager: Mounting plugin MLSDK
LogPluginManager: Mounting plugin AndroidMedia
LogPluginManager: Mounting plugin AvfMedia
LogPluginManager: Mounting plugin ImgMedia
LogPluginManager: Mounting plugin MediaCompositing
LogPluginManager: Mounting plugin MediaPlayerEditor
LogPluginManager: Mounting plugin WebMMedia
LogPluginManager: Mounting plugin WmfMedia
LogPluginManager: Mounting plugin MeshPainting
LogPluginManager: Mounting plugin TcpMessaging
LogPluginManager: Mounting plugin UdpMessaging
LogPluginManager: Mounting plugin ActorSequence
LogPluginManager: Mounting plugin LevelSequenceEditor
LogPluginManager: Mounting plugin MatineeToLevelSequence
LogPluginManager: Mounting plugin MovieRenderPipeline
LogPluginManager: Mounting plugin TemplateSequence
LogPluginManager: Mounting plugin NetcodeUnitTest
LogPluginManager: Mounting plugin NUTUnrealEngine4
LogPluginManager: Mounting plugin OnlineSubsystemGooglePlay
LogPluginManager: Mounting plugin OnlineSubsystemIOS
LogPluginManager: Mounting plugin OnlineSubsystem
LogPluginManager: Mounting plugin OnlineSubsystemNull
LogPluginManager: Mounting plugin OnlineSubsystemUtils
LogPluginManager: Mounting plugin LauncherChunkInstaller
LogPluginManager: Mounting plugin AndroidDeviceProfileSelector
LogPluginManager: Mounting plugin AndroidMoviePlayer
LogPluginManager: Mounting plugin AndroidPermission
LogPluginManager: Mounting plugin AppleImageUtils
LogPluginManager: Mounting plugin AppleMoviePlayer
LogPluginManager: Mounting plugin ArchVisCharacter
LogPluginManager: Mounting plugin AssetTags
LogPluginManager: Mounting plugin AudioCapture
LogPluginManager: Mounting plugin CableComponent
LogPluginManager: Mounting plugin CustomMeshComponent
LogPluginManager: Mounting plugin EditableMesh
LogPluginManager: Mounting plugin ExampleDeviceProfileSelector
LogPluginManager: Mounting plugin GoogleCloudMessaging
LogPluginManager: Mounting plugin GooglePAD
LogPluginManager: Mounting plugin IOSDeviceProfileSelector
LogPluginManager: Mounting plugin LinuxDeviceProfileSelector
LogPluginManager: Mounting plugin LocationServicesBPLibrary
LogPluginManager: Mounting plugin MobilePatchingUtils
LogPluginManager: Mounting plugin OculusVR
LogPluginManager: Mounting plugin PhysXVehicles
LogPluginManager: Mounting plugin PostSplashScreen
LogPluginManager: Mounting plugin ProceduralMeshComponent
LogPluginManager: Mounting plugin RuntimePhysXCooking
LogPluginManager: Mounting plugin SignificanceManager
LogPluginManager: Mounting plugin SoundFields
LogPluginManager: Mounting plugin SteamVR
LogPluginManager: Mounting plugin Synthesis
LogPluginManager: Mounting plugin WebMMoviePlayer
LogPluginManager: Mounting plugin WindowsMoviePlayer
LogPluginManager: Mounting plugin ScreenshotTools
LogInit: Using libcurl 7.55.1-DEV
LogInit:  - built for x86_64-pc-win32
LogInit:  - supports SSL with OpenSSL/1.1.1
LogInit:  - supports HTTP deflate (compression) using libz 1.2.8
LogInit:  - other features:
LogInit:      CURL_VERSION_SSL
LogInit:      CURL_VERSION_LIBZ
LogInit:      CURL_VERSION_IPV6
LogInit:      CURL_VERSION_ASYNCHDNS
LogInit:      CURL_VERSION_LARGEFILE
LogInit:      CURL_VERSION_IDN
LogInit:  CurlRequestOptions (configurable via config and command line):
LogInit:  - bVerifyPeer = true  - Libcurl will verify peer certificate
LogInit:  - bUseHttpProxy = false  - Libcurl will NOT use HTTP proxy
LogInit:  - bDontReuseConnections = false  - Libcurl will reuse connections
LogInit:  - MaxHostConnections = 16  - Libcurl will limit the number of connections to a host
LogInit:  - LocalHostAddr = Default
LogInit:  - BufferSize = 65536
LogOnline: OSS: Creating online subsystem instance for: NULL
LogInit: WinSock: version 1.1 (2.2), MaxSocks=32767, MaxUdp=65467
LogOnline: OSS: TryLoadSubsystemAndSetDefault: Loaded subsystem for module [NULL]
LogInit: Build: ++UE4+Release-4.25-CL-13144385
LogInit: Engine Version: 4.25.0-13144385+++UE4+Release-4.25
LogInit: Compatible Engine Version: 4.25.0-13144385+++UE4+Release-4.25
LogInit: Net CL: 13144385
LogInit: OS: Windows 10 (Release 1903) (), CPU: Intel(R) Core(TM) i7-7700HQ CPU @ 2.80GHz, GPU: Intel(R) HD Graphics 630
LogInit: Compiled (64-bit): May  2 2020 02:12:11
LogInit: Compiled with Visual C++: 19.24.28315.00
LogInit: Build Configuration: Development
LogInit: Branch Name: ++UE4+Release-4.25
LogInit: Command Line: 
LogInit: Base Directory: C:/Program Files/Epic Games/UE_4.25/Engine/Binaries/Win64/
LogInit: Allocator: TBB
LogInit: Installed Engine Build: 1
LogDevObjectVersion: Number of dev versions registered: 26
LogDevObjectVersion:   Dev-Blueprints (B0D832E4-1F89-4F0D-ACCF-7EB736FD4AA2): 10
LogDevObjectVersion:   Dev-Build (E1C64328-A22C-4D53-A36C-8E866417BD8C): 0
LogDevObjectVersion:   Dev-Core (375EC13C-06E4-48FB-B500-84F0262A717E): 4
LogDevObjectVersion:   Dev-Editor (E4B068ED-F494-42E9-A231-DA0B2E46BB41): 38
LogDevObjectVersion:   Dev-Framework (CFFC743F-43B0-4480-9391-14DF171D2073): 37
LogDevObjectVersion:   Dev-Mobile (B02B49B5-BB20-44E9-A304-32B752E40360): 2
LogDevObjectVersion:   Dev-Networking (A4E4105C-59A1-49B5-A7C5-40C4547EDFEE): 0
LogDevObjectVersion:   Dev-Online (39C831C9-5AE6-47DC-9A44-9C173E1C8E7C): 0
LogDevObjectVersion:   Dev-Physics (78F01B33-EBEA-4F98-B9B4-84EACCB95AA2): 4
LogDevObjectVersion:   Dev-Platform (6631380F-2D4D-43E0-8009-CF276956A95A): 0
LogDevObjectVersion:   Dev-Rendering (12F88B9F-8875-4AFC-A67C-D90C383ABD29): 43
LogDevObjectVersion:   Dev-Sequencer (7B5AE74C-D270-4C10-A958-57980B212A5A): 12
LogDevObjectVersion:   Dev-VR (D7296918-1DD6-4BDD-9DE2-64A83CC13884): 3
LogDevObjectVersion:   Dev-LoadTimes (C2A15278-BFE7-4AFE-6C17-90FF531DF755): 1
LogDevObjectVersion:   Private-Geometry (6EACA3D4-40EC-4CC1-B786-8BED09428FC5): 3
LogDevObjectVersion:   Dev-AnimPhys (29E575DD-E0A3-4627-9D10-D276232CDCEA): 17
LogDevObjectVersion:   Dev-Anim (AF43A65D-7FD3-4947-9873-3E8ED9C1BB05): 7
LogDevObjectVersion:   Dev-ReflectionCapture (6B266CEC-1EC7-4B8F-A30B-E4D90942FC07): 1
LogDevObjectVersion:   Dev-Automation (0DF73D61-A23F-47EA-B727-89E90C41499A): 1
LogDevObjectVersion:   FortniteMain (601D1886-AC64-4F84-AA16-D3DE0DEAC7D6): 31
LogDevObjectVersion:   Dev-Enterprise (9DFFBCD6-494F-0158-E221-12823C92A888): 10
LogDevObjectVersion:   Dev-Niagara (F2AED0AC-9AFE-416F-8664-AA7FFA26D6FC): 1
LogDevObjectVersion:   Dev-Destruction (174F1F0B-B4C6-45A5-B13F-2EE8D0FB917D): 10
LogDevObjectVersion:   Dev-Physics-Ext (35F94A83-E258-406C-A318-09F59610247C): 37
LogDevObjectVersion:   Dev-PhysicsMaterial-Chaos (B68FC16E-8B1B-42E2-B453-215C058844FE): 1
LogDevObjectVersion:   Dev-CineCamera (B2E18506-4273-CFC2-A54E-F4BB758BBA07): 1
LogInit: Presizing for max 25165824 objects, including 0 objects not considered by GC, pre-allocating 0 bytes for permanent pool.
LogConfig: Applying CVar settings from Section [/Script/Engine.StreamingSettings] File [C:/Users/artur/Desktop/GitClones/ProjetoMotores/InvadeTime 4.25/Saved/Config/Windows/Engine.ini]
LogConfig: Setting CVar [[s.MinBulkDataSizeForAsyncLoading:131072]]
LogConfig: Setting CVar [[s.AsyncLoadingThreadEnabled:0]]
LogConfig: Setting CVar [[s.EventDrivenLoaderEnabled:1]]
LogConfig: Setting CVar [[s.WarnIfTimeLimitExceeded:0]]
LogConfig: Setting CVar [[s.TimeLimitExceededMultiplier:1.5]]
LogConfig: Setting CVar [[s.TimeLimitExceededMinTime:0.005]]
LogConfig: Setting CVar [[s.UseBackgroundLevelStreaming:1]]
LogConfig: Setting CVar [[s.PriorityAsyncLoadingExtraTime:15.0]]
LogConfig: Setting CVar [[s.LevelStreamingActorsUpdateTimeLimit:5.0]]
LogConfig: Setting CVar [[s.PriorityLevelStreamingActorsUpdateExtraTime:5.0]]
LogConfig: Setting CVar [[s.LevelStreamingComponentsRegistrationGranularity:10]]
LogConfig: Setting CVar [[s.UnregisterComponentsTimeLimit:1.0]]
LogConfig: Setting CVar [[s.LevelStreamingComponentsUnregistrationGranularity:5]]
LogConfig: Setting CVar [[s.FlushStreamingOnExit:1]]
LogInit: Object subsystem initialized
LogConfig: Setting CVar [[con.DebugEarlyDefault:1]]
LogConfig: Setting CVar [[r.setres:1280x720]]
[2020.06.21-15.29.56:107][  0]LogConfig: Setting CVar [[r.VSync:0]]
[2020.06.21-15.29.56:107][  0]LogConfig: Setting CVar [[r.RHICmdBypass:0]]
[2020.06.21-15.29.56:108][  0]LogConfig: Applying CVar settings from Section [/Script/Engine.RendererSettings] File [C:/Users/artur/Desktop/GitClones/ProjetoMotores/InvadeTime 4.25/Saved/Config/Windows/Engine.ini]
[2020.06.21-15.29.56:108][  0]LogConfig: Setting CVar [[r.GPUCrashDebugging:0]]
[2020.06.21-15.29.56:108][  0]LogConfig: Applying CVar settings from Section [/Script/Engine.RendererOverrideSettings] File [C:/Users/artur/Desktop/GitClones/ProjetoMotores/InvadeTime 4.25/Saved/Config/Windows/Engine.ini]
[2020.06.21-15.29.56:108][  0]LogConfig: Applying CVar settings from Section [/Script/Engine.StreamingSettings] File [C:/Users/artur/Desktop/GitClones/ProjetoMotores/InvadeTime 4.25/Saved/Config/Windows/Engine.ini]
[2020.06.21-15.29.56:108][  0]LogConfig: Setting CVar [[s.MinBulkDataSizeForAsyncLoading:131072]]
[2020.06.21-15.29.56:108][  0]LogConfig: Setting CVar [[s.AsyncLoadingThreadEnabled:0]]
[2020.06.21-15.29.56:108][  0]LogConfig: Setting CVar [[s.EventDrivenLoaderEnabled:1]]
[2020.06.21-15.29.56:108][  0]LogConfig: Setting CVar [[s.WarnIfTimeLimitExceeded:0]]
[2020.06.21-15.29.56:108][  0]LogConfig: Setting CVar [[s.TimeLimitExceededMultiplier:1.5]]
[2020.06.21-15.29.56:108][  0]LogConfig: Setting CVar [[s.TimeLimitExceededMinTime:0.005]]
[2020.06.21-15.29.56:108][  0]LogConfig: Setting CVar [[s.UseBackgroundLevelStreaming:1]]
[2020.06.21-15.29.56:108][  0]LogConfig: Setting CVar [[s.PriorityAsyncLoadingExtraTime:15.0]]
[2020.06.21-15.29.56:108][  0]LogConfig: Setting CVar [[s.LevelStreamingActorsUpdateTimeLimit:5.0]]
[2020.06.21-15.29.56:108][  0]LogConfig: Setting CVar [[s.PriorityLevelStreamingActorsUpdateExtraTime:5.0]]
[2020.06.21-15.29.56:108][  0]LogConfig: Setting CVar [[s.LevelStreamingComponentsRegistrationGranularity:10]]
[2020.06.21-15.29.56:108][  0]LogConfig: Setting CVar [[s.UnregisterComponentsTimeLimit:1.0]]
[2020.06.21-15.29.56:108][  0]LogConfig: Setting CVar [[s.LevelStreamingComponentsUnregistrationGranularity:5]]
[2020.06.21-15.29.56:108][  0]LogConfig: Setting CVar [[s.FlushStreamingOnExit:1]]
[2020.06.21-15.29.56:108][  0]LogConfig: Applying CVar settings from Section [/Script/Engine.GarbageCollectionSettings] File [C:/Users/artur/Desktop/GitClones/ProjetoMotores/InvadeTime 4.25/Saved/Config/Windows/Engine.ini]
[2020.06.21-15.29.56:108][  0]LogConfig: Setting CVar [[gc.MaxObjectsNotConsideredByGC:1]]
[2020.06.21-15.29.56:109][  0]LogConfig: Setting CVar [[gc.SizeOfPermanentObjectPool:0]]
[2020.06.21-15.29.56:109][  0]LogConfig: Setting CVar [[gc.FlushStreamingOnGC:0]]
[2020.06.21-15.29.56:109][  0]LogConfig: Setting CVar [[gc.NumRetriesBeforeForcingGC:10]]
[2020.06.21-15.29.56:109][  0]LogConfig: Setting CVar [[gc.AllowParallelGC:1]]
[2020.06.21-15.29.56:109][  0]LogConfig: Setting CVar [[gc.TimeBetweenPurgingPendingKillObjects:61.1]]
[2020.06.21-15.29.56:109][  0]LogConfig: Setting CVar [[gc.MaxObjectsInEditor:25165824]]
[2020.06.21-15.29.56:109][  0]LogConfig: Setting CVar [[gc.IncrementalBeginDestroyEnabled:1]]
[2020.06.21-15.29.56:109][  0]LogConfig: Setting CVar [[gc.CreateGCClusters:1]]
[2020.06.21-15.29.56:109][  0]LogConfig: Setting CVar [[gc.MinGCClusterSize:5]]
[2020.06.21-15.29.56:109][  0]LogConfig: Setting CVar [[gc.ActorClusteringEnabled:0]]
[2020.06.21-15.29.56:109][  0]LogConfig: Setting CVar [[gc.BlueprintClusteringEnabled:0]]
[2020.06.21-15.29.56:109][  0]LogConfig: Setting CVar [[gc.UseDisregardForGCOnDedicatedServers:0]]
[2020.06.21-15.29.56:109][  0]LogConfig: Applying CVar settings from Section [/Script/Engine.NetworkSettings] File [C:/Users/artur/Desktop/GitClones/ProjetoMotores/InvadeTime 4.25/Saved/Config/Windows/Engine.ini]
[2020.06.21-15.29.56:109][  0]LogConfig: Applying CVar settings from Section [/Script/UnrealEd.CookerSettings] File [C:/Users/artur/Desktop/GitClones/ProjetoMotores/InvadeTime 4.25/Saved/Config/Windows/Engine.ini]
[2020.06.21-15.29.56:185][  0]LogConfig: Applying CVar settings from Section [ViewDistanceQuality@3] File [C:/Users/artur/Desktop/GitClones/ProjetoMotores/InvadeTime 4.25/Saved/Config/Windows/Scalability.ini]
[2020.06.21-15.29.56:186][  0]LogConfig: Setting CVar [[r.SkeletalMeshLODBias:0]]
[2020.06.21-15.29.56:186][  0]LogConfig: Setting CVar [[r.ViewDistanceScale:1.0]]
[2020.06.21-15.29.56:186][  0]LogConfig: Applying CVar settings from Section [AntiAliasingQuality@3] File [C:/Users/artur/Desktop/GitClones/ProjetoMotores/InvadeTime 4.25/Saved/Config/Windows/Scalability.ini]
[2020.06.21-15.29.56:186][  0]LogConfig: Setting CVar [[r.PostProcessAAQuality:4]]
[2020.06.21-15.29.56:186][  0]LogConfig: Applying CVar settings from Section [ShadowQuality@3] File [C:/Users/artur/Desktop/GitClones/ProjetoMotores/InvadeTime 4.25/Saved/Config/Windows/Scalability.ini]
[2020.06.21-15.29.56:186][  0]LogConfig: Setting CVar [[r.LightFunctionQuality:1]]
[2020.06.21-15.29.56:186][  0]LogConfig: Setting CVar [[r.ShadowQuality:5]]
[2020.06.21-15.29.56:186][  0]LogConfig: Setting CVar [[r.Shadow.CSM.MaxCascades:10]]
[2020.06.21-15.29.56:186][  0]LogConfig: Setting CVar [[r.Shadow.MaxResolution:2048]]
[2020.06.21-15.29.56:186][  0]LogConfig: Setting CVar [[r.Shadow.MaxCSMResolution:2048]]
[2020.06.21-15.29.56:186][  0]LogConfig: Setting CVar [[r.Shadow.RadiusThreshold:0.01]]
[2020.06.21-15.29.56:186][  0]LogConfig: Setting CVar [[r.Shadow.DistanceScale:1.0]]
[2020.06.21-15.29.56:186][  0]LogConfig: Setting CVar [[r.Shadow.CSM.TransitionScale:1.0]]
[2020.06.21-15.29.56:186][  0]LogConfig: Setting CVar [[r.Shadow.PreShadowResolutionFactor:1.0]]
[2020.06.21-15.29.56:186][  0]LogConfig: Setting CVar [[r.DistanceFieldShadowing:1]]
[2020.06.21-15.29.56:186][  0]LogConfig: Setting CVar [[r.DistanceFieldAO:1]]
[2020.06.21-15.29.56:186][  0]LogConfig: Setting CVar [[r.AOQuality:2]]
[2020.06.21-15.29.56:186][  0]LogConfig: Setting CVar [[r.VolumetricFog:1]]
[2020.06.21-15.29.56:186][  0]LogConfig: Setting CVar [[r.VolumetricFog.GridPixelSize:8]]
[2020.06.21-15.29.56:186][  0]LogConfig: Setting CVar [[r.VolumetricFog.GridSizeZ:128]]
[2020.06.21-15.29.56:186][  0]LogConfig: Setting CVar [[r.VolumetricFog.HistoryMissSupersampleCount:4]]
[2020.06.21-15.29.56:186][  0]LogConfig: Setting CVar [[r.LightMaxDrawDistanceScale:1]]
[2020.06.21-15.29.56:186][  0]LogConfig: Setting CVar [[r.CapsuleShadows:1]]
[2020.06.21-15.29.56:186][  0]LogConfig: Applying CVar settings from Section [PostProcessQuality@3] File [C:/Users/artur/Desktop/GitClones/ProjetoMotores/InvadeTime 4.25/Saved/Config/Windows/Scalability.ini]
[2020.06.21-15.29.56:186][  0]LogConfig: Setting CVar [[r.MotionBlurQuality:4]]
[2020.06.21-15.29.56:186][  0]LogConfig: Setting CVar [[r.AmbientOcclusionMipLevelFactor:0.4]]
[2020.06.21-15.29.56:186][  0]LogConfig: Setting CVar [[r.AmbientOcclusionMaxQuality:100]]
[2020.06.21-15.29.56:186][  0]LogConfig: Setting CVar [[r.AmbientOcclusionLevels:-1]]
[2020.06.21-15.29.56:186][  0]LogConfig: Setting CVar [[r.AmbientOcclusionRadiusScale:1.0]]
[2020.06.21-15.29.56:186][  0]LogConfig: Setting CVar [[r.DepthOfFieldQuality:2]]
[2020.06.21-15.29.56:186][  0]LogConfig: Setting CVar [[r.RenderTargetPoolMin:400]]
[2020.06.21-15.29.56:186][  0]LogConfig: Setting CVar [[r.LensFlareQuality:2]]
[2020.06.21-15.29.56:186][  0]LogConfig: Setting CVar [[r.SceneColorFringeQuality:1]]
[2020.06.21-15.29.56:186][  0]LogConfig: Setting CVar [[r.EyeAdaptationQuality:2]]
[2020.06.21-15.29.56:186][  0]LogConfig: Setting CVar [[r.BloomQuality:5]]
[2020.06.21-15.29.56:186][  0]LogConfig: Setting CVar [[r.FastBlurThreshold:100]]
[2020.06.21-15.29.56:187][  0]LogConfig: Setting CVar [[r.Upscale.Quality:3]]
[2020.06.21-15.29.56:187][  0]LogConfig: Setting CVar [[r.Tonemapper.GrainQuantization:1]]
[2020.06.21-15.29.56:187][  0]LogConfig: Setting CVar [[r.LightShaftQuality:1]]
[2020.06.21-15.29.56:187][  0]LogConfig: Setting CVar [[r.Filter.SizeScale:1]]
[2020.06.21-15.29.56:187][  0]LogConfig: Setting CVar [[r.Tonemapper.Quality:5]]
[2020.06.21-15.29.56:187][  0]LogConfig: Setting CVar [[r.DOF.Gather.AccumulatorQuality:1        ; higher gathering accumulator quality]]
[2020.06.21-15.29.56:187][  0]LogConfig: Setting CVar [[r.DOF.Gather.PostfilterMethod:1          ; Median3x3 postfilering method]]
[2020.06.21-15.29.56:187][  0]LogConfig: Setting CVar [[r.DOF.Gather.EnableBokehSettings:0       ; no bokeh simulation when gathering]]
[2020.06.21-15.29.56:187][  0]LogConfig: Setting CVar [[r.DOF.Gather.RingCount:4                 ; medium number of samples when gathering]]
[2020.06.21-15.29.56:187][  0]LogConfig: Setting CVar [[r.DOF.Scatter.ForegroundCompositing:1    ; additive foreground scattering]]
[2020.06.21-15.29.56:187][  0]LogConfig: Setting CVar [[r.DOF.Scatter.BackgroundCompositing:2    ; additive background scattering]]
[2020.06.21-15.29.56:187][  0]LogConfig: Setting CVar [[r.DOF.Scatter.EnableBokehSettings:1      ; bokeh simulation when scattering]]
[2020.06.21-15.29.56:187][  0]LogConfig: Setting CVar [[r.DOF.Scatter.MaxSpriteRatio:0.1         ; only a maximum of 10% of scattered bokeh]]
[2020.06.21-15.29.56:187][  0]LogConfig: Setting CVar [[r.DOF.Recombine.Quality:1                ; cheap slight out of focus]]
[2020.06.21-15.29.56:187][  0]LogConfig: Setting CVar [[r.DOF.Recombine.EnableBokehSettings:0    ; no bokeh simulation on slight out of focus]]
[2020.06.21-15.29.56:187][  0]LogConfig: Setting CVar [[r.DOF.TemporalAAQuality:1                ; more stable temporal accumulation]]
[2020.06.21-15.29.56:187][  0]LogConfig: Setting CVar [[r.DOF.Kernel.MaxForegroundRadius:0.025]]
[2020.06.21-15.29.56:187][  0]LogConfig: Setting CVar [[r.DOF.Kernel.MaxBackgroundRadius:0.025]]
[2020.06.21-15.29.56:187][  0]LogConfig: Applying CVar settings from Section [TextureQuality@3] File [C:/Users/artur/Desktop/GitClones/ProjetoMotores/InvadeTime 4.25/Saved/Config/Windows/Scalability.ini]
[2020.06.21-15.29.56:187][  0]LogConfig: Setting CVar [[r.Streaming.MipBias:0]]
[2020.06.21-15.29.56:187][  0]LogConfig: Setting CVar [[r.Streaming.AmortizeCPUToGPUCopy:0]]
[2020.06.21-15.29.56:187][  0]LogConfig: Setting CVar [[r.Streaming.MaxNumTexturesToStreamPerFrame:0]]
[2020.06.21-15.29.56:187][  0]LogConfig: Setting CVar [[r.Streaming.Boost:1]]
[2020.06.21-15.29.56:187][  0]LogConfig: Setting CVar [[r.MaxAnisotropy:8]]
[2020.06.21-15.29.56:187][  0]LogConfig: Setting CVar [[r.VT.MaxAnisotropy:8]]
[2020.06.21-15.29.56:187][  0]LogConfig: Setting CVar [[r.Streaming.LimitPoolSizeToVRAM:0]]
[2020.06.21-15.29.56:187][  0]LogConfig: Setting CVar [[r.Streaming.PoolSize:1000]]
[2020.06.21-15.29.56:187][  0]LogConfig: Setting CVar [[r.Streaming.MaxEffectiveScreenSize:0]]
[2020.06.21-15.29.56:187][  0]LogConfig: Applying CVar settings from Section [EffectsQuality@3] File [C:/Users/artur/Desktop/GitClones/ProjetoMotores/InvadeTime 4.25/Saved/Config/Windows/Scalability.ini]
[2020.06.21-15.29.56:187][  0]LogConfig: Setting CVar [[r.TranslucencyLightingVolumeDim:64]]
[2020.06.21-15.29.56:187][  0]LogConfig: Setting CVar [[r.RefractionQuality:2]]
[2020.06.21-15.29.56:187][  0]LogConfig: Setting CVar [[r.SSR.Quality:3]]
[2020.06.21-15.29.56:187][  0]LogConfig: Setting CVar [[r.SSR.HalfResSceneColor:0]]
[2020.06.21-15.29.56:187][  0]LogConfig: Setting CVar [[r.SceneColorFormat:4]]
[2020.06.21-15.29.56:187][  0]LogConfig: Setting CVar [[r.DetailMode:2]]
[2020.06.21-15.29.56:187][  0]LogConfig: Setting CVar [[r.TranslucencyVolumeBlur:1]]
[2020.06.21-15.29.56:187][  0]LogConfig: Setting CVar [[r.MaterialQualityLevel:1 ; High quality]]
[2020.06.21-15.29.56:187][  0]LogConfig: Setting CVar [[r.SSS.Scale:1]]
[2020.06.21-15.29.56:187][  0]LogConfig: Setting CVar [[r.SSS.SampleSet:2]]
[2020.06.21-15.29.56:188][  0]LogConfig: Setting CVar [[r.SSS.Quality:1]]
[2020.06.21-15.29.56:188][  0]LogConfig: Setting CVar [[r.SSS.HalfRes:0]]
[2020.06.21-15.29.56:188][  0]LogConfig: Setting CVar [[r.SSGI.Quality:3]]
[2020.06.21-15.29.56:188][  0]LogConfig: Setting CVar [[r.EmitterSpawnRateScale:1.0]]
[2020.06.21-15.29.56:188][  0]LogConfig: Setting CVar [[r.ParticleLightQuality:2]]
[2020.06.21-15.29.56:188][  0]LogConfig: Setting CVar [[r.SkyAtmosphere.AerialPerspectiveLUT.FastApplyOnOpaque:1 ; Always have FastSkyLUT 1 in this case to avoid wrong sky]]
[2020.06.21-15.29.56:188][  0]LogConfig: Setting CVar [[r.SkyAtmosphere.AerialPerspectiveLUT.SampleCountPerSlice:1]]
[2020.06.21-15.29.56:188][  0]LogConfig: Setting CVar [[r.SkyAtmosphere.AerialPerspectiveLUT.DepthResolution:16.0]]
[2020.06.21-15.29.56:188][  0]LogConfig: Setting CVar [[r.SkyAtmosphere.FastSkyLUT:1]]
[2020.06.21-15.29.56:188][  0]LogConfig: Setting CVar [[r.SkyAtmosphere.FastSkyLUT.SampleCountMin:4.0]]
[2020.06.21-15.29.56:188][  0]LogConfig: Setting CVar [[r.SkyAtmosphere.FastSkyLUT.SampleCountMax:32.0]]
[2020.06.21-15.29.56:188][  0]LogConfig: Setting CVar [[r.SkyAtmosphere.SampleCountMin:4.0]]
[2020.06.21-15.29.56:188][  0]LogConfig: Setting CVar [[r.SkyAtmosphere.SampleCountMax:32.0]]
[2020.06.21-15.29.56:188][  0]LogConfig: Setting CVar [[r.SkyAtmosphere.TransmittanceLUT.UseSmallFormat:0]]
[2020.06.21-15.29.56:188][  0]LogConfig: Setting CVar [[r.SkyAtmosphere.TransmittanceLUT.SampleCount:10.0]]
[2020.06.21-15.29.56:188][  0]LogConfig: Setting CVar [[r.SkyAtmosphere.MultiScatteringLUT.SampleCount:15.0]]
[2020.06.21-15.29.56:188][  0]LogConfig: Applying CVar settings from Section [FoliageQuality@3] File [C:/Users/artur/Desktop/GitClones/ProjetoMotores/InvadeTime 4.25/Saved/Config/Windows/Scalability.ini]
[2020.06.21-15.29.56:188][  0]LogConfig: Setting CVar [[foliage.DensityScale:1.0]]
[2020.06.21-15.29.56:188][  0]LogConfig: Setting CVar [[grass.DensityScale:1.0]]
[2020.06.21-15.29.56:188][  0]LogConfig: Applying CVar settings from Section [ShadingQuality@3] File [C:/Users/artur/Desktop/GitClones/ProjetoMotores/InvadeTime 4.25/Saved/Config/Windows/Scalability.ini]
[2020.06.21-15.29.56:188][  0]LogConfig: Setting CVar [[r.HairStrands.SkyLighting.SampleCount:16]]
[2020.06.21-15.29.56:188][  0]LogConfig: Setting CVar [[r.HairStrands.SkyLighting.JitterIntegration:0]]
[2020.06.21-15.29.56:188][  0]LogConfig: Setting CVar [[r.HairStrands.SkyAO.SampleCount:16]]
[2020.06.21-15.29.56:188][  0]LogConfig: Setting CVar [[r.HairStrands.DeepShadow.SuperSampling:0]]
[2020.06.21-15.29.56:188][  0]LogConfig: Setting CVar [[r.HairStrands.VisibilityPPLL:0]]
[2020.06.21-15.29.56:188][  0]LogConfig: Setting CVar [[r.HairStrands.RasterizationScale:0.5]]
[2020.06.21-15.29.56:188][  0]LogConfig: Setting CVar [[r.HairStrands.VelocityRasterizationScale:1]]
[2020.06.21-15.29.56:210][  0]LogInit: Selected Device Profile: [Windows]
[2020.06.21-15.29.56:211][  0]LogInit: Applying CVar settings loaded from the selected device profile: [Windows]
[2020.06.21-15.29.56:236][  0]LogHAL: Display: Platform has ~ 8 GB [8499200000 / 8589934592 / 8], which maps to Default [LargestMinGB=32, LargerMinGB=12, DefaultMinGB=8, SmallerMinGB=6, SmallestMinGB=0)
[2020.06.21-15.29.56:236][  0]LogInit: Going up to parent DeviceProfile []
[2020.06.21-15.29.56:250][  0]LogConfig: Applying CVar settings from Section [ViewDistanceQuality@3] File [C:/Users/artur/Desktop/GitClones/ProjetoMotores/InvadeTime 4.25/Saved/Config/Windows/Scalability.ini]
[2020.06.21-15.29.56:250][  0]LogConfig: Setting CVar [[r.SkeletalMeshLODBias:0]]
[2020.06.21-15.29.56:250][  0]LogConfig: Setting CVar [[r.ViewDistanceScale:1.0]]
[2020.06.21-15.29.56:250][  0]LogConfig: Applying CVar settings from Section [AntiAliasingQuality@3] File [C:/Users/artur/Desktop/GitClones/ProjetoMotores/InvadeTime 4.25/Saved/Config/Windows/Scalability.ini]
[2020.06.21-15.29.56:250][  0]LogConfig: Setting CVar [[r.PostProcessAAQuality:4]]
[2020.06.21-15.29.56:250][  0]LogConfig: Applying CVar settings from Section [ShadowQuality@3] File [C:/Users/artur/Desktop/GitClones/ProjetoMotores/InvadeTime 4.25/Saved/Config/Windows/Scalability.ini]
[2020.06.21-15.29.56:250][  0]LogConfig: Setting CVar [[r.LightFunctionQuality:1]]
[2020.06.21-15.29.56:250][  0]LogConfig: Setting CVar [[r.ShadowQuality:5]]
[2020.06.21-15.29.56:250][  0]LogConfig: Setting CVar [[r.Shadow.CSM.MaxCascades:10]]
[2020.06.21-15.29.56:250][  0]LogConfig: Setting CVar [[r.Shadow.MaxResolution:2048]]
[2020.06.21-15.29.56:250][  0]LogConfig: Setting CVar [[r.Shadow.MaxCSMResolution:2048]]
[2020.06.21-15.29.56:250][  0]LogConfig: Setting CVar [[r.Shadow.RadiusThreshold:0.01]]
[2020.06.21-15.29.56:250][  0]LogConfig: Setting CVar [[r.Shadow.DistanceScale:1.0]]
[2020.06.21-15.29.56:250][  0]LogConfig: Setting CVar [[r.Shadow.CSM.TransitionScale:1.0]]
[2020.06.21-15.29.56:250][  0]LogConfig: Setting CVar [[r.Shadow.PreShadowResolutionFactor:1.0]]
[2020.06.21-15.29.56:250][  0]LogConfig: Setting CVar [[r.DistanceFieldShadowing:1]]
[2020.06.21-15.29.56:250][  0]LogConfig: Setting CVar [[r.DistanceFieldAO:1]]
[2020.06.21-15.29.56:250][  0]LogConfig: Setting CVar [[r.AOQuality:2]]
[2020.06.21-15.29.56:250][  0]LogConfig: Setting CVar [[r.VolumetricFog:1]]
[2020.06.21-15.29.56:250][  0]LogConfig: Setting CVar [[r.VolumetricFog.GridPixelSize:8]]
[2020.06.21-15.29.56:251][  0]LogConfig: Setting CVar [[r.VolumetricFog.GridSizeZ:128]]
[2020.06.21-15.29.56:251][  0]LogConfig: Setting CVar [[r.VolumetricFog.HistoryMissSupersampleCount:4]]
[2020.06.21-15.29.56:251][  0]LogConfig: Setting CVar [[r.LightMaxDrawDistanceScale:1]]
[2020.06.21-15.29.56:251][  0]LogConfig: Setting CVar [[r.CapsuleShadows:1]]
[2020.06.21-15.29.56:251][  0]LogConfig: Applying CVar settings from Section [PostProcessQuality@3] File [C:/Users/artur/Desktop/GitClones/ProjetoMotores/InvadeTime 4.25/Saved/Config/Windows/Scalability.ini]
[2020.06.21-15.29.56:251][  0]LogConfig: Setting CVar [[r.MotionBlurQuality:4]]
[2020.06.21-15.29.56:251][  0]LogConfig: Setting CVar [[r.AmbientOcclusionMipLevelFactor:0.4]]
[2020.06.21-15.29.56:251][  0]LogConfig: Setting CVar [[r.AmbientOcclusionMaxQuality:100]]
[2020.06.21-15.29.56:251][  0]LogConfig: Setting CVar [[r.AmbientOcclusionLevels:-1]]
[2020.06.21-15.29.56:251][  0]LogConfig: Setting CVar [[r.AmbientOcclusionRadiusScale:1.0]]
[2020.06.21-15.29.56:251][  0]LogConfig: Setting CVar [[r.DepthOfFieldQuality:2]]
[2020.06.21-15.29.56:251][  0]LogConfig: Setting CVar [[r.RenderTargetPoolMin:400]]
[2020.06.21-15.29.56:251][  0]LogConfig: Setting CVar [[r.LensFlareQuality:2]]
[2020.06.21-15.29.56:251][  0]LogConfig: Setting CVar [[r.SceneColorFringeQuality:1]]
[2020.06.21-15.29.56:251][  0]LogConfig: Setting CVar [[r.EyeAdaptationQuality:2]]
[2020.06.21-15.29.56:251][  0]LogConfig: Setting CVar [[r.BloomQuality:5]]
[2020.06.21-15.29.56:251][  0]LogConfig: Setting CVar [[r.FastBlurThreshold:100]]
[2020.06.21-15.29.56:251][  0]LogConfig: Setting CVar [[r.Upscale.Quality:3]]
[2020.06.21-15.29.56:251][  0]LogConfig: Setting CVar [[r.Tonemapper.GrainQuantization:1]]
[2020.06.21-15.29.56:251][  0]LogConfig: Setting CVar [[r.LightShaftQuality:1]]
[2020.06.21-15.29.56:251][  0]LogConfig: Setting CVar [[r.Filter.SizeScale:1]]
[2020.06.21-15.29.56:251][  0]LogConfig: Setting CVar [[r.Tonemapper.Quality:5]]
[2020.06.21-15.29.56:251][  0]LogConfig: Setting CVar [[r.DOF.Gather.AccumulatorQuality:1        ; higher gathering accumulator quality]]
[2020.06.21-15.29.56:251][  0]LogConfig: Setting CVar [[r.DOF.Gather.PostfilterMethod:1          ; Median3x3 postfilering method]]
[2020.06.21-15.29.56:251][  0]LogConfig: Setting CVar [[r.DOF.Gather.EnableBokehSettings:0       ; no bokeh simulation when gathering]]
[2020.06.21-15.29.56:251][  0]LogConfig: Setting CVar [[r.DOF.Gather.RingCount:4                 ; medium number of samples when gathering]]
[2020.06.21-15.29.56:251][  0]LogConfig: Setting CVar [[r.DOF.Scatter.ForegroundCompositing:1    ; additive foreground scattering]]
[2020.06.21-15.29.56:251][  0]LogConfig: Setting CVar [[r.DOF.Scatter.BackgroundCompositing:2    ; additive background scattering]]
[2020.06.21-15.29.56:251][  0]LogConfig: Setting CVar [[r.DOF.Scatter.EnableBokehSettings:1      ; bokeh simulation when scattering]]
[2020.06.21-15.29.56:251][  0]LogConfig: Setting CVar [[r.DOF.Scatter.MaxSpriteRatio:0.1         ; only a maximum of 10% of scattered bokeh]]
[2020.06.21-15.29.56:251][  0]LogConfig: Setting CVar [[r.DOF.Recombine.Quality:1                ; cheap slight out of focus]]
[2020.06.21-15.29.56:251][  0]LogConfig: Setting CVar [[r.DOF.Recombine.EnableBokehSettings:0    ; no bokeh simulation on slight out of focus]]
[2020.06.21-15.29.56:251][  0]LogConfig: Setting CVar [[r.DOF.TemporalAAQuality:1                ; more stable temporal accumulation]]
[2020.06.21-15.29.56:251][  0]LogConfig: Setting CVar [[r.DOF.Kernel.MaxForegroundRadius:0.025]]
[2020.06.21-15.29.56:251][  0]LogConfig: Setting CVar [[r.DOF.Kernel.MaxBackgroundRadius:0.025]]
[2020.06.21-15.29.56:251][  0]LogConfig: Applying CVar settings from Section [TextureQuality@3] File [C:/Users/artur/Desktop/GitClones/ProjetoMotores/InvadeTime 4.25/Saved/Config/Windows/Scalability.ini]
[2020.06.21-15.29.56:252][  0]LogConfig: Setting CVar [[r.Streaming.MipBias:0]]
[2020.06.21-15.29.56:252][  0]LogConfig: Setting CVar [[r.Streaming.AmortizeCPUToGPUCopy:0]]
[2020.06.21-15.29.56:252][  0]LogConfig: Setting CVar [[r.Streaming.MaxNumTexturesToStreamPerFrame:0]]
[2020.06.21-15.29.56:252][  0]LogConfig: Setting CVar [[r.Streaming.Boost:1]]
[2020.06.21-15.29.56:252][  0]LogConfig: Setting CVar [[r.MaxAnisotropy:8]]
[2020.06.21-15.29.56:252][  0]LogConfig: Setting CVar [[r.VT.MaxAnisotropy:8]]
[2020.06.21-15.29.56:252][  0]LogConfig: Setting CVar [[r.Streaming.LimitPoolSizeToVRAM:0]]
[2020.06.21-15.29.56:252][  0]LogConfig: Setting CVar [[r.Streaming.PoolSize:1000]]
[2020.06.21-15.29.56:252][  0]LogConfig: Setting CVar [[r.Streaming.MaxEffectiveScreenSize:0]]
[2020.06.21-15.29.56:252][  0]LogConfig: Applying CVar settings from Section [EffectsQuality@3] File [C:/Users/artur/Desktop/GitClones/ProjetoMotores/InvadeTime 4.25/Saved/Config/Windows/Scalability.ini]
[2020.06.21-15.29.56:252][  0]LogConfig: Setting CVar [[r.TranslucencyLightingVolumeDim:64]]
[2020.06.21-15.29.56:252][  0]LogConfig: Setting CVar [[r.RefractionQuality:2]]
[2020.06.21-15.29.56:252][  0]LogConfig: Setting CVar [[r.SSR.Quality:3]]
[2020.06.21-15.29.56:252][  0]LogConfig: Setting CVar [[r.SSR.HalfResSceneColor:0]]
[2020.06.21-15.29.56:252][  0]LogConfig: Setting CVar [[r.SceneColorFormat:4]]
[2020.06.21-15.29.56:252][  0]LogConfig: Setting CVar [[r.DetailMode:2]]
[2020.06.21-15.29.56:252][  0]LogConfig: Setting CVar [[r.TranslucencyVolumeBlur:1]]
[2020.06.21-15.29.56:252][  0]LogConfig: Setting CVar [[r.MaterialQualityLevel:1 ; High quality]]
[2020.06.21-15.29.56:252][  0]LogConfig: Setting CVar [[r.SSS.Scale:1]]
[2020.06.21-15.29.56:252][  0]LogConfig: Setting CVar [[r.SSS.SampleSet:2]]
[2020.06.21-15.29.56:252][  0]LogConfig: Setting CVar [[r.SSS.Quality:1]]
[2020.06.21-15.29.56:252][  0]LogConfig: Setting CVar [[r.SSS.HalfRes:0]]
[2020.06.21-15.29.56:252][  0]LogConfig: Setting CVar [[r.SSGI.Quality:3]]
[2020.06.21-15.29.56:252][  0]LogConfig: Setting CVar [[r.EmitterSpawnRateScale:1.0]]
[2020.06.21-15.29.56:252][  0]LogConfig: Setting CVar [[r.ParticleLightQuality:2]]
[2020.06.21-15.29.56:252][  0]LogConfig: Setting CVar [[r.SkyAtmosphere.AerialPerspectiveLUT.FastApplyOnOpaque:1 ; Always have FastSkyLUT 1 in this case to avoid wrong sky]]
[2020.06.21-15.29.56:252][  0]LogConfig: Setting CVar [[r.SkyAtmosphere.AerialPerspectiveLUT.SampleCountPerSlice:1]]
[2020.06.21-15.29.56:252][  0]LogConfig: Setting CVar [[r.SkyAtmosphere.AerialPerspectiveLUT.DepthResolution:16.0]]
[2020.06.21-15.29.56:252][  0]LogConfig: Setting CVar [[r.SkyAtmosphere.FastSkyLUT:1]]
[2020.06.21-15.29.56:252][  0]LogConfig: Setting CVar [[r.SkyAtmosphere.FastSkyLUT.SampleCountMin:4.0]]
[2020.06.21-15.29.56:252][  0]LogConfig: Setting CVar [[r.SkyAtmosphere.FastSkyLUT.SampleCountMax:32.0]]
[2020.06.21-15.29.56:252][  0]LogConfig: Setting CVar [[r.SkyAtmosphere.SampleCountMin:4.0]]
[2020.06.21-15.29.56:252][  0]LogConfig: Setting CVar [[r.SkyAtmosphere.SampleCountMax:32.0]]
[2020.06.21-15.29.56:252][  0]LogConfig: Setting CVar [[r.SkyAtmosphere.TransmittanceLUT.UseSmallFormat:0]]
[2020.06.21-15.29.56:252][  0]LogConfig: Setting CVar [[r.SkyAtmosphere.TransmittanceLUT.SampleCount:10.0]]
[2020.06.21-15.29.56:252][  0]LogConfig: Setting CVar [[r.SkyAtmosphere.MultiScatteringLUT.SampleCount:15.0]]
[2020.06.21-15.29.56:252][  0]LogConfig: Applying CVar settings from Section [FoliageQuality@3] File [C:/Users/artur/Desktop/GitClones/ProjetoMotores/InvadeTime 4.25/Saved/Config/Windows/Scalability.ini]
[2020.06.21-15.29.56:253][  0]LogConfig: Setting CVar [[foliage.DensityScale:1.0]]
[2020.06.21-15.29.56:253][  0]LogConfig: Setting CVar [[grass.DensityScale:1.0]]
[2020.06.21-15.29.56:253][  0]LogConfig: Applying CVar settings from Section [ShadingQuality@3] File [C:/Users/artur/Desktop/GitClones/ProjetoMotores/InvadeTime 4.25/Saved/Config/Windows/Scalability.ini]
[2020.06.21-15.29.56:253][  0]LogConfig: Setting CVar [[r.HairStrands.SkyLighting.SampleCount:16]]
[2020.06.21-15.29.56:253][  0]LogConfig: Setting CVar [[r.HairStrands.SkyLighting.JitterIntegration:0]]
[2020.06.21-15.29.56:253][  0]LogConfig: Setting CVar [[r.HairStrands.SkyAO.SampleCount:16]]
[2020.06.21-15.29.56:253][  0]LogConfig: Setting CVar [[r.HairStrands.DeepShadow.SuperSampling:0]]
[2020.06.21-15.29.56:253][  0]LogConfig: Setting CVar [[r.HairStrands.VisibilityPPLL:0]]
[2020.06.21-15.29.56:253][  0]LogConfig: Setting CVar [[r.HairStrands.RasterizationScale:0.5]]
[2020.06.21-15.29.56:253][  0]LogConfig: Setting CVar [[r.HairStrands.VelocityRasterizationScale:1]]
[2020.06.21-15.29.56:253][  0]LogConfig: Applying CVar settings from Section [Startup] File [../../../Engine/Config/ConsoleVariables.ini]
[2020.06.21-15.29.56:271][  0]LogConfig: Setting CVar [[net.UseAdaptiveNetUpdateFrequency:0]]
[2020.06.21-15.29.56:271][  0]LogConfig: Setting CVar [[p.chaos.AllowCreatePhysxBodies:1]]
[2020.06.21-15.29.56:271][  0]LogConfig: Setting CVar [[fx.SkipVectorVMBackendOptimizations:1]]
[2020.06.21-15.29.56:271][  0]LogConfig: Applying CVar settings from Section [ConsoleVariables] File [C:/Users/artur/Desktop/GitClones/ProjetoMotores/InvadeTime 4.25/Saved/Config/Windows/Engine.ini]
[2020.06.21-15.29.56:348][  0]LogInit: Computer: LAPTOP-QGNF29DD
[2020.06.21-15.29.56:348][  0]LogInit: User: artur
[2020.06.21-15.29.56:348][  0]LogInit: CPU Page size=4096, Cores=4
[2020.06.21-15.29.56:348][  0]LogInit: High frequency timer resolution =10.000000 MHz
[2020.06.21-15.29.56:348][  0]LogMemory: Memory total: Physical=7.9GB (8GB approx)
[2020.06.21-15.29.56:362][  0]LogMemory: Platform Memory Stats for Windows
[2020.06.21-15.29.56:362][  0]LogMemory: Process Physical Memory: 114.21 MB used, 114.22 MB peak
[2020.06.21-15.29.56:362][  0]LogMemory: Process Virtual Memory: 96.22 MB used, 96.22 MB peak
[2020.06.21-15.29.56:363][  0]LogMemory: Physical Memory: 7668.58 MB used,  436.89 MB free, 8105.47 MB total
[2020.06.21-15.29.56:363][  0]LogMemory: Virtual Memory: 5109.76 MB used,  134212616.00 MB free, 134217728.00 MB total
[2020.06.21-15.29.56:407][  0]LogWindows: WindowsPlatformFeatures enabled
[2020.06.21-15.29.58:280][  0]LogInit: Physics initialised using underlying interface: PhysX
[2020.06.21-15.29.58:319][  0]LogInit: Overriding language with editor language configuration option (en).
[2020.06.21-15.29.58:319][  0]LogInit: Overriding locale with editor locale configuration option (en).
[2020.06.21-15.30.01:467][  0]LogInit: Setting process to per monitor DPI aware
[2020.06.21-15.30.02:218][  0]LogSlate: New Slate User Created.  User Index 0, Is Virtual User: 0
[2020.06.21-15.30.02:218][  0]LogSlate: Slate User Registered.  User Index 0, Is Virtual User: 0
[2020.06.21-15.30.08:831][  0]LogHMD: Failed to initialize OpenVR with code 110
[2020.06.21-15.30.08:831][  0]LogD3D11RHI: D3D11 min allowed feature level: 11_0
[2020.06.21-15.30.08:831][  0]LogD3D11RHI: D3D11 max allowed feature level: 11_0
[2020.06.21-15.30.08:831][  0]LogD3D11RHI: D3D11 adapters:
[2020.06.21-15.30.09:629][  0]LogD3D11RHI:    0. 'NVIDIA GeForce GTX 1050' (Feature Level 11_0)
[2020.06.21-15.30.09:630][  0]LogD3D11RHI:       4021/0/4052 MB DedicatedVideo/DedicatedSystem/SharedSystem, Outputs:1, VendorId:0x10de
[2020.06.21-15.30.09:641][  0]LogD3D11RHI:    1. 'Intel(R) HD Graphics 630' (Feature Level 11_0)
[2020.06.21-15.30.09:641][  0]LogD3D11RHI:       128/0/4052 MB DedicatedVideo/DedicatedSystem/SharedSystem, Outputs:0, VendorId:0x8086
[2020.06.21-15.30.09:754][  0]LogD3D11RHI:    2. 'Microsoft Basic Render Driver' (Feature Level 11_0)
[2020.06.21-15.30.09:754][  0]LogD3D11RHI:       0/0/4052 MB DedicatedVideo/DedicatedSystem/SharedSystem, Outputs:0, VendorId:0x1414
[2020.06.21-15.30.09:754][  0]LogD3D11RHI: Chosen D3D11 Adapter: 0
[2020.06.21-15.30.09:858][  0]LogD3D11RHI: Creating new Direct3DDevice
[2020.06.21-15.30.09:858][  0]LogD3D11RHI:     GPU DeviceId: 0x1c8d (for the marketing name, search the web for "GPU Device Id")
[2020.06.21-15.30.09:872][  0]LogWindows: EnumDisplayDevices:
[2020.06.21-15.30.09:872][  0]LogWindows:    0. 'Intel(R) HD Graphics 630' (P:1 D:1)
[2020.06.21-15.30.09:873][  0]LogWindows:    1. 'Intel(R) HD Graphics 630' (P:0 D:0)
[2020.06.21-15.30.09:873][  0]LogWindows:    2. 'Intel(R) HD Graphics 630' (P:0 D:0)
[2020.06.21-15.30.09:874][  0]LogWindows: DebugString: PrimaryIsNotTheChoosenAdapter PrimaryIsNotTheChoosenAdapter PrimaryIsNotTheChoosenAdapter FoundDriverCount:0 
[2020.06.21-15.30.09:874][  0]LogD3D11RHI:     Adapter Name: NVIDIA GeForce GTX 1050
[2020.06.21-15.30.09:874][  0]LogD3D11RHI:   Driver Version: Unknown (internal:Unknown, unified:Unknown)
[2020.06.21-15.30.09:874][  0]LogD3D11RHI:      Driver Date: Unknown
[2020.06.21-15.30.09:884][  0]LogRHI: Texture pool is 2814 MB (70% of 4021 MB)
[2020.06.21-15.30.10:027][  0]LogD3D11RHI: RHI has support for 64 bit atomics
[2020.06.21-15.30.10:188][  0]LogD3D11RHI: [Aftermath] Enabled and primed
[2020.06.21-15.30.10:188][  0]LogD3D11RHI: Async texture creation enabled
[2020.06.21-15.30.10:188][  0]LogD3D11RHI: Array index from any shader is supported
[2020.06.21-15.30.13:466][  0]LogD3D11RHI: GPU Timing Frequency: 1000.000000 (Debug: 2 1)
[2020.06.21-15.30.17:122][  0]LogTargetPlatformManager: Display: Loaded TargetPlatform 'AllDesktop'
[2020.06.21-15.30.17:170][  0]LogTargetPlatformManager: Display: Loaded TargetPlatform 'Android'
[2020.06.21-15.30.17:170][  0]LogTargetPlatformManager: Display: Loaded TargetPlatform 'Android_ASTC'
[2020.06.21-15.30.17:170][  0]LogTargetPlatformManager: Display: Loaded TargetPlatform 'Android_DXT'
[2020.06.21-15.30.17:170][  0]LogTargetPlatformManager: Display: Loaded TargetPlatform 'Android_ETC2'
[2020.06.21-15.30.17:170][  0]LogTargetPlatformManager: Display: Loaded TargetPlatform 'AndroidClient'
[2020.06.21-15.30.17:170][  0]LogTargetPlatformManager: Display: Loaded TargetPlatform 'Android_ASTCClient'
[2020.06.21-15.30.17:170][  0]LogTargetPlatformManager: Display: Loaded TargetPlatform 'Android_DXTClient'
[2020.06.21-15.30.17:170][  0]LogTargetPlatformManager: Display: Loaded TargetPlatform 'Android_ETC2Client'
[2020.06.21-15.30.17:170][  0]LogTargetPlatformManager: Display: Loaded TargetPlatform 'Android_Multi'
[2020.06.21-15.30.17:170][  0]LogTargetPlatformManager: Display: Loaded TargetPlatform 'Android_MultiClient'
[2020.06.21-15.30.17:557][  0]LogTargetPlatformManager: Display: Loaded TargetPlatform 'IOSClient'
[2020.06.21-15.30.17:557][  0]LogTargetPlatformManager: Display: Loaded TargetPlatform 'IOS'
[2020.06.21-15.30.17:696][  0]LogTargetPlatformManager: Display: Loaded TargetPlatform 'Linux'
[2020.06.21-15.30.17:775][  0]LogTargetPlatformManager: Display: Loaded TargetPlatform 'LinuxNoEditor'
[2020.06.21-15.30.17:848][  0]LogTargetPlatformManager: Display: Loaded TargetPlatform 'LinuxClient'
[2020.06.21-15.30.17:964][  0]LogTargetPlatformManager: Display: Loaded TargetPlatform 'LinuxServer'
[2020.06.21-15.30.18:059][  0]LogTargetPlatformManager: Display: Loaded TargetPlatform 'LinuxAArch64NoEditor'
[2020.06.21-15.30.18:137][  0]LogTargetPlatformManager: Display: Loaded TargetPlatform 'LinuxAArch64Client'
[2020.06.21-15.30.18:287][  0]LogTargetPlatformManager: Display: Loaded TargetPlatform 'LinuxAArch64Server'
[2020.06.21-15.30.18:356][  0]LogTargetPlatformManager: Display: Loaded TargetPlatform 'Lumin'
[2020.06.21-15.30.18:356][  0]LogTargetPlatformManager: Display: Loaded TargetPlatform 'LuminClient'
[2020.06.21-15.30.18:447][  0]LogTargetPlatformManager: Display: Loaded TargetPlatform 'TVOSClient'
[2020.06.21-15.30.18:447][  0]LogTargetPlatformManager: Display: Loaded TargetPlatform 'TVOS'
[2020.06.21-15.30.18:541][  0]LogTargetPlatformManager: Display: Loaded TargetPlatform 'WindowsNoEditor'
[2020.06.21-15.30.18:575][  0]LogTargetPlatformManager: Display: Loaded TargetPlatform 'Windows'
[2020.06.21-15.30.18:614][  0]LogTargetPlatformManager: Display: Loaded TargetPlatform 'WindowsClient'
[2020.06.21-15.30.18:665][  0]LogTargetPlatformManager: Display: Loaded TargetPlatform 'WindowsServer'
[2020.06.21-15.30.18:665][  0]LogTargetPlatformManager: Display: Building Assets For Windows
[2020.06.21-15.30.19:265][  0]LogAudioDebug: Display: Lib vorbis DLL was dynamically loaded.
[2020.06.21-15.30.22:790][  0]LogShaderCompilers: Guid format shader working directory is -33 characters bigger than the processId version (../../../../../../Users/artur/Desktop/GitClones/ProjetoMotores/InvadeTime 4.25/Intermediate/Shaders/WorkingDirectory/47796/).
[2020.06.21-15.30.22:791][  0]LogShaderCompilers: Cleaned the shader compiler working directory 'C:/Users/artur/AppData/Local/Temp/UnrealShaderWorkingDir/3C4CEFFD4FAB5DEB413CF58D634E7881/'.
[2020.06.21-15.30.22:883][  0]LogXGEController: Cleaning working directory: C:/Users/artur/AppData/Local/Temp/UnrealXGEWorkingDir/
[2020.06.21-15.30.23:360][  0]LogShaderCompilers: Display: Using XGE Shader Compiler (Interception Interface).
[2020.06.21-15.30.48:206][  0]LogDerivedDataCache: Display: Max Cache Size: 512 MB
[2020.06.21-15.30.49:380][  0]LogDerivedDataCache: Loaded boot cache 1.16s 104MB C:/Users/artur/AppData/Local/UnrealEngine/4.25/DerivedDataCache/Boot.ddc.
[2020.06.21-15.30.49:380][  0]LogDerivedDataCache: Display: Loaded Boot cache: C:/Users/artur/AppData/Local/UnrealEngine/4.25/DerivedDataCache/Boot.ddc
[2020.06.21-15.30.49:402][  0]LogDerivedDataCache: FDerivedDataBackendGraph:  Pak pak cache file ../../../../../../Users/artur/Desktop/GitClones/ProjetoMotores/InvadeTime 4.25/DerivedDataCache/DDC.ddp not found, will not use a pak cache.
[2020.06.21-15.30.49:402][  0]LogDerivedDataCache: Unable to find inner node Pak for hierarchical cache Hierarchy.
[2020.06.21-15.30.49:402][  0]LogDerivedDataCache: FDerivedDataBackendGraph:  CompressedPak pak cache file ../../../../../../Users/artur/Desktop/GitClones/ProjetoMotores/InvadeTime 4.25/DerivedDataCache/Compressed.ddp not found, will not use a pak cache.
[2020.06.21-15.30.49:402][  0]LogDerivedDataCache: Unable to find inner node CompressedPak for hierarchical cache Hierarchy.
[2020.06.21-15.30.49:451][  0]LogDerivedDataCache: Display: Pak cache opened for reading ../../../Engine/DerivedDataCache/Compressed.ddp.
[2020.06.21-15.30.49:451][  0]LogDerivedDataCache: FDerivedDataBackendGraph:  EnterprisePak pak cache file ../../../Enterprise/DerivedDataCache/Compressed.ddp not found, will not use a pak cache.
[2020.06.21-15.30.49:451][  0]LogDerivedDataCache: Unable to find inner node EnterprisePak for hierarchical cache Hierarchy.
[2020.06.21-15.30.49:502][  0]LogDerivedDataCache: Using Local data cache path C:/Users/artur/AppData/Local/UnrealEngine/Common/DerivedDataCache: Writable
[2020.06.21-15.30.49:503][  0]LogDerivedDataCache: Shared data cache path not found in *engine.ini, will not use an Shared cache.
[2020.06.21-15.30.49:503][  0]LogDerivedDataCache: Unable to find inner node Shared for hierarchical cache Hierarchy.
[2020.06.21-15.30.50:114][  0]LogSlate: Using FreeType 2.10.0
[2020.06.21-15.30.50:554][  0]LogSlate: SlateFontServices - WITH_FREETYPE: 1, WITH_HARFBUZZ: 1
[2020.06.21-15.30.54:354][  0]LogAssetRegistry: FAssetRegistry took 0.0141 seconds to start up
[2020.06.21-15.31.04:423][  0]LogInit: Selected Device Profile: [Windows]
[2020.06.21-15.31.09:981][  0]LogMeshReduction: Using QuadricMeshReduction for automatic static mesh reduction
[2020.06.21-15.31.09:981][  0]LogMeshReduction: Using SimplygonMeshReduction for automatic skeletal mesh reduction
[2020.06.21-15.31.09:981][  0]LogMeshReduction: Using ProxyLODMeshReduction for automatic mesh merging
[2020.06.21-15.31.09:981][  0]LogMeshReduction: No distributed automatic mesh merging module available
[2020.06.21-15.31.09:982][  0]LogMeshMerging: No distributed automatic mesh merging module available
[2020.06.21-15.31.11:061][  0]LogNetVersion: InvadeTime 1.0.0, NetCL: 13144385, EngineNetVer: 14, GameNetVer: 0 (Checksum: 3200246280)
[2020.06.21-15.31.52:283][  0]LogAISub: UAISubsystem::UAISubsystem AISubsystem (0000027CE2762940), frame # 0
[2020.06.21-15.31.52:284][  0]LogAISub: UAISubsystem::UAISubsystem AIPerceptionSystem (0000027CE26160C0), frame # 0
[2020.06.21-15.31.52:310][  0]LogAISub: UAISubsystem::UAISubsystem EnvQueryManager (0000027CE2665E00), frame # 0
[2020.06.21-15.31.57:530][  0]LogPackageLocalizationCache: Processed 19 localized package path(s) for 1 prioritized culture(s) in 1.717767 seconds
[2020.06.21-15.31.58:548][  0]LogUObjectArray: 15917 objects as part of root set at end of initial load.
[2020.06.21-15.31.59:238][  0]LogUObjectAllocator: 3965568 out of 0 bytes used by permanent object pool.
[2020.06.21-15.31.59:238][  0]LogUObjectArray: CloseDisregardForGC: 0/0 objects in disregard for GC pool
[2020.06.21-15.32.26:814][  0]LogTcpMessaging: Initializing TcpMessaging bridge
[2020.06.21-15.32.27:578][  0]LogUdpMessaging: Initializing bridge on interface 0.0.0.0:0 to multicast group 230.0.0.1:6666.
[2020.06.21-15.32.31:009][  0]SourceControl: Source control is disabled
[2020.06.21-15.32.31:039][  0]SourceControl: Source control is disabled
[2020.06.21-15.32.31:529][  0]SourceControl: Source control is disabled
[2020.06.21-15.32.31:622][  0]SourceControl: Source control is disabled
[2020.06.21-15.32.32:041][  0]SourceControl: Source control is disabled
[2020.06.21-15.32.39:340][  0]LogAndroidPermission: UAndroidPermissionCallbackProxy::GetInstance
[2020.06.21-15.32.39:722][  0]LogAudioCaptureCore: Display: No Audio Capture implementations found. Audio input will be silent.
[2020.06.21-15.32.39:722][  0]LogAudioCaptureCore: Display: No Audio Capture implementations found. Audio input will be silent.
[2020.06.21-15.32.40:318][  0]LogOcInput: OculusInput pre-init called
[2020.06.21-15.32.40:423][  0]LogWindows: Failed to load 'OVRPlugin.dll' (GetLastError=126)
[2020.06.21-15.32.40:423][  0]LogWindows: File 'OVRPlugin.dll' does not exist
[2020.06.21-15.32.44:095][  0]LogAutomationTest: Warning: Smoke tests took > 2s to run: 2.72s
[2020.06.21-15.32.44:367][  0]LogEngine: Initializing Engine...
[2020.06.21-15.32.44:506][  0]LogHMD: Failed to initialize OpenVR with code 110
[2020.06.21-15.32.44:531][  0]LogMagicLeap: Warning: VR disabled because ZI is not enabled.  To enable, in the editor, Edit -> Project Settings -> Plugins -> Magic Leap Plugin -> Enable Zero Iteration
[2020.06.21-15.32.44:655][  0]LogStats: UGameplayTagsManager::InitializeManager -  0.052 s
[2020.06.21-15.32.46:727][  0]LogInit: Initializing FReadOnlyCVARCache
[2020.06.21-15.32.49:215][  0]LogAIModule: Creating AISystem for world Untitled
[2020.06.21-15.32.49:215][  0]LogAISub: UAISubsystem::UAISubsystem EnvQueryManager (0000027CE54F3C00), frame # 0
[2020.06.21-15.32.49:216][  0]LogAISub: UAISubsystem::UAISubsystem AIPerceptionSystem (0000027CE553A200), frame # 0
[2020.06.21-15.32.50:825][  0]LogAudioMixer: Display: Audio Mixer Platform Settings:
[2020.06.21-15.32.50:825][  0]LogAudioMixer: Display: 	Sample Rate:						  48000
[2020.06.21-15.32.50:825][  0]LogAudioMixer: Display: 	Callback Buffer Frame Size Requested: 1024
[2020.06.21-15.32.50:825][  0]LogAudioMixer: Display: 	Callback Buffer Frame Size To Use:	  1024
[2020.06.21-15.32.50:825][  0]LogAudioMixer: Display: 	Number of buffers to queue:			  2
[2020.06.21-15.32.50:825][  0]LogAudioMixer: Display: 	Max Channels (voices):				  32
[2020.06.21-15.32.50:825][  0]LogAudioMixer: Display: 	Number of Async Source Workers:		  0
[2020.06.21-15.32.50:865][  0]LogAudio: Display: AudioDevice MaxSources: 32
[2020.06.21-15.32.50:874][  0]LogAudio: Display: Using built-in audio occlusion.
[2020.06.21-15.32.50:874][  0]LogAudioMixer: Display: Initializing audio mixer.
[2020.06.21-15.32.52:662][  0]LogAudioMixer: Display: 0: FrontLeft
[2020.06.21-15.32.52:662][  0]LogAudioMixer: Display: 1: FrontRight
[2020.06.21-15.32.56:120][  0]LogAudioMixer: Display: Using Audio Device Alto-falantes (Realtek(R) Audio)
[2020.06.21-15.32.56:156][  0]LogAudioMixer: Display: Initializing Sound Submixes...
[2020.06.21-15.32.56:378][  0]LogAudioMixer: Display: Creating Master Submix 'MasterSubmixDefault'
[2020.06.21-15.32.56:378][  0]LogAudioMixer: Display: Creating Master Submix 'MasterReverbSubmixDefault'
[2020.06.21-15.32.58:933][  0]LogAudioMixer: Display: Creating Master Submix 'MasterEQSubmixDefault'
[2020.06.21-15.32.59:003][  0]LogInit: FAudioDevice initialized.
[2020.06.21-15.32.59:286][  0]LogNetVersion: Set ProjectVersion to 1.0.0.0. Version Checksum will be recalculated on next use.
[2020.06.21-15.33.03:162][  0]LogDerivedDataCache: Saved boot cache 3.88s 104MB C:/Users/artur/AppData/Local/UnrealEngine/4.25/DerivedDataCache/Boot.ddc.
[2020.06.21-15.33.03:209][  0]LogInit: Texture streaming: Enabled
[2020.06.21-15.33.07:849][  0]LogEngineSessionManager: EngineSessionManager initialized
[2020.06.21-15.33.07:873][  0]LogEngineSessionManager: EngineSessionManager sent abnormal shutdown report. Type=AbnormalShutdown, SessionId={37709B3F-4653-7FC8-9425-94A4E2BD11B4}
[2020.06.21-15.33.07:877][  0]LogEditorSessionSummary: Verbose: Initializing EditorSessionSummaryWriter for editor session tracking
[2020.06.21-15.33.08:556][  0]LogEditorSessionSummary: EditorSessionSummaryWriter initialized
[2020.06.21-15.33.10:192][  0]LogInit: Transaction tracking system initialized
[2020.06.21-15.33.11:787][  0]BlueprintLog: New page: Editor Load
[2020.06.21-15.33.13:728][  0]LocalizationService: Localization service is disabled
[2020.06.21-15.33.19:480][  0]LogCook: Display: Max memory allowance for cook 16384mb min free memory 0mb
[2020.06.21-15.33.19:481][  0]LogCook: Display: Mobile HDR setting 1
[2020.06.21-15.33.20:679][  0]LogFileCache: Scanning file cache for directory 'C:/Users/artur/Desktop/GitClones/ProjetoMotores/InvadeTime 4.25/Content/' took 1.00s
[2020.06.21-15.33.32:484][  0]SourceControl: Source control is disabled
[2020.06.21-15.33.32:545][  0]LogUnrealEdMisc: Loading editor; pre map load, took 350.157
[2020.06.21-15.33.32:584][  0]Cmd: MAP LOAD FILE="../../../../../../Users/artur/Desktop/GitClones/ProjetoMotores/InvadeTime 4.25/Content/TopDownBP/Maps/TopDownExampleMap.umap" TEMPLATE=0 SHOWPROGRESS=1 FEATURELEVEL=3
[2020.06.21-15.33.32:806][  0]LightingResults: New page: Lighting Build
[2020.06.21-15.33.33:248][  0]LogWorld: UWorld::CleanupWorld for Untitled, bSessionEnded=true, bCleanupResources=true
[2020.06.21-15.33.33:341][  0]LogSlate: InvalidateAllWidgets triggered.  All widgets were invalidated
[2020.06.21-15.33.33:756][  0]MapCheck: New page: Map Check
[2020.06.21-15.33.33:756][  0]LightingResults: New page: Lighting Build
[2020.06.21-15.33.35:561][  0]LogAISub: UAISubsystem::~UAISubsystem EnvQueryManager (0000027CE54F3C00), frame # 0
[2020.06.21-15.33.35:568][  0]LogAISub: UAISubsystem::~UAISubsystem AIPerceptionSystem (0000027CE553A200), frame # 0
[2020.06.21-15.33.35:643][  0]LogUObjectHash: Compacting FUObjectHashTables data took   1.08ms
[2020.06.21-15.33.45:914][  0]LogAIModule: Creating AISystem for world TopDownExampleMap
[2020.06.21-15.33.45:915][  0]LogAISub: UAISubsystem::UAISubsystem EnvQueryManager (0000027CCEB2D000), frame # 0
[2020.06.21-15.33.45:915][  0]LogAISub: UAISubsystem::UAISubsystem AIPerceptionSystem (0000027CCEB3FB00), frame # 0
[2020.06.21-15.33.47:910][  0]LogMaterial: Display: Material /Game/StarterContent/Materials/M_Water_Ocean.M_Water_Ocean needed to have new flag set bUsedWithSkeletalMesh !
[2020.06.21-15.33.47:929][  0]LogMaterial: Display: Missing cached shader map for material M_Water_Ocean, compiling. 
[2020.06.21-15.33.48:380][  0]MapCheck: Warning: M_Water_Ocean Material /Game/StarterContent/Materials/M_Water_Ocean.M_Water_Ocean was missing the usage flag bUsedWithSkeletalMesh. If the material asset is not re-saved, it may not render correctly when run outside the editor. Fix
[2020.06.21-15.33.52:614][  0]LogEditorServer: Finished looking for orphan Actors (0.000 secs)
[2020.06.21-15.33.53:661][  0]LogNavigationDataBuild: Display:    Building NavData:  Name Default class /Script/NavigationSystem.RecastNavMesh agent radius 35.0.
[2020.06.21-15.33.54:229][  0]LogUObjectHash: Compacting FUObjectHashTables data took   0.90ms
[2020.06.21-15.33.54:297][  0]Cmd: MAP CHECKDEP NOCLEARLOG
[2020.06.21-15.33.54:321][  0]MapCheck: Map check complete: 0 Error(s), 1 Warning(s), took 15.042ms to complete.
[2020.06.21-15.33.55:217][  0]LogFileHelpers: Loading map 'TopDownExampleMap' took 22.637
[2020.06.21-15.33.59:636][  0]LogUnrealEdMisc: Total Editor Startup Time, took 377.248
[2020.06.21-15.34.02:712][  0]LogSlate: Updating window title bar state: overlay mode, drag disabled, window buttons hidden, title bar hidden
[2020.06.21-15.34.02:763][  0]LogSlate: Updating window title bar state: overlay mode, drag disabled, window buttons hidden, title bar hidden
[2020.06.21-15.34.02:771][  0]LogSlate: Updating window title bar state: overlay mode, drag disabled, window buttons hidden, title bar hidden
[2020.06.21-15.34.02:778][  0]LogSlate: Updating window title bar state: overlay mode, drag disabled, window buttons hidden, title bar hidden
[2020.06.21-15.34.03:135][  0]LogCollectionManager: Loaded 0 collections in 0.150845 seconds
[2020.06.21-15.34.03:438][  0]LogFileCache: Scanning file cache for directory 'C:/Users/artur/Desktop/GitClones/ProjetoMotores/InvadeTime 4.25/Saved/Collections/' took 0.00s
[2020.06.21-15.34.03:439][  0]LogFileCache: Scanning file cache for directory 'C:/Users/artur/Desktop/GitClones/ProjetoMotores/InvadeTime 4.25/Content/Developers/artur/Collections/' took 0.00s
[2020.06.21-15.34.03:439][  0]LogFileCache: Scanning file cache for directory 'C:/Users/artur/Desktop/GitClones/ProjetoMotores/InvadeTime 4.25/Content/Collections/' took 0.00s
[2020.06.21-15.34.03:439][  0]LogContentBrowser: Native class hierarchy populated in 0.0117 seconds. Added 3426 classes and 820 folders.
[2020.06.21-15.34.03:798][  0]LogContentBrowser: Native class hierarchy updated for 'WidgetCarousel' in 0.0004 seconds. Added 0 classes and 0 folders.
[2020.06.21-15.34.10:034][  0]LogContentBrowser: Native class hierarchy updated for 'AddContentDialog' in 0.0004 seconds. Added 0 classes and 0 folders.
[2020.06.21-15.34.11:720][  0]LogContentBrowser: Native class hierarchy updated for 'WorldBrowser' in 0.0004 seconds. Added 2 classes and 3 folders.
[2020.06.21-15.34.12:108][  0]LogSlate: Took 0.046986 seconds to synchronously load lazily loaded font '../../../Engine/Content/Slate/Fonts/Roboto-Regular.ttf' (155K)
[2020.06.21-15.34.12:298][  0]LogSlate: Took 0.011333 seconds to synchronously load lazily loaded font '../../../Engine/Content/Slate/Fonts/Roboto-Bold.ttf' (160K)
[2020.06.21-15.34.12:364][  0]LogSlate: Took 0.036266 seconds to synchronously load lazily loaded font '../../../Engine/Content/Editor/Slate/Fonts/FontAwesome.ttf' (139K)
[2020.06.21-15.34.13:391][  0]LogRenderer: Reallocating scene render targets to support 964x436 Format 10 NumSamples 1 (Frame:1).
[2020.06.21-15.34.15:022][  0]LogContentBrowser: Native class hierarchy updated for 'HierarchicalLODOutliner' in 0.0003 seconds. Added 0 classes and 0 folders.
[2020.06.21-15.34.15:022][  0]LogLoad: (Engine Initialization) Total time: 392.63 seconds
[2020.06.21-15.34.15:022][  0]LogLoad: (Engine Initialization) Total Blueprint compile time: 0.00 seconds
[2020.06.21-15.34.15:735][  0]LogContentStreaming: Texture pool size now 1000 MB
[2020.06.21-15.34.16:243][  0]LogSlate: Took 0.081991 seconds to synchronously load lazily loaded font '../../../Engine/Content/Slate/Fonts/Roboto-Light.ttf' (167K)
[2020.06.21-15.34.17:077][  2]LogAssetRegistry: Asset discovery search completed in 202.7295 seconds
[2020.06.21-15.34.17:083][  2]LogCollectionManager: Fixed up redirectors for 0 collections in 0.000003 seconds (updated 0 objects)
[2020.06.21-16.15.44:677][499]LogSlate: Took 0.017003 seconds to synchronously load lazily loaded font '../../../Engine/Content/Slate/Fonts/Roboto-Light.ttf' (167K)
[2020.06.21-16.15.44:975][499]LogAssetEditorSubsystem: Opening Asset editor for World /Game/TopDownBP/Maps/LoadingPersistentLVs.LoadingPersistentLVs
[2020.06.21-16.15.45:000][499]LogUObjectHash: Compacting FUObjectHashTables data took   0.93ms
[2020.06.21-16.15.45:003][499]Cmd: MAP LOAD FILE="../../../../../../Users/artur/Desktop/GitClones/ProjetoMotores/InvadeTime 4.25/Content/TopDownBP/Maps/LoadingPersistentLVs.umap" TEMPLATE=0 SHOWPROGRESS=1 FEATURELEVEL=3
[2020.06.21-16.15.45:004][499]LightingResults: New page: Lighting Build
[2020.06.21-16.15.45:004][499]LoadErrors: New page: Loading map: LoadingPersistentLVs.umap
[2020.06.21-16.15.45:114][499]LogWorld: UWorld::CleanupWorld for TopDownExampleMap, bSessionEnded=true, bCleanupResources=true
[2020.06.21-16.15.45:131][499]LogSlate: InvalidateAllWidgets triggered.  All widgets were invalidated
[2020.06.21-16.15.45:283][499]MapCheck: New page: Map Check
[2020.06.21-16.15.45:283][499]LightingResults: New page: Lighting Build
[2020.06.21-16.15.45:397][499]LogAISub: UAISubsystem::~UAISubsystem EnvQueryManager (0000027CCEB2D000), frame # 148499
[2020.06.21-16.15.45:397][499]LogAISub: UAISubsystem::~UAISubsystem AIPerceptionSystem (0000027CCEB3FB00), frame # 148499
[2020.06.21-16.15.45:399][499]LogUObjectHash: Compacting FUObjectHashTables data took   1.74ms
[2020.06.21-16.15.45:478][499]LogStreaming: Display: ULevelStreaming::RequestLevel(/Game/TopDownBP/Maps/Artur) is flushing async loading
[2020.06.21-16.15.45:479][499]LogStreaming: Display: Flushing async loaders.
[2020.06.21-16.15.45:973][499]LogStreaming: Display: ULevelStreaming::RequestLevel(/Game/TopDownBP/Maps/InvadeTimeBeta) is flushing async loading
[2020.06.21-16.15.46:829][499]LogMaterial: Display: Missing cached shader map for material Meu, compiling. 
[2020.06.21-16.15.46:850][499]LogMaterial: Display: Missing cached shader map for material lambert6, compiling. 
[2020.06.21-16.15.46:889][499]LogMaterial: Display: Missing cached shader map for material lambert7, compiling. 
[2020.06.21-16.15.46:925][499]LogMaterial: Display: Missing cached shader map for material lambert1, compiling. 
[2020.06.21-16.15.46:935][499]LogMaterial: Display: Missing cached shader map for material lambert9, compiling. 
[2020.06.21-16.15.46:963][499]LogMaterial: Display: Missing cached shader map for material lambert11, compiling. 
[2020.06.21-16.15.47:025][499]LogMaterial: Display: Missing cached shader map for material lambert8, compiling. 
[2020.06.21-16.15.47:050][499]LogStreaming: Display: ULevelStreaming::RequestLevel(/Game/TopDownBP/Maps/MenuScene) is flushing async loading
[2020.06.21-16.15.47:811][499]LogStreaming: Display: ULevelStreaming::RequestLevel(/Game/TopDownBP/Maps/LoadScreen) is flushing async loading
[2020.06.21-16.15.48:225][499]LogEditorServer: Finished looking for orphan Actors (0.000 secs)
[2020.06.21-16.15.48:226][499]LogAIModule: Creating AISystem for world LoadingPersistentLVs
[2020.06.21-16.15.48:226][499]LogAISub: UAISubsystem::UAISubsystem EnvQueryManager (0000027C90F81800), frame # 148499
[2020.06.21-16.15.48:226][499]LogAISub: UAISubsystem::UAISubsystem AIPerceptionSystem (0000027C8F862340), frame # 148499
[2020.06.21-16.15.48:265][499]LogUObjectHash: Compacting FUObjectHashTables data took   3.71ms
[2020.06.21-16.15.48:365][499]Cmd: MAP CHECKDEP NOCLEARLOG
[2020.06.21-16.15.48:366][499]MapCheck: Map check complete: 0 Error(s), 0 Warning(s), took 0.92ms to complete.
[2020.06.21-16.15.48:366][499]LogFileHelpers: Loading map 'LoadingPersistentLVs' took 3.364
[2020.06.21-16.15.54:487][772]LogMaterial: Display: Missing cached shader map for material lambert10, compiling. 
[2020.06.21-16.15.58:971][952]LogCrowdFollowing: Error: Unable to find RecastNavMesh instance while trying to create UCrowdManager instance
[2020.06.21-16.15.59:188][952]LogNavigation: Warning: ConstructTiledNavMesh: Failed to create navmesh of size 0.
[2020.06.21-16.15.59:190][952]LogNavigation: Warning: ConstructTiledNavMesh: Failed to create navmesh of size 0.
[2020.06.21-16.17.13:170][ 88]LogSlate: Window 'Remove Level' being destroyed
[2020.06.21-16.17.13:318][ 88]LogWorld: UWorld::CleanupWorld for InvadeTimeBeta, bSessionEnded=true, bCleanupResources=true
[2020.06.21-16.17.13:318][ 88]LogSlate: InvalidateAllWidgets triggered.  All widgets were invalidated
[2020.06.21-16.17.13:508][ 88]LogUObjectHash: Compacting FUObjectHashTables data took   1.09ms
[2020.06.21-16.17.13:541][ 88]LogUObjectHash: Compacting FUObjectHashTables data took   0.67ms
[2020.06.21-16.17.13:542][ 88]MapCheck: New page: Map Check
[2020.06.21-16.17.13:542][ 88]LightingResults: New page: Lighting Build
[2020.06.21-16.17.13:551][ 88]LogUObjectHash: Compacting FUObjectHashTables data took   0.27ms
[2020.06.21-16.17.13:562][ 88]LogUObjectHash: Compacting FUObjectHashTables data took   0.25ms
[2020.06.21-16.17.13:564][ 88]LogPackageName: Error: DoesPackageExist: DoesPackageExist FAILED: '' is not a standard unreal filename or a long path name. Reason: Path should be no less than 4 characters long.
[2020.06.21-16.17.13:564][ 88]LogPackageName: Error: DoesPackageExist: DoesPackageExist FAILED: '' is not a standard unreal filename or a long path name. Reason: Path should be no less than 4 characters long.
[2020.06.21-16.17.13:566][ 88]LogPackageName: Error: DoesPackageExist: DoesPackageExist FAILED: '' is not a standard unreal filename or a long path name. Reason: Path should be no less than 4 characters long.
[2020.06.21-16.17.13:570][ 88]LogPackageName: Error: DoesPackageExist: DoesPackageExist FAILED: '' is not a standard unreal filename or a long path name. Reason: Path should be no less than 4 characters long.
[2020.06.21-16.17.13:573][ 88]LogPackageName: Error: DoesPackageExist: DoesPackageExist FAILED: '' is not a standard unreal filename or a long path name. Reason: Path should be no less than 4 characters long.
[2020.06.21-16.17.21:623][427]LogSlate: Window 'Remove Level' being destroyed
[2020.06.21-16.17.21:632][427]LogWorld: UWorld::CleanupWorld for Artur, bSessionEnded=true, bCleanupResources=true
[2020.06.21-16.17.21:632][427]LogSlate: InvalidateAllWidgets triggered.  All widgets were invalidated
[2020.06.21-16.17.21:837][427]LogUObjectHash: Compacting FUObjectHashTables data took   1.73ms
[2020.06.21-16.17.21:863][427]LogUObjectHash: Compacting FUObjectHashTables data took   0.81ms
[2020.06.21-16.17.21:865][427]MapCheck: New page: Map Check
[2020.06.21-16.17.21:865][427]LightingResults: New page: Lighting Build
[2020.06.21-16.17.21:874][427]LogUObjectHash: Compacting FUObjectHashTables data took   0.37ms
[2020.06.21-16.17.21:883][427]LogUObjectHash: Compacting FUObjectHashTables data took   0.30ms
[2020.06.21-16.17.30:709][912]LogAssetEditorSubsystem: Opening Asset editor for LevelScriptBlueprint /Game/TopDownBP/Maps/BetaMap.BetaMap:PersistentLevel.BetaMap
[2020.06.21-16.17.32:801][912]LogContentBrowser: Native class hierarchy updated for 'BlueprintGraph' in 0.0008 seconds. Added 125 classes and 0 folders.
[2020.06.21-16.17.35:166][912]LogSlate: Took 0.037538 seconds to synchronously load lazily loaded font '../../../Engine/Content/Slate/Fonts/Roboto-BoldCondensed.ttf' (158K)
[2020.06.21-16.17.40:954][211]LogSlate: Window 'BetaMap' being destroyed
[2020.06.21-16.17.40:991][211]LogWorld: UWorld::CleanupWorld for World_0, bSessionEnded=true, bCleanupResources=true
[2020.06.21-16.17.40:992][211]LogSlate: InvalidateAllWidgets triggered.  All widgets were invalidated
[2020.06.21-16.19.38:437][137]LogAssetEditorSubsystem: Opening Asset editor for WidgetBlueprint /Game/TopDownBP/Maps/UI/MainMenu.MainMenu
[2020.06.21-16.20.17:169][975]BlueprintLog: New page: Compile MainMenu
[2020.06.21-16.20.17:846][975]LogUObjectHash: Compacting FUObjectHashTables data took   3.82ms
[2020.06.21-16.20.18:078][975]LogSlate: Took 0.029721 seconds to synchronously load lazily loaded font '../../../Engine/Content/Slate/Fonts/DroidSansMono.ttf' (77K)
[2020.06.21-16.20.19:662][ 34]Cmd: OBJ SAVEPACKAGE PACKAGE="/Game/TopDownBP/Maps/UI/MainMenu" FILE="../../../../../../Users/artur/Desktop/GitClones/ProjetoMotores/InvadeTime 4.25/Content/TopDownBP/Maps/UI/MainMenu.uasset" SILENT=true
[2020.06.21-16.20.21:567][ 34]LogSavePackage: Moving '../../../../../../Users/artur/Desktop/GitClones/ProjetoMotores/InvadeTime 4.25/Saved/MainMenu879F23A649EC6F35295534B3916AABD7.tmp' to '../../../../../../Users/artur/Desktop/GitClones/ProjetoMotores/InvadeTime 4.25/Content/TopDownBP/Maps/UI/MainMenu.uasset'
[2020.06.21-16.20.22:258][ 34]AssetCheck: New page: Asset Save: MainMenu
[2020.06.21-16.20.22:258][ 34]LogContentValidation: Display: Validating WidgetBlueprint /Game/TopDownBP/Maps/UI/MainMenu.MainMenu
[2020.06.21-16.20.22:636][ 57]LogSlate: Window 'MainMenu' being destroyed
[2020.06.21-16.20.23:171][ 57]LogWorld: UWorld::CleanupWorld for World_2, bSessionEnded=true, bCleanupResources=true
[2020.06.21-16.20.23:171][ 57]LogSlate: InvalidateAllWidgets triggered.  All widgets were invalidated
[2020.06.21-16.20.23:213][ 57]LogWorld: UWorld::CleanupWorld for World_1, bSessionEnded=true, bCleanupResources=true
[2020.06.21-16.20.23:213][ 57]LogSlate: InvalidateAllWidgets triggered.  All widgets were invalidated
[2020.06.21-16.21.00:152][269]LogTemp: Repeating last play command: Selected Viewport
[2020.06.21-16.21.01:403][269]LogPlayLevel: PlayLevel: No blueprints needed recompiling
[2020.06.21-16.21.01:648][269]PIE: New page: PIE session: LoadingPersistentLVs (Jun 21, 2020, 10:21:01 AM)
[2020.06.21-16.21.02:382][269]LogOnline: OSS: Creating online subsystem instance for: NULL
[2020.06.21-16.21.02:420][269]LogOnline: OSS: TryLoadSubsystemAndSetDefault: Loaded subsystem for module [NULL]
[2020.06.21-16.21.02:466][269]LogPlayLevel: Creating play world package: /Game/TopDownBP/Maps/UEDPIE_0_LoadingPersistentLVs
[2020.06.21-16.21.02:582][269]LogPlayLevel: PIE: StaticDuplicateObject took: (0.115054s)
[2020.06.21-16.21.02:632][269]LogAIModule: Creating AISystem for world LoadingPersistentLVs
[2020.06.21-16.21.02:632][269]LogAISub: UAISubsystem::UAISubsystem EnvQueryManager (0000027CD6F69800), frame # 165269
[2020.06.21-16.21.02:632][269]LogAISub: UAISubsystem::UAISubsystem AIPerceptionSystem (0000027C83790400), frame # 165269
[2020.06.21-16.21.02:633][269]LogPlayLevel: PIE: World Init took: (0.050864s)
[2020.06.21-16.21.02:633][269]LogPlayLevel: PIE: Created PIE world by copying editor world from /Game/TopDownBP/Maps/LoadingPersistentLVs.LoadingPersistentLVs to /Game/TopDownBP/Maps/UEDPIE_0_LoadingPersistentLVs.LoadingPersistentLVs (0.166585s)
[2020.06.21-16.21.02:711][269]LogUObjectHash: Compacting FUObjectHashTables data took   3.55ms
[2020.06.21-16.21.02:792][269]LogAudioMixer: Display: Audio Mixer Platform Settings:
[2020.06.21-16.21.02:793][269]LogAudioMixer: Display: 	Sample Rate:						  48000
[2020.06.21-16.21.02:793][269]LogAudioMixer: Display: 	Callback Buffer Frame Size Requested: 1024
[2020.06.21-16.21.02:793][269]LogAudioMixer: Display: 	Callback Buffer Frame Size To Use:	  1024
[2020.06.21-16.21.02:793][269]LogAudioMixer: Display: 	Number of buffers to queue:			  2
[2020.06.21-16.21.02:793][269]LogAudioMixer: Display: 	Max Channels (voices):				  32
[2020.06.21-16.21.02:793][269]LogAudioMixer: Display: 	Number of Async Source Workers:		  0
[2020.06.21-16.21.02:793][269]LogAudio: Display: AudioDevice MaxSources: 32
[2020.06.21-16.21.02:793][269]LogAudio: Display: Using built-in audio occlusion.
[2020.06.21-16.21.02:794][269]LogAudioMixer: Display: Initializing audio mixer.
[2020.06.21-16.21.02:957][269]LogAudioMixer: Display: 0: FrontLeft
[2020.06.21-16.21.02:957][269]LogAudioMixer: Display: 1: FrontRight
[2020.06.21-16.21.03:022][269]LogAudioMixer: Display: Using Audio Device Alto-falantes (Realtek(R) Audio)
[2020.06.21-16.21.03:022][269]LogAudioMixer: Display: Initializing Sound Submixes...
[2020.06.21-16.21.03:022][269]LogAudioMixer: Display: Creating Master Submix 'MasterSubmixDefault'
[2020.06.21-16.21.03:022][269]LogAudioMixer: Display: Creating Master Submix 'MasterReverbSubmixDefault'
[2020.06.21-16.21.03:023][269]LogAudioMixer: Display: Creating Master Submix 'MasterEQSubmixDefault'
[2020.06.21-16.21.03:039][269]LogInit: FAudioDevice initialized.
[2020.06.21-16.21.03:076][269]LogLoad: Game class is 'MainMenuGM_C'
[2020.06.21-16.21.03:092][269]LogWorld: Bringing World /Game/TopDownBP/Maps/UEDPIE_0_LoadingPersistentLVs.LoadingPersistentLVs up for play (max tick rate 60) at 2020.06.21-13.21.03
[2020.06.21-16.21.03:111][269]LogWorld: Bringing up level for play took: 0.018820
[2020.06.21-16.21.03:115][269]LogOnline: OSS: Creating online subsystem instance for: :Context_4
[2020.06.21-16.21.03:351][269]LogContentBrowser: Native class hierarchy updated for 'MovieSceneCapture' in 0.0010 seconds. Added 20 classes and 0 folders.
[2020.06.21-16.21.03:436][269]LogLevel: ActivateLevel /Game/TopDownBP/Maps/UEDPIE_0_LoadScreen 1 1 0
[2020.06.21-16.21.03:497][269]PIE: Server logged in
[2020.06.21-16.21.03:501][269]PIE: Play in editor total start time 3.086 seconds.
[2020.06.21-16.21.03:536][269]LogLevelStreaming: Display: FStreamLevelAction::UpdateOperation() LevelName LoadScreen, bIsLevelValid 1
[2020.06.21-16.21.04:083][270]LogLevelStreaming: Display: FStreamLevelAction::UpdateOperation() LevelName LoadScreen, bIsLevelValid 1
[2020.06.21-16.21.04:097][271]LogLevelStreaming: Display: FStreamLevelAction::UpdateOperation() LevelName LoadScreen, bIsLevelValid 1
[2020.06.21-16.21.04:431][271]LogLevel: ActivateLevel /Game/TopDownBP/Maps/UEDPIE_0_MenuScene 1 1 0
[2020.06.21-16.21.04:432][271]LogLevelStreaming: Display: FStreamLevelAction::UpdateOperation() LevelName MenuScene, bIsLevelValid 1
[2020.06.21-16.21.04:715][271]LogStreaming: Display: UWorld::AddToWorld: updating components for /Game/TopDownBP/Maps/UEDPIE_0_MenuScene took (less than) 34.65 ms
[2020.06.21-16.21.05:247][272]LogLevelStreaming: Display: FStreamLevelAction::UpdateOperation() LevelName MenuScene, bIsLevelValid 1
[2020.06.21-16.21.05:360][272]LogStreaming: Display: UWorld::AddToWorld: updating components for /Game/TopDownBP/Maps/UEDPIE_0_MenuScene took (less than) 113.42 ms
[2020.06.21-16.21.05:405][273]LogLevelStreaming: Display: FStreamLevelAction::UpdateOperation() LevelName MenuScene, bIsLevelValid 1
[2020.06.21-16.21.05:416][274]LogLevelStreaming: Display: FStreamLevelAction::UpdateOperation() LevelName MenuScene, bIsLevelValid 1
[2020.06.21-16.21.05:662][274]LogStreaming: Display: UWorld::AddToWorld: routing Initialize on actors for /Game/TopDownBP/Maps/UEDPIE_0_MenuScene took (less than) 246.31 ms
[2020.06.21-16.21.05:672][275]LogLevelStreaming: Display: FStreamLevelAction::UpdateOperation() LevelName MenuScene, bIsLevelValid 1
[2020.06.21-16.21.05:733][276]LogLevelStreaming: Display: FStreamLevelAction::UpdateOperation() LevelName MenuScene, bIsLevelValid 1
[2020.06.21-16.21.08:389][352]PIE: Warning: The widget 'MainMenu_C' was already added to the screen.
[2020.06.21-16.21.08:389][352]LogLevel: ActivateLevel /Game/TopDownBP/Maps/UEDPIE_0_LoadScreen 0 0 0
[2020.06.21-16.21.09:013][353]LogUObjectHash: Compacting FUObjectHashTables data took   4.17ms
[2020.06.21-16.21.10:922][463]LogLevel: ActivateLevel /Game/TopDownBP/Maps/UEDPIE_0_MenuScene 0 0 1
[2020.06.21-16.21.10:923][463]LogLevelStreaming: Display: FStreamLevelAction::UpdateOperation() LevelName MenuScene, bIsLevelValid 1
[2020.06.21-16.21.11:102][464]LogUObjectHash: Compacting FUObjectHashTables data took   3.72ms
[2020.06.21-16.21.11:104][464]LogLevelStreaming: Display: FStreamLevelAction::UpdateOperation() LevelName MenuScene, bIsLevelValid 1
[2020.06.21-16.21.11:221][465]LogNet: Browse: /Game/TopDownBP/Maps/BetaMap
[2020.06.21-16.21.11:340][465]LogLoad: LoadMap: /Game/TopDownBP/Maps/BetaMap
[2020.06.21-16.21.11:340][465]LogWorld: BeginTearingDown for /Game/TopDownBP/Maps/UEDPIE_0_LoadingPersistentLVs
[2020.06.21-16.21.11:486][465]LogWorld: UWorld::CleanupWorld for LoadingPersistentLVs, bSessionEnded=true, bCleanupResources=true
[2020.06.21-16.21.11:487][465]LogSlate: InvalidateAllWidgets triggered.  All widgets were invalidated
[2020.06.21-16.21.11:505][465]LogAudioMixer: Display: No commands were queued while flushing the source manager.
[2020.06.21-16.21.11:523][465]LogAISub: UAISubsystem::~UAISubsystem AIPerceptionSystem (0000027C83790400), frame # 165465
[2020.06.21-16.21.11:523][465]LogAISub: UAISubsystem::~UAISubsystem EnvQueryManager (0000027CD6F69800), frame # 165465
[2020.06.21-16.21.11:526][465]LogUObjectHash: Compacting FUObjectHashTables data took   1.46ms
[2020.06.21-16.21.11:610][465]LogPlayLevel: Creating play world package: /Game/TopDownBP/Maps/UEDPIE_0_BetaMap
[2020.06.21-16.21.11:702][465]LogPlayLevel: PIE: StaticDuplicateObject took: (0.093243s)
[2020.06.21-16.21.11:704][465]LogAIModule: Creating AISystem for world BetaMap
[2020.06.21-16.21.11:704][465]LogAISub: UAISubsystem::UAISubsystem EnvQueryManager (0000027C843F1600), frame # 165465
[2020.06.21-16.21.11:704][465]LogAISub: UAISubsystem::UAISubsystem AIPerceptionSystem (0000027C83790900), frame # 165465
[2020.06.21-16.21.11:704][465]LogPlayLevel: PIE: World Init took: (0.001967s)
[2020.06.21-16.21.11:705][465]LogPlayLevel: PIE: Created PIE world by copying editor world from /Game/TopDownBP/Maps/BetaMap.BetaMap to /Game/TopDownBP/Maps/UEDPIE_0_BetaMap.BetaMap (0.095643s)
[2020.06.21-16.21.11:705][465]LogLoad: Game class is 'TopDownGameMode_C'
[2020.06.21-16.21.11:741][465]LogWorld: Bringing World /Game/TopDownBP/Maps/UEDPIE_0_BetaMap.BetaMap up for play (max tick rate 60) at 2020.06.21-13.21.11
[2020.06.21-16.21.12:528][465]LogWorld: Bringing up level for play took: 0.821198
[2020.06.21-16.21.12:999][465]LogBlueprintUserMessages: [CameraBlueprint_4] COMECAR
[2020.06.21-16.21.13:074][465]LogLoad: Took 1.733255 seconds to LoadMap(/Game/TopDownBP/Maps/UEDPIE_0_BetaMap)
[2020.06.21-16.21.45:597][318]LogNet: Browse: /Game/TopDownBP/Maps/BetaMap
[2020.06.21-16.21.45:597][318]LogLoad: LoadMap: /Game/TopDownBP/Maps/BetaMap
[2020.06.21-16.21.45:597][318]LogWorld: BeginTearingDown for /Game/TopDownBP/Maps/UEDPIE_0_BetaMap
[2020.06.21-16.21.45:610][318]LogWorld: UWorld::CleanupWorld for BetaMap, bSessionEnded=true, bCleanupResources=true
[2020.06.21-16.21.45:613][318]LogSlate: InvalidateAllWidgets triggered.  All widgets were invalidated
[2020.06.21-16.21.45:622][318]LogAudioMixer: Display: Flush succeeded in the source manager command queue (1).
[2020.06.21-16.21.45:642][318]LogAudioMixer: Display: Flush succeeded the source manager command queue (2).
[2020.06.21-16.21.45:666][318]LogAISub: UAISubsystem::~UAISubsystem AIPerceptionSystem (0000027C83790900), frame # 167318
[2020.06.21-16.21.45:666][318]LogAISub: UAISubsystem::~UAISubsystem EnvQueryManager (0000027C843F1600), frame # 167318
[2020.06.21-16.21.45:680][318]LogUObjectHash: Compacting FUObjectHashTables data took   1.96ms
[2020.06.21-16.21.45:683][318]LogPlayLevel: Creating play world package: /Game/TopDownBP/Maps/UEDPIE_0_BetaMap
[2020.06.21-16.21.45:721][318]LogPlayLevel: PIE: StaticDuplicateObject took: (0.038142s)
[2020.06.21-16.21.45:723][318]LogAIModule: Creating AISystem for world BetaMap
[2020.06.21-16.21.45:723][318]LogAISub: UAISubsystem::UAISubsystem EnvQueryManager (0000027C9CF85C00), frame # 167318
[2020.06.21-16.21.45:724][318]LogAISub: UAISubsystem::UAISubsystem AIPerceptionSystem (0000027CFAD68400), frame # 167318
[2020.06.21-16.21.45:724][318]LogPlayLevel: PIE: World Init took: (0.003024s)
[2020.06.21-16.21.45:724][318]LogPlayLevel: PIE: Created PIE world by copying editor world from /Game/TopDownBP/Maps/BetaMap.BetaMap to /Game/TopDownBP/Maps/UEDPIE_0_BetaMap.BetaMap (0.041672s)
[2020.06.21-16.21.45:725][318]LogLoad: Game class is 'TopDownGameMode_C'
[2020.06.21-16.21.45:800][318]LogWorld: Bringing World /Game/TopDownBP/Maps/UEDPIE_0_BetaMap.BetaMap up for play (max tick rate 60) at 2020.06.21-13.21.45
[2020.06.21-16.21.45:801][318]LogWorld: Bringing up level for play took: 0.075521
[2020.06.21-16.21.45:806][318]LogBlueprintUserMessages: [CameraBlueprint_4] COMECAR
[2020.06.21-16.21.45:807][318]LogLoad: Took 0.209897 seconds to LoadMap(/Game/TopDownBP/Maps/UEDPIE_0_BetaMap)
[2020.06.21-16.22.43:763][771]LogAudioMixer: Display: No commands were queued while flushing the source manager.
[2020.06.21-16.22.43:771][771]LogAudioMixer: Display: Flush succeeded in the source manager command queue (1).
[2020.06.21-16.22.43:791][771]LogAudioMixer: Display: Flush succeeded the source manager command queue (2).
[2020.06.21-16.22.44:441][771]LogSlate: Updating window title bar state: overlay mode, drag disabled, window buttons hidden, title bar hidden
[2020.06.21-16.22.44:441][771]LogWorld: BeginTearingDown for /Game/TopDownBP/Maps/UEDPIE_0_BetaMap
[2020.06.21-16.22.44:441][771]LogAudioMixer: Display: No commands were queued while flushing the source manager.
[2020.06.21-16.22.44:442][771]LogWorld: UWorld::CleanupWorld for BetaMap, bSessionEnded=true, bCleanupResources=true
[2020.06.21-16.22.44:447][771]LogSlate: InvalidateAllWidgets triggered.  All widgets were invalidated
[2020.06.21-16.22.44:522][771]LogPlayLevel: Display: Shutting down PIE online subsystems
[2020.06.21-16.22.44:551][771]LogSlate: InvalidateAllWidgets triggered.  All widgets were invalidated
[2020.06.21-16.22.44:596][771]LogAudioMixer: Display: No commands were queued while flushing the source manager.
[2020.06.21-16.22.44:684][771]LogSlate: Updating window title bar state: overlay mode, drag disabled, window buttons hidden, title bar hidden
[2020.06.21-16.22.44:697][771]LogAISub: UAISubsystem::~UAISubsystem AIPerceptionSystem (0000027CFAD68400), frame # 170771
[2020.06.21-16.22.44:698][771]LogAISub: UAISubsystem::~UAISubsystem EnvQueryManager (0000027C9CF85C00), frame # 170771
[2020.06.21-16.22.44:713][771]LogUObjectHash: Compacting FUObjectHashTables data took   2.67ms
[2020.06.21-16.22.44:962][772]LogPlayLevel: Display: Destroying online subsystem :Context_4
[2020.06.21-16.22.48:731][992]LogSlate: Window 'Message Log' being destroyed
[2020.06.21-16.22.48:748][992]LogSlate: Window 'Message Log' being destroyed
[2020.06.21-16.23.05:241][916]LogUObjectHash: Compacting FUObjectHashTables data took   2.39ms
[2020.06.21-16.23.05:360][916]LogSavePackage: Moving '../../../../../../Users/artur/Desktop/GitClones/ProjetoMotores/InvadeTime 4.25/Saved/LoadingPersistentLVs21B55C964CBA0B1A8FD7BFB6C3ACDA87.tmp' to '../../../../../../Users/artur/Desktop/GitClones/ProjetoMotores/InvadeTime 4.25/Content/TopDownBP/Maps/LoadingPersistentLVs.umap'
[2020.06.21-16.23.05:541][916]AssetCheck: New page: Asset Save: LoadingPersistentLVs
[2020.06.21-16.23.05:541][916]LogContentValidation: Display: Validating World /Game/TopDownBP/Maps/LoadingPersistentLVs.LoadingPersistentLVs
